TimeQuest Timing Analyzer report for nhan_cong
Wed Oct 27 09:29:32 2021
Quartus II 64-Bit Version 13.0.0 Build 156 04/24/2013 SJ Web Edition


---------------------
; Table of Contents ;
---------------------
  1. Legal Notice
  2. TimeQuest Timing Analyzer Summary
  3. Parallel Compilation
  4. Clocks
  5. Slow Model Fmax Summary
  6. Slow Model Setup Summary
  7. Slow Model Hold Summary
  8. Slow Model Recovery Summary
  9. Slow Model Removal Summary
 10. Slow Model Minimum Pulse Width Summary
 11. Propagation Delay
 12. Minimum Propagation Delay
 13. Fast Model Setup Summary
 14. Fast Model Hold Summary
 15. Fast Model Recovery Summary
 16. Fast Model Removal Summary
 17. Fast Model Minimum Pulse Width Summary
 18. Propagation Delay
 19. Minimum Propagation Delay
 20. Multicorner Timing Analysis Summary
 21. Progagation Delay
 22. Minimum Progagation Delay
 23. Clock Transfers
 24. Report TCCS
 25. Report RSKM
 26. Unconstrained Paths
 27. TimeQuest Timing Analyzer Messages



----------------
; Legal Notice ;
----------------
Copyright (C) 1991-2013 Altera Corporation
Your use of Altera Corporation's design tools, logic functions 
and other software and tools, and its AMPP partner logic 
functions, and any output files from any of the foregoing 
(including device programming or simulation files), and any 
associated documentation or information are expressly subject 
to the terms and conditions of the Altera Program License 
Subscription Agreement, Altera MegaCore Function License 
Agreement, or other applicable license agreement, including, 
without limitation, that your use is for the sole purpose of 
programming logic devices manufactured by Altera and sold by 
Altera or its authorized distributors.  Please refer to the 
applicable agreement for further details.



+-------------------------------------------------------------------------+
; TimeQuest Timing Analyzer Summary                                       ;
+--------------------+----------------------------------------------------+
; Quartus II Version ; Version 13.0.0 Build 156 04/24/2013 SJ Web Edition ;
; Revision Name      ; nhan_cong                                          ;
; Device Family      ; Cyclone II                                         ;
; Device Name        ; EP2C35F672C6                                       ;
; Timing Models      ; Final                                              ;
; Delay Model        ; Combined                                           ;
; Rise/Fall Delays   ; Unavailable                                        ;
+--------------------+----------------------------------------------------+


Parallel compilation was disabled, but you have multiple processors available. Enable parallel compilation to reduce compilation time.
+-------------------------------------+
; Parallel Compilation                ;
+----------------------------+--------+
; Processors                 ; Number ;
+----------------------------+--------+
; Number detected on machine ; 4      ;
; Maximum allowed            ; 1      ;
+----------------------------+--------+


----------
; Clocks ;
----------
No clocks to report.


---------------------------
; Slow Model Fmax Summary ;
---------------------------
No paths to report.


----------------------------
; Slow Model Setup Summary ;
----------------------------
No paths to report.


---------------------------
; Slow Model Hold Summary ;
---------------------------
No paths to report.


-------------------------------
; Slow Model Recovery Summary ;
-------------------------------
No paths to report.


------------------------------
; Slow Model Removal Summary ;
------------------------------
No paths to report.


------------------------------------------
; Slow Model Minimum Pulse Width Summary ;
------------------------------------------
No paths to report.


+--------------------------------------------------------------+
; Propagation Delay                                            ;
+------------+-------------+--------+--------+--------+--------+
; Input Port ; Output Port ; RR     ; RF     ; FR     ; FF     ;
+------------+-------------+--------+--------+--------+--------+
; A[0]       ; P[0]        ; 7.451  ; 7.451  ; 7.451  ; 7.451  ;
; A[0]       ; P[1]        ; 8.115  ; 8.115  ; 8.115  ; 8.115  ;
; A[0]       ; P[2]        ; 9.113  ; 9.113  ; 9.113  ; 9.113  ;
; A[0]       ; P[3]        ; 9.924  ; 9.924  ; 9.924  ; 9.924  ;
; A[0]       ; P[4]        ; 10.608 ; 10.608 ; 10.608 ; 10.608 ;
; A[0]       ; P[5]        ; 11.424 ; 11.424 ; 11.424 ; 11.424 ;
; A[0]       ; P[6]        ; 12.061 ; 12.061 ; 12.061 ; 12.061 ;
; A[0]       ; P[7]        ; 12.752 ; 12.752 ; 12.752 ; 12.752 ;
; A[0]       ; P[8]        ; 12.762 ; 12.762 ; 12.762 ; 12.762 ;
; A[1]       ; P[1]        ; 10.718 ; 10.718 ; 10.718 ; 10.718 ;
; A[1]       ; P[2]        ; 12.362 ; 12.362 ; 12.362 ; 12.362 ;
; A[1]       ; P[3]        ; 13.185 ; 13.185 ; 13.185 ; 13.185 ;
; A[1]       ; P[4]        ; 13.869 ; 13.869 ; 13.869 ; 13.869 ;
; A[1]       ; P[5]        ; 14.685 ; 14.685 ; 14.685 ; 14.685 ;
; A[1]       ; P[6]        ; 15.322 ; 15.322 ; 15.322 ; 15.322 ;
; A[1]       ; P[7]        ; 16.013 ; 16.013 ; 16.013 ; 16.013 ;
; A[1]       ; P[8]        ; 16.023 ; 16.023 ; 16.023 ; 16.023 ;
; A[2]       ; P[2]        ; 11.811 ; 11.811 ; 11.811 ; 11.811 ;
; A[2]       ; P[3]        ; 12.562 ; 12.562 ; 12.562 ; 12.562 ;
; A[2]       ; P[4]        ; 13.246 ; 13.246 ; 13.246 ; 13.246 ;
; A[2]       ; P[5]        ; 14.062 ; 14.062 ; 14.062 ; 14.062 ;
; A[2]       ; P[6]        ; 14.699 ; 14.699 ; 14.699 ; 14.699 ;
; A[2]       ; P[7]        ; 15.390 ; 15.390 ; 15.390 ; 15.390 ;
; A[2]       ; P[8]        ; 15.400 ; 15.400 ; 15.400 ; 15.400 ;
; A[3]       ; P[3]        ; 12.425 ; 12.425 ; 12.425 ; 12.425 ;
; A[3]       ; P[4]        ; 13.109 ; 13.109 ; 13.109 ; 13.109 ;
; A[3]       ; P[5]        ; 13.925 ; 13.925 ; 13.925 ; 13.925 ;
; A[3]       ; P[6]        ; 14.562 ; 14.562 ; 14.562 ; 14.562 ;
; A[3]       ; P[7]        ; 15.253 ; 15.253 ; 15.253 ; 15.253 ;
; A[3]       ; P[8]        ; 15.263 ; 15.263 ; 15.263 ; 15.263 ;
; B[0]       ; P[0]        ; 10.061 ; 10.061 ; 10.061 ; 10.061 ;
; B[0]       ; P[1]        ; 11.134 ; 11.134 ; 11.134 ; 11.134 ;
; B[0]       ; P[2]        ; 12.132 ; 12.132 ; 12.132 ; 12.132 ;
; B[0]       ; P[3]        ; 13.604 ; 13.604 ; 13.604 ; 13.604 ;
; B[0]       ; P[4]        ; 14.288 ; 14.288 ; 14.288 ; 14.288 ;
; B[0]       ; P[5]        ; 15.104 ; 15.104 ; 15.104 ; 15.104 ;
; B[0]       ; P[6]        ; 15.741 ; 15.741 ; 15.741 ; 15.741 ;
; B[0]       ; P[7]        ; 16.432 ; 16.432 ; 16.432 ; 16.432 ;
; B[0]       ; P[8]        ; 16.442 ; 16.442 ; 16.442 ; 16.442 ;
; B[1]       ; P[1]        ; 10.951 ; 10.951 ; 10.951 ; 10.951 ;
; B[1]       ; P[2]        ; 12.905 ; 12.905 ; 12.905 ; 12.905 ;
; B[1]       ; P[3]        ; 13.582 ; 13.582 ; 13.582 ; 13.582 ;
; B[1]       ; P[4]        ; 14.266 ; 14.266 ; 14.266 ; 14.266 ;
; B[1]       ; P[5]        ; 15.082 ; 15.082 ; 15.082 ; 15.082 ;
; B[1]       ; P[6]        ; 15.719 ; 15.719 ; 15.719 ; 15.719 ;
; B[1]       ; P[7]        ; 16.410 ; 16.410 ; 16.410 ; 16.410 ;
; B[1]       ; P[8]        ; 16.420 ; 16.420 ; 16.420 ; 16.420 ;
; B[2]       ; P[2]        ; 11.437 ; 11.437 ; 11.437 ; 11.437 ;
; B[2]       ; P[3]        ; 13.578 ; 13.578 ; 13.578 ; 13.578 ;
; B[2]       ; P[4]        ; 14.262 ; 14.262 ; 14.262 ; 14.262 ;
; B[2]       ; P[5]        ; 15.078 ; 15.078 ; 15.078 ; 15.078 ;
; B[2]       ; P[6]        ; 15.715 ; 15.715 ; 15.715 ; 15.715 ;
; B[2]       ; P[7]        ; 16.406 ; 16.406 ; 16.406 ; 16.406 ;
; B[2]       ; P[8]        ; 16.416 ; 16.416 ; 16.416 ; 16.416 ;
; B[3]       ; P[3]        ; 10.660 ; 10.660 ; 10.660 ; 10.660 ;
; B[3]       ; P[4]        ; 12.152 ; 12.152 ; 12.152 ; 12.152 ;
; B[3]       ; P[5]        ; 12.968 ; 12.968 ; 12.968 ; 12.968 ;
; B[3]       ; P[6]        ; 13.605 ; 13.605 ; 13.605 ; 13.605 ;
; B[3]       ; P[7]        ; 14.296 ; 14.296 ; 14.296 ; 14.296 ;
; B[3]       ; P[8]        ; 14.306 ; 14.306 ; 14.306 ; 14.306 ;
; C[0]       ; P[0]        ; 6.364  ; 6.364  ; 6.364  ; 6.364  ;
; C[0]       ; P[1]        ; 7.994  ; 7.994  ; 7.994  ; 7.994  ;
; C[0]       ; P[2]        ; 8.988  ; 8.988  ; 8.988  ; 8.988  ;
; C[0]       ; P[3]        ; 9.670  ; 9.670  ; 9.670  ; 9.670  ;
; C[0]       ; P[4]        ; 10.624 ; 10.624 ; 10.624 ; 10.624 ;
; C[0]       ; P[5]        ; 11.441 ; 11.441 ; 11.441 ; 11.441 ;
; C[0]       ; P[6]        ; 12.078 ; 12.078 ; 12.078 ; 12.078 ;
; C[0]       ; P[7]        ; 12.769 ; 12.769 ; 12.769 ; 12.769 ;
; C[0]       ; P[8]        ; 12.779 ; 12.779 ; 12.779 ; 12.779 ;
; C[1]       ; P[1]        ; 11.437 ; 11.437 ; 11.437 ; 11.437 ;
; C[1]       ; P[2]        ; 12.431 ; 12.431 ; 12.431 ; 12.431 ;
; C[1]       ; P[3]        ; 13.368 ; 13.368 ; 13.368 ; 13.368 ;
; C[1]       ; P[4]        ; 14.459 ; 14.459 ; 14.459 ; 14.459 ;
; C[1]       ; P[5]        ; 15.276 ; 15.276 ; 15.276 ; 15.276 ;
; C[1]       ; P[6]        ; 15.913 ; 15.913 ; 15.913 ; 15.913 ;
; C[1]       ; P[7]        ; 16.604 ; 16.604 ; 16.604 ; 16.604 ;
; C[1]       ; P[8]        ; 16.614 ; 16.614 ; 16.614 ; 16.614 ;
; C[2]       ; P[2]        ; 11.621 ; 11.621 ; 11.621 ; 11.621 ;
; C[2]       ; P[3]        ; 12.712 ; 12.712 ; 12.712 ; 12.712 ;
; C[2]       ; P[4]        ; 13.803 ; 13.803 ; 13.803 ; 13.803 ;
; C[2]       ; P[5]        ; 14.620 ; 14.620 ; 14.620 ; 14.620 ;
; C[2]       ; P[6]        ; 15.257 ; 15.257 ; 15.257 ; 15.257 ;
; C[2]       ; P[7]        ; 15.948 ; 15.948 ; 15.948 ; 15.948 ;
; C[2]       ; P[8]        ; 15.958 ; 15.958 ; 15.958 ; 15.958 ;
; C[3]       ; P[3]        ; 13.095 ; 13.095 ; 13.095 ; 13.095 ;
; C[3]       ; P[4]        ; 14.186 ; 14.186 ; 14.186 ; 14.186 ;
; C[3]       ; P[5]        ; 15.003 ; 15.003 ; 15.003 ; 15.003 ;
; C[3]       ; P[6]        ; 15.640 ; 15.640 ; 15.640 ; 15.640 ;
; C[3]       ; P[7]        ; 16.331 ; 16.331 ; 16.331 ; 16.331 ;
; C[3]       ; P[8]        ; 16.341 ; 16.341 ; 16.341 ; 16.341 ;
; D[0]       ; P[0]        ; 10.370 ; 10.370 ; 10.370 ; 10.370 ;
; D[0]       ; P[1]        ; 11.124 ; 11.124 ; 11.124 ; 11.124 ;
; D[0]       ; P[2]        ; 12.118 ; 12.118 ; 12.118 ; 12.118 ;
; D[0]       ; P[3]        ; 13.503 ; 13.503 ; 13.503 ; 13.503 ;
; D[0]       ; P[4]        ; 14.594 ; 14.594 ; 14.594 ; 14.594 ;
; D[0]       ; P[5]        ; 15.411 ; 15.411 ; 15.411 ; 15.411 ;
; D[0]       ; P[6]        ; 16.048 ; 16.048 ; 16.048 ; 16.048 ;
; D[0]       ; P[7]        ; 16.739 ; 16.739 ; 16.739 ; 16.739 ;
; D[0]       ; P[8]        ; 16.749 ; 16.749 ; 16.749 ; 16.749 ;
; D[1]       ; P[1]        ; 11.319 ; 11.319 ; 11.319 ; 11.319 ;
; D[1]       ; P[2]        ; 12.313 ; 12.313 ; 12.313 ; 12.313 ;
; D[1]       ; P[3]        ; 13.140 ; 13.140 ; 13.140 ; 13.140 ;
; D[1]       ; P[4]        ; 14.231 ; 14.231 ; 14.231 ; 14.231 ;
; D[1]       ; P[5]        ; 15.048 ; 15.048 ; 15.048 ; 15.048 ;
; D[1]       ; P[6]        ; 15.685 ; 15.685 ; 15.685 ; 15.685 ;
; D[1]       ; P[7]        ; 16.376 ; 16.376 ; 16.376 ; 16.376 ;
; D[1]       ; P[8]        ; 16.386 ; 16.386 ; 16.386 ; 16.386 ;
; D[2]       ; P[2]        ; 11.740 ; 11.740 ; 11.740 ; 11.740 ;
; D[2]       ; P[3]        ; 12.421 ; 12.421 ; 12.421 ; 12.421 ;
; D[2]       ; P[4]        ; 13.443 ; 13.443 ; 13.443 ; 13.443 ;
; D[2]       ; P[5]        ; 14.260 ; 14.260 ; 14.260 ; 14.260 ;
; D[2]       ; P[6]        ; 14.897 ; 14.897 ; 14.897 ; 14.897 ;
; D[2]       ; P[7]        ; 15.588 ; 15.588 ; 15.588 ; 15.588 ;
; D[2]       ; P[8]        ; 15.598 ; 15.598 ; 15.598 ; 15.598 ;
; D[3]       ; P[3]        ; 10.850 ; 10.850 ; 10.850 ; 10.850 ;
; D[3]       ; P[4]        ; 12.665 ; 12.665 ; 12.665 ; 12.665 ;
; D[3]       ; P[5]        ; 13.482 ; 13.482 ; 13.482 ; 13.482 ;
; D[3]       ; P[6]        ; 14.119 ; 14.119 ; 14.119 ; 14.119 ;
; D[3]       ; P[7]        ; 14.810 ; 14.810 ; 14.810 ; 14.810 ;
; D[3]       ; P[8]        ; 14.820 ; 14.820 ; 14.820 ; 14.820 ;
+------------+-------------+--------+--------+--------+--------+


+--------------------------------------------------------------+
; Minimum Propagation Delay                                    ;
+------------+-------------+--------+--------+--------+--------+
; Input Port ; Output Port ; RR     ; RF     ; FR     ; FF     ;
+------------+-------------+--------+--------+--------+--------+
; A[0]       ; P[0]        ; 7.451  ; 7.451  ; 7.451  ; 7.451  ;
; A[0]       ; P[1]        ; 7.270  ; 7.270  ; 7.270  ; 7.270  ;
; A[0]       ; P[2]        ; 8.189  ; 8.189  ; 8.189  ; 8.189  ;
; A[0]       ; P[3]        ; 7.424  ; 7.424  ; 7.424  ; 7.424  ;
; A[0]       ; P[4]        ; 8.108  ; 8.108  ; 8.108  ; 8.108  ;
; A[0]       ; P[5]        ; 8.924  ; 8.924  ; 8.924  ; 8.924  ;
; A[0]       ; P[6]        ; 9.561  ; 9.561  ; 9.561  ; 9.561  ;
; A[0]       ; P[7]        ; 10.078 ; 10.078 ; 10.078 ; 10.078 ;
; A[0]       ; P[8]        ; 10.094 ; 10.262 ; 10.262 ; 10.094 ;
; A[1]       ; P[1]        ; 10.718 ; 10.718 ; 10.718 ; 10.718 ;
; A[1]       ; P[2]        ; 11.716 ; 11.716 ; 11.716 ; 11.716 ;
; A[1]       ; P[3]        ; 12.398 ; 12.398 ; 12.398 ; 12.398 ;
; A[1]       ; P[4]        ; 12.075 ; 12.075 ; 12.075 ; 12.075 ;
; A[1]       ; P[5]        ; 11.635 ; 11.635 ; 11.635 ; 11.635 ;
; A[1]       ; P[6]        ; 12.271 ; 12.271 ; 12.271 ; 12.271 ;
; A[1]       ; P[7]        ; 12.439 ; 12.439 ; 12.439 ; 12.439 ;
; A[1]       ; P[8]        ; 12.455 ; 12.972 ; 12.972 ; 12.455 ;
; A[2]       ; P[2]        ; 11.811 ; 11.811 ; 11.811 ; 11.811 ;
; A[2]       ; P[3]        ; 12.177 ; 12.177 ; 12.177 ; 12.177 ;
; A[2]       ; P[4]        ; 12.037 ; 12.037 ; 12.037 ; 12.037 ;
; A[2]       ; P[5]        ; 11.518 ; 11.518 ; 11.518 ; 11.518 ;
; A[2]       ; P[6]        ; 12.154 ; 12.154 ; 12.154 ; 12.154 ;
; A[2]       ; P[7]        ; 12.322 ; 12.322 ; 12.322 ; 12.322 ;
; A[2]       ; P[8]        ; 12.338 ; 12.855 ; 12.855 ; 12.338 ;
; A[3]       ; P[3]        ; 12.425 ; 12.425 ; 12.425 ; 12.425 ;
; A[3]       ; P[4]        ; 11.915 ; 11.915 ; 11.915 ; 11.915 ;
; A[3]       ; P[5]        ; 11.453 ; 11.453 ; 11.453 ; 11.453 ;
; A[3]       ; P[6]        ; 10.856 ; 10.856 ; 10.856 ; 10.856 ;
; A[3]       ; P[7]        ; 11.011 ; 11.011 ; 11.011 ; 11.011 ;
; A[3]       ; P[8]        ; 11.027 ; 11.559 ; 11.559 ; 11.027 ;
; B[0]       ; P[0]        ; 10.061 ; 10.061 ; 10.061 ; 10.061 ;
; B[0]       ; P[1]        ; 10.712 ; 10.712 ; 10.712 ; 10.712 ;
; B[0]       ; P[2]        ; 11.711 ; 11.711 ; 11.711 ; 11.711 ;
; B[0]       ; P[3]        ; 12.393 ; 12.393 ; 12.393 ; 12.393 ;
; B[0]       ; P[4]        ; 12.323 ; 12.323 ; 12.323 ; 12.323 ;
; B[0]       ; P[5]        ; 12.858 ; 12.858 ; 12.858 ; 12.858 ;
; B[0]       ; P[6]        ; 13.494 ; 13.494 ; 13.494 ; 13.494 ;
; B[0]       ; P[7]        ; 13.663 ; 13.663 ; 13.663 ; 13.663 ;
; B[0]       ; P[8]        ; 13.679 ; 13.679 ; 13.679 ; 13.679 ;
; B[1]       ; P[1]        ; 10.951 ; 10.951 ; 10.951 ; 10.951 ;
; B[1]       ; P[2]        ; 11.949 ; 11.949 ; 11.949 ; 11.949 ;
; B[1]       ; P[3]        ; 12.631 ; 12.631 ; 12.631 ; 12.631 ;
; B[1]       ; P[4]        ; 12.569 ; 12.569 ; 12.569 ; 12.569 ;
; B[1]       ; P[5]        ; 11.439 ; 11.439 ; 11.439 ; 11.439 ;
; B[1]       ; P[6]        ; 12.075 ; 12.075 ; 12.075 ; 12.075 ;
; B[1]       ; P[7]        ; 12.240 ; 12.240 ; 12.240 ; 12.240 ;
; B[1]       ; P[8]        ; 12.256 ; 12.256 ; 12.256 ; 12.256 ;
; B[2]       ; P[2]        ; 11.437 ; 11.437 ; 11.437 ; 11.437 ;
; B[2]       ; P[3]        ; 12.114 ; 12.114 ; 12.114 ; 12.114 ;
; B[2]       ; P[4]        ; 12.372 ; 12.372 ; 12.372 ; 12.372 ;
; B[2]       ; P[5]        ; 11.874 ; 11.874 ; 11.874 ; 11.874 ;
; B[2]       ; P[6]        ; 12.510 ; 12.510 ; 12.510 ; 12.510 ;
; B[2]       ; P[7]        ; 12.675 ; 12.675 ; 12.675 ; 12.675 ;
; B[2]       ; P[8]        ; 12.691 ; 12.691 ; 12.691 ; 12.691 ;
; B[3]       ; P[3]        ; 10.660 ; 10.660 ; 10.660 ; 10.660 ;
; B[3]       ; P[4]        ; 11.344 ; 11.344 ; 11.344 ; 11.344 ;
; B[3]       ; P[5]        ; 11.589 ; 11.589 ; 11.589 ; 11.589 ;
; B[3]       ; P[6]        ; 11.018 ; 11.018 ; 11.018 ; 11.018 ;
; B[3]       ; P[7]        ; 11.175 ; 11.175 ; 11.175 ; 11.175 ;
; B[3]       ; P[8]        ; 11.191 ; 11.721 ; 11.721 ; 11.191 ;
; C[0]       ; P[0]        ; 6.364  ; 6.364  ; 6.364  ; 6.364  ;
; C[0]       ; P[1]        ; 7.320  ; 7.320  ; 7.320  ; 7.320  ;
; C[0]       ; P[2]        ; 8.308  ; 8.308  ; 8.308  ; 8.308  ;
; C[0]       ; P[3]        ; 7.293  ; 7.293  ; 7.293  ; 7.293  ;
; C[0]       ; P[4]        ; 7.407  ; 7.407  ; 7.407  ; 7.407  ;
; C[0]       ; P[5]        ; 8.122  ; 8.122  ; 8.122  ; 8.122  ;
; C[0]       ; P[6]        ; 8.733  ; 8.733  ; 8.733  ; 8.733  ;
; C[0]       ; P[7]        ; 9.305  ; 9.305  ; 9.305  ; 9.305  ;
; C[0]       ; P[8]        ; 9.319  ; 9.433  ; 9.433  ; 9.319  ;
; C[1]       ; P[1]        ; 11.437 ; 11.437 ; 11.437 ; 11.437 ;
; C[1]       ; P[2]        ; 12.414 ; 12.414 ; 12.414 ; 12.414 ;
; C[1]       ; P[3]        ; 12.125 ; 12.125 ; 12.125 ; 12.125 ;
; C[1]       ; P[4]        ; 12.498 ; 12.498 ; 12.498 ; 12.498 ;
; C[1]       ; P[5]        ; 11.939 ; 11.939 ; 11.939 ; 11.939 ;
; C[1]       ; P[6]        ; 12.550 ; 12.550 ; 12.550 ; 12.550 ;
; C[1]       ; P[7]        ; 13.122 ; 13.122 ; 13.122 ; 13.122 ;
; C[1]       ; P[8]        ; 13.136 ; 13.250 ; 13.250 ; 13.136 ;
; C[2]       ; P[2]        ; 11.621 ; 11.621 ; 11.621 ; 11.621 ;
; C[2]       ; P[3]        ; 12.301 ; 12.301 ; 12.301 ; 12.301 ;
; C[2]       ; P[4]        ; 12.791 ; 12.791 ; 12.791 ; 12.791 ;
; C[2]       ; P[5]        ; 9.967  ; 9.967  ; 9.967  ; 9.967  ;
; C[2]       ; P[6]        ; 10.604 ; 10.604 ; 10.604 ; 10.604 ;
; C[2]       ; P[7]        ; 11.295 ; 11.295 ; 11.295 ; 11.295 ;
; C[2]       ; P[8]        ; 11.305 ; 11.305 ; 11.305 ; 11.305 ;
; C[3]       ; P[3]        ; 13.095 ; 13.095 ; 13.095 ; 13.095 ;
; C[3]       ; P[4]        ; 12.222 ; 12.222 ; 12.222 ; 12.222 ;
; C[3]       ; P[5]        ; 11.400 ; 11.400 ; 11.400 ; 11.400 ;
; C[3]       ; P[6]        ; 10.480 ; 10.480 ; 10.480 ; 10.480 ;
; C[3]       ; P[7]        ; 10.608 ; 10.608 ; 10.608 ; 10.608 ;
; C[3]       ; P[8]        ; 10.622 ; 11.186 ; 11.186 ; 10.622 ;
; D[0]       ; P[0]        ; 10.370 ; 10.370 ; 10.370 ; 10.370 ;
; D[0]       ; P[1]        ; 10.915 ; 10.915 ; 10.915 ; 10.915 ;
; D[0]       ; P[2]        ; 11.441 ; 11.441 ; 11.441 ; 11.441 ;
; D[0]       ; P[3]        ; 12.121 ; 12.121 ; 12.121 ; 12.121 ;
; D[0]       ; P[4]        ; 12.655 ; 12.655 ; 12.655 ; 12.655 ;
; D[0]       ; P[5]        ; 12.634 ; 12.634 ; 12.634 ; 12.634 ;
; D[0]       ; P[6]        ; 12.763 ; 12.763 ; 12.763 ; 12.763 ;
; D[0]       ; P[7]        ; 12.886 ; 12.886 ; 12.886 ; 12.886 ;
; D[0]       ; P[8]        ; 12.900 ; 13.469 ; 13.469 ; 12.900 ;
; D[1]       ; P[1]        ; 11.319 ; 11.319 ; 11.319 ; 11.319 ;
; D[1]       ; P[2]        ; 12.299 ; 12.299 ; 12.299 ; 12.299 ;
; D[1]       ; P[3]        ; 12.446 ; 12.446 ; 12.446 ; 12.446 ;
; D[1]       ; P[4]        ; 11.991 ; 11.991 ; 11.991 ; 11.991 ;
; D[1]       ; P[5]        ; 11.443 ; 11.443 ; 11.443 ; 11.443 ;
; D[1]       ; P[6]        ; 11.472 ; 11.472 ; 11.472 ; 11.472 ;
; D[1]       ; P[7]        ; 11.595 ; 11.595 ; 11.595 ; 11.595 ;
; D[1]       ; P[8]        ; 11.609 ; 12.178 ; 12.178 ; 11.609 ;
; D[2]       ; P[2]        ; 11.740 ; 11.740 ; 11.740 ; 11.740 ;
; D[2]       ; P[3]        ; 12.218 ; 12.218 ; 12.218 ; 12.218 ;
; D[2]       ; P[4]        ; 12.591 ; 12.591 ; 12.591 ; 12.591 ;
; D[2]       ; P[5]        ; 11.355 ; 11.355 ; 11.355 ; 11.355 ;
; D[2]       ; P[6]        ; 11.606 ; 11.606 ; 11.606 ; 11.606 ;
; D[2]       ; P[7]        ; 12.178 ; 12.178 ; 12.178 ; 12.178 ;
; D[2]       ; P[8]        ; 12.192 ; 12.192 ; 12.192 ; 12.192 ;
; D[3]       ; P[3]        ; 10.850 ; 10.850 ; 10.850 ; 10.850 ;
; D[3]       ; P[4]        ; 11.139 ; 11.139 ; 11.139 ; 11.139 ;
; D[3]       ; P[5]        ; 10.354 ; 10.354 ; 10.354 ; 10.354 ;
; D[3]       ; P[6]        ; 10.630 ; 10.630 ; 10.630 ; 10.630 ;
; D[3]       ; P[7]        ; 10.756 ; 10.756 ; 10.756 ; 10.756 ;
; D[3]       ; P[8]        ; 10.770 ; 11.336 ; 11.336 ; 10.770 ;
+------------+-------------+--------+--------+--------+--------+


----------------------------
; Fast Model Setup Summary ;
----------------------------
No paths to report.


---------------------------
; Fast Model Hold Summary ;
---------------------------
No paths to report.


-------------------------------
; Fast Model Recovery Summary ;
-------------------------------
No paths to report.


------------------------------
; Fast Model Removal Summary ;
------------------------------
No paths to report.


------------------------------------------
; Fast Model Minimum Pulse Width Summary ;
------------------------------------------
No paths to report.


+----------------------------------------------------------+
; Propagation Delay                                        ;
+------------+-------------+-------+-------+-------+-------+
; Input Port ; Output Port ; RR    ; RF    ; FR    ; FF    ;
+------------+-------------+-------+-------+-------+-------+
; A[0]       ; P[0]        ; 3.758 ; 3.758 ; 3.758 ; 3.758 ;
; A[0]       ; P[1]        ; 4.074 ; 4.074 ; 4.074 ; 4.074 ;
; A[0]       ; P[2]        ; 4.510 ; 4.510 ; 4.510 ; 4.510 ;
; A[0]       ; P[3]        ; 4.828 ; 4.828 ; 4.828 ; 4.828 ;
; A[0]       ; P[4]        ; 5.089 ; 5.089 ; 5.089 ; 5.089 ;
; A[0]       ; P[5]        ; 5.512 ; 5.512 ; 5.512 ; 5.512 ;
; A[0]       ; P[6]        ; 5.782 ; 5.782 ; 5.782 ; 5.782 ;
; A[0]       ; P[7]        ; 6.084 ; 6.084 ; 6.084 ; 6.084 ;
; A[0]       ; P[8]        ; 6.093 ; 6.093 ; 6.093 ; 6.093 ;
; A[1]       ; P[1]        ; 5.863 ; 5.863 ; 5.863 ; 5.863 ;
; A[1]       ; P[2]        ; 6.567 ; 6.567 ; 6.567 ; 6.567 ;
; A[1]       ; P[3]        ; 6.922 ; 6.922 ; 6.922 ; 6.922 ;
; A[1]       ; P[4]        ; 7.183 ; 7.183 ; 7.183 ; 7.183 ;
; A[1]       ; P[5]        ; 7.606 ; 7.606 ; 7.606 ; 7.606 ;
; A[1]       ; P[6]        ; 7.876 ; 7.876 ; 7.876 ; 7.876 ;
; A[1]       ; P[7]        ; 8.178 ; 8.178 ; 8.178 ; 8.178 ;
; A[1]       ; P[8]        ; 8.187 ; 8.187 ; 8.187 ; 8.187 ;
; A[2]       ; P[2]        ; 6.327 ; 6.327 ; 6.327 ; 6.327 ;
; A[2]       ; P[3]        ; 6.622 ; 6.622 ; 6.622 ; 6.622 ;
; A[2]       ; P[4]        ; 6.883 ; 6.883 ; 6.883 ; 6.883 ;
; A[2]       ; P[5]        ; 7.306 ; 7.306 ; 7.306 ; 7.306 ;
; A[2]       ; P[6]        ; 7.576 ; 7.576 ; 7.576 ; 7.576 ;
; A[2]       ; P[7]        ; 7.878 ; 7.878 ; 7.878 ; 7.878 ;
; A[2]       ; P[8]        ; 7.887 ; 7.887 ; 7.887 ; 7.887 ;
; A[3]       ; P[3]        ; 6.549 ; 6.549 ; 6.549 ; 6.549 ;
; A[3]       ; P[4]        ; 6.810 ; 6.810 ; 6.810 ; 6.810 ;
; A[3]       ; P[5]        ; 7.233 ; 7.233 ; 7.233 ; 7.233 ;
; A[3]       ; P[6]        ; 7.503 ; 7.503 ; 7.503 ; 7.503 ;
; A[3]       ; P[7]        ; 7.805 ; 7.805 ; 7.805 ; 7.805 ;
; A[3]       ; P[8]        ; 7.814 ; 7.814 ; 7.814 ; 7.814 ;
; B[0]       ; P[0]        ; 5.563 ; 5.563 ; 5.563 ; 5.563 ;
; B[0]       ; P[1]        ; 6.043 ; 6.043 ; 6.043 ; 6.043 ;
; B[0]       ; P[2]        ; 6.479 ; 6.479 ; 6.479 ; 6.479 ;
; B[0]       ; P[3]        ; 7.081 ; 7.081 ; 7.081 ; 7.081 ;
; B[0]       ; P[4]        ; 7.342 ; 7.342 ; 7.342 ; 7.342 ;
; B[0]       ; P[5]        ; 7.765 ; 7.765 ; 7.765 ; 7.765 ;
; B[0]       ; P[6]        ; 8.035 ; 8.035 ; 8.035 ; 8.035 ;
; B[0]       ; P[7]        ; 8.337 ; 8.337 ; 8.337 ; 8.337 ;
; B[0]       ; P[8]        ; 8.346 ; 8.346 ; 8.346 ; 8.346 ;
; B[1]       ; P[1]        ; 5.952 ; 5.952 ; 5.952 ; 5.952 ;
; B[1]       ; P[2]        ; 6.769 ; 6.769 ; 6.769 ; 6.769 ;
; B[1]       ; P[3]        ; 7.046 ; 7.046 ; 7.046 ; 7.046 ;
; B[1]       ; P[4]        ; 7.307 ; 7.307 ; 7.307 ; 7.307 ;
; B[1]       ; P[5]        ; 7.730 ; 7.730 ; 7.730 ; 7.730 ;
; B[1]       ; P[6]        ; 8.000 ; 8.000 ; 8.000 ; 8.000 ;
; B[1]       ; P[7]        ; 8.302 ; 8.302 ; 8.302 ; 8.302 ;
; B[1]       ; P[8]        ; 8.311 ; 8.311 ; 8.311 ; 8.311 ;
; B[2]       ; P[2]        ; 6.172 ; 6.172 ; 6.172 ; 6.172 ;
; B[2]       ; P[3]        ; 7.071 ; 7.071 ; 7.071 ; 7.071 ;
; B[2]       ; P[4]        ; 7.332 ; 7.332 ; 7.332 ; 7.332 ;
; B[2]       ; P[5]        ; 7.755 ; 7.755 ; 7.755 ; 7.755 ;
; B[2]       ; P[6]        ; 8.025 ; 8.025 ; 8.025 ; 8.025 ;
; B[2]       ; P[7]        ; 8.327 ; 8.327 ; 8.327 ; 8.327 ;
; B[2]       ; P[8]        ; 8.336 ; 8.336 ; 8.336 ; 8.336 ;
; B[3]       ; P[3]        ; 5.797 ; 5.797 ; 5.797 ; 5.797 ;
; B[3]       ; P[4]        ; 6.406 ; 6.406 ; 6.406 ; 6.406 ;
; B[3]       ; P[5]        ; 6.829 ; 6.829 ; 6.829 ; 6.829 ;
; B[3]       ; P[6]        ; 7.099 ; 7.099 ; 7.099 ; 7.099 ;
; B[3]       ; P[7]        ; 7.401 ; 7.401 ; 7.401 ; 7.401 ;
; B[3]       ; P[8]        ; 7.410 ; 7.410 ; 7.410 ; 7.410 ;
; C[0]       ; P[0]        ; 3.285 ; 3.285 ; 3.285 ; 3.285 ;
; C[0]       ; P[1]        ; 4.000 ; 4.000 ; 4.000 ; 4.000 ;
; C[0]       ; P[2]        ; 4.437 ; 4.437 ; 4.437 ; 4.437 ;
; C[0]       ; P[3]        ; 4.719 ; 4.719 ; 4.719 ; 4.719 ;
; C[0]       ; P[4]        ; 5.114 ; 5.114 ; 5.114 ; 5.114 ;
; C[0]       ; P[5]        ; 5.538 ; 5.538 ; 5.538 ; 5.538 ;
; C[0]       ; P[6]        ; 5.808 ; 5.808 ; 5.808 ; 5.808 ;
; C[0]       ; P[7]        ; 6.110 ; 6.110 ; 6.110 ; 6.110 ;
; C[0]       ; P[8]        ; 6.119 ; 6.119 ; 6.119 ; 6.119 ;
; C[1]       ; P[1]        ; 6.172 ; 6.172 ; 6.172 ; 6.172 ;
; C[1]       ; P[2]        ; 6.609 ; 6.609 ; 6.609 ; 6.609 ;
; C[1]       ; P[3]        ; 7.044 ; 7.044 ; 7.044 ; 7.044 ;
; C[1]       ; P[4]        ; 7.482 ; 7.482 ; 7.482 ; 7.482 ;
; C[1]       ; P[5]        ; 7.906 ; 7.906 ; 7.906 ; 7.906 ;
; C[1]       ; P[6]        ; 8.176 ; 8.176 ; 8.176 ; 8.176 ;
; C[1]       ; P[7]        ; 8.478 ; 8.478 ; 8.478 ; 8.478 ;
; C[1]       ; P[8]        ; 8.487 ; 8.487 ; 8.487 ; 8.487 ;
; C[2]       ; P[2]        ; 6.226 ; 6.226 ; 6.226 ; 6.226 ;
; C[2]       ; P[3]        ; 6.700 ; 6.700 ; 6.700 ; 6.700 ;
; C[2]       ; P[4]        ; 7.138 ; 7.138 ; 7.138 ; 7.138 ;
; C[2]       ; P[5]        ; 7.562 ; 7.562 ; 7.562 ; 7.562 ;
; C[2]       ; P[6]        ; 7.832 ; 7.832 ; 7.832 ; 7.832 ;
; C[2]       ; P[7]        ; 8.134 ; 8.134 ; 8.134 ; 8.134 ;
; C[2]       ; P[8]        ; 8.143 ; 8.143 ; 8.143 ; 8.143 ;
; C[3]       ; P[3]        ; 6.906 ; 6.906 ; 6.906 ; 6.906 ;
; C[3]       ; P[4]        ; 7.344 ; 7.344 ; 7.344 ; 7.344 ;
; C[3]       ; P[5]        ; 7.768 ; 7.768 ; 7.768 ; 7.768 ;
; C[3]       ; P[6]        ; 8.038 ; 8.038 ; 8.038 ; 8.038 ;
; C[3]       ; P[7]        ; 8.340 ; 8.340 ; 8.340 ; 8.340 ;
; C[3]       ; P[8]        ; 8.349 ; 8.349 ; 8.349 ; 8.349 ;
; D[0]       ; P[0]        ; 5.697 ; 5.697 ; 5.697 ; 5.697 ;
; D[0]       ; P[1]        ; 6.035 ; 6.035 ; 6.035 ; 6.035 ;
; D[0]       ; P[2]        ; 6.472 ; 6.472 ; 6.472 ; 6.472 ;
; D[0]       ; P[3]        ; 7.089 ; 7.089 ; 7.089 ; 7.089 ;
; D[0]       ; P[4]        ; 7.527 ; 7.527 ; 7.527 ; 7.527 ;
; D[0]       ; P[5]        ; 7.951 ; 7.951 ; 7.951 ; 7.951 ;
; D[0]       ; P[6]        ; 8.221 ; 8.221 ; 8.221 ; 8.221 ;
; D[0]       ; P[7]        ; 8.523 ; 8.523 ; 8.523 ; 8.523 ;
; D[0]       ; P[8]        ; 8.532 ; 8.532 ; 8.532 ; 8.532 ;
; D[1]       ; P[1]        ; 6.094 ; 6.094 ; 6.094 ; 6.094 ;
; D[1]       ; P[2]        ; 6.545 ; 6.545 ; 6.545 ; 6.545 ;
; D[1]       ; P[3]        ; 6.907 ; 6.907 ; 6.907 ; 6.907 ;
; D[1]       ; P[4]        ; 7.342 ; 7.342 ; 7.342 ; 7.342 ;
; D[1]       ; P[5]        ; 7.766 ; 7.766 ; 7.766 ; 7.766 ;
; D[1]       ; P[6]        ; 8.036 ; 8.036 ; 8.036 ; 8.036 ;
; D[1]       ; P[7]        ; 8.338 ; 8.338 ; 8.338 ; 8.338 ;
; D[1]       ; P[8]        ; 8.347 ; 8.347 ; 8.347 ; 8.347 ;
; D[2]       ; P[2]        ; 6.299 ; 6.299 ; 6.299 ; 6.299 ;
; D[2]       ; P[3]        ; 6.581 ; 6.581 ; 6.581 ; 6.581 ;
; D[2]       ; P[4]        ; 7.003 ; 7.003 ; 7.003 ; 7.003 ;
; D[2]       ; P[5]        ; 7.427 ; 7.427 ; 7.427 ; 7.427 ;
; D[2]       ; P[6]        ; 7.697 ; 7.697 ; 7.697 ; 7.697 ;
; D[2]       ; P[7]        ; 7.999 ; 7.999 ; 7.999 ; 7.999 ;
; D[2]       ; P[8]        ; 8.008 ; 8.008 ; 8.008 ; 8.008 ;
; D[3]       ; P[3]        ; 5.897 ; 5.897 ; 5.897 ; 5.897 ;
; D[3]       ; P[4]        ; 6.638 ; 6.638 ; 6.638 ; 6.638 ;
; D[3]       ; P[5]        ; 7.062 ; 7.062 ; 7.062 ; 7.062 ;
; D[3]       ; P[6]        ; 7.332 ; 7.332 ; 7.332 ; 7.332 ;
; D[3]       ; P[7]        ; 7.634 ; 7.634 ; 7.634 ; 7.634 ;
; D[3]       ; P[8]        ; 7.643 ; 7.643 ; 7.643 ; 7.643 ;
+------------+-------------+-------+-------+-------+-------+


+----------------------------------------------------------+
; Minimum Propagation Delay                                ;
+------------+-------------+-------+-------+-------+-------+
; Input Port ; Output Port ; RR    ; RF    ; FR    ; FF    ;
+------------+-------------+-------+-------+-------+-------+
; A[0]       ; P[0]        ; 3.758 ; 3.758 ; 3.758 ; 3.758 ;
; A[0]       ; P[1]        ; 3.677 ; 3.677 ; 3.677 ; 3.677 ;
; A[0]       ; P[2]        ; 4.082 ; 4.082 ; 4.082 ; 4.082 ;
; A[0]       ; P[3]        ; 3.743 ; 3.743 ; 3.743 ; 3.743 ;
; A[0]       ; P[4]        ; 4.004 ; 4.004 ; 4.004 ; 4.004 ;
; A[0]       ; P[5]        ; 4.427 ; 4.427 ; 4.427 ; 4.427 ;
; A[0]       ; P[6]        ; 4.697 ; 4.697 ; 4.697 ; 4.697 ;
; A[0]       ; P[7]        ; 4.969 ; 4.969 ; 4.969 ; 4.969 ;
; A[0]       ; P[8]        ; 4.980 ; 5.008 ; 5.008 ; 4.980 ;
; A[1]       ; P[1]        ; 5.863 ; 5.863 ; 5.863 ; 5.863 ;
; A[1]       ; P[2]        ; 6.299 ; 6.299 ; 6.299 ; 6.299 ;
; A[1]       ; P[3]        ; 6.581 ; 6.581 ; 6.581 ; 6.581 ;
; A[1]       ; P[4]        ; 6.401 ; 6.401 ; 6.401 ; 6.401 ;
; A[1]       ; P[5]        ; 6.295 ; 6.295 ; 6.295 ; 6.295 ;
; A[1]       ; P[6]        ; 6.565 ; 6.565 ; 6.565 ; 6.565 ;
; A[1]       ; P[7]        ; 6.654 ; 6.654 ; 6.654 ; 6.654 ;
; A[1]       ; P[8]        ; 6.665 ; 6.876 ; 6.876 ; 6.665 ;
; A[2]       ; P[2]        ; 6.327 ; 6.327 ; 6.327 ; 6.327 ;
; A[2]       ; P[3]        ; 6.452 ; 6.452 ; 6.452 ; 6.452 ;
; A[2]       ; P[4]        ; 6.374 ; 6.374 ; 6.374 ; 6.374 ;
; A[2]       ; P[5]        ; 6.252 ; 6.252 ; 6.252 ; 6.252 ;
; A[2]       ; P[6]        ; 6.522 ; 6.522 ; 6.522 ; 6.522 ;
; A[2]       ; P[7]        ; 6.609 ; 6.609 ; 6.609 ; 6.609 ;
; A[2]       ; P[8]        ; 6.620 ; 6.833 ; 6.833 ; 6.620 ;
; A[3]       ; P[3]        ; 6.549 ; 6.549 ; 6.549 ; 6.549 ;
; A[3]       ; P[4]        ; 6.324 ; 6.324 ; 6.324 ; 6.324 ;
; A[3]       ; P[5]        ; 6.203 ; 6.203 ; 6.203 ; 6.203 ;
; A[3]       ; P[6]        ; 5.965 ; 5.965 ; 5.965 ; 5.965 ;
; A[3]       ; P[7]        ; 6.045 ; 6.045 ; 6.045 ; 6.045 ;
; A[3]       ; P[8]        ; 6.056 ; 6.273 ; 6.273 ; 6.056 ;
; B[0]       ; P[0]        ; 5.563 ; 5.563 ; 5.563 ; 5.563 ;
; B[0]       ; P[1]        ; 5.863 ; 5.863 ; 5.863 ; 5.863 ;
; B[0]       ; P[2]        ; 6.300 ; 6.300 ; 6.300 ; 6.300 ;
; B[0]       ; P[3]        ; 6.575 ; 6.575 ; 6.575 ; 6.575 ;
; B[0]       ; P[4]        ; 6.497 ; 6.497 ; 6.497 ; 6.497 ;
; B[0]       ; P[5]        ; 6.804 ; 6.804 ; 6.804 ; 6.804 ;
; B[0]       ; P[6]        ; 7.074 ; 7.074 ; 7.074 ; 7.074 ;
; B[0]       ; P[7]        ; 7.163 ; 7.163 ; 7.163 ; 7.163 ;
; B[0]       ; P[8]        ; 7.174 ; 7.174 ; 7.174 ; 7.174 ;
; B[1]       ; P[1]        ; 5.952 ; 5.952 ; 5.952 ; 5.952 ;
; B[1]       ; P[2]        ; 6.388 ; 6.388 ; 6.388 ; 6.388 ;
; B[1]       ; P[3]        ; 6.664 ; 6.664 ; 6.664 ; 6.664 ;
; B[1]       ; P[4]        ; 6.586 ; 6.586 ; 6.586 ; 6.586 ;
; B[1]       ; P[5]        ; 6.161 ; 6.161 ; 6.161 ; 6.161 ;
; B[1]       ; P[6]        ; 6.431 ; 6.431 ; 6.431 ; 6.431 ;
; B[1]       ; P[7]        ; 6.517 ; 6.517 ; 6.517 ; 6.517 ;
; B[1]       ; P[8]        ; 6.528 ; 6.528 ; 6.528 ; 6.528 ;
; B[2]       ; P[2]        ; 6.172 ; 6.172 ; 6.172 ; 6.172 ;
; B[2]       ; P[3]        ; 6.449 ; 6.449 ; 6.449 ; 6.449 ;
; B[2]       ; P[4]        ; 6.539 ; 6.539 ; 6.539 ; 6.539 ;
; B[2]       ; P[5]        ; 6.412 ; 6.412 ; 6.412 ; 6.412 ;
; B[2]       ; P[6]        ; 6.682 ; 6.682 ; 6.682 ; 6.682 ;
; B[2]       ; P[7]        ; 6.768 ; 6.768 ; 6.768 ; 6.768 ;
; B[2]       ; P[8]        ; 6.779 ; 6.779 ; 6.779 ; 6.779 ;
; B[3]       ; P[3]        ; 5.797 ; 5.797 ; 5.797 ; 5.797 ;
; B[3]       ; P[4]        ; 6.058 ; 6.058 ; 6.058 ; 6.058 ;
; B[3]       ; P[5]        ; 6.251 ; 6.251 ; 6.251 ; 6.251 ;
; B[3]       ; P[6]        ; 6.011 ; 6.011 ; 6.011 ; 6.011 ;
; B[3]       ; P[7]        ; 6.097 ; 6.097 ; 6.097 ; 6.097 ;
; B[3]       ; P[8]        ; 6.108 ; 6.319 ; 6.319 ; 6.108 ;
; C[0]       ; P[0]        ; 3.285 ; 3.285 ; 3.285 ; 3.285 ;
; C[0]       ; P[1]        ; 3.695 ; 3.695 ; 3.695 ; 3.695 ;
; C[0]       ; P[2]        ; 4.130 ; 4.130 ; 4.130 ; 4.130 ;
; C[0]       ; P[3]        ; 3.691 ; 3.691 ; 3.691 ; 3.691 ;
; C[0]       ; P[4]        ; 3.710 ; 3.710 ; 3.710 ; 3.710 ;
; C[0]       ; P[5]        ; 4.092 ; 4.092 ; 4.092 ; 4.092 ;
; C[0]       ; P[6]        ; 4.352 ; 4.352 ; 4.352 ; 4.352 ;
; C[0]       ; P[7]        ; 4.608 ; 4.608 ; 4.608 ; 4.608 ;
; C[0]       ; P[8]        ; 4.617 ; 4.662 ; 4.662 ; 4.617 ;
; C[1]       ; P[1]        ; 6.172 ; 6.172 ; 6.172 ; 6.172 ;
; C[1]       ; P[2]        ; 6.599 ; 6.599 ; 6.599 ; 6.599 ;
; C[1]       ; P[3]        ; 6.492 ; 6.492 ; 6.492 ; 6.492 ;
; C[1]       ; P[4]        ; 6.635 ; 6.635 ; 6.635 ; 6.635 ;
; C[1]       ; P[5]        ; 6.409 ; 6.409 ; 6.409 ; 6.409 ;
; C[1]       ; P[6]        ; 6.669 ; 6.669 ; 6.669 ; 6.669 ;
; C[1]       ; P[7]        ; 6.925 ; 6.925 ; 6.925 ; 6.925 ;
; C[1]       ; P[8]        ; 6.934 ; 6.979 ; 6.979 ; 6.934 ;
; C[2]       ; P[2]        ; 6.226 ; 6.226 ; 6.226 ; 6.226 ;
; C[2]       ; P[3]        ; 6.506 ; 6.506 ; 6.506 ; 6.506 ;
; C[2]       ; P[4]        ; 6.691 ; 6.691 ; 6.691 ; 6.691 ;
; C[2]       ; P[5]        ; 5.502 ; 5.502 ; 5.502 ; 5.502 ;
; C[2]       ; P[6]        ; 5.771 ; 5.771 ; 5.771 ; 5.771 ;
; C[2]       ; P[7]        ; 6.073 ; 6.073 ; 6.073 ; 6.073 ;
; C[2]       ; P[8]        ; 6.082 ; 6.082 ; 6.082 ; 6.082 ;
; C[3]       ; P[3]        ; 6.906 ; 6.906 ; 6.906 ; 6.906 ;
; C[3]       ; P[4]        ; 6.453 ; 6.453 ; 6.453 ; 6.453 ;
; C[3]       ; P[5]        ; 6.198 ; 6.198 ; 6.198 ; 6.198 ;
; C[3]       ; P[6]        ; 5.753 ; 5.753 ; 5.753 ; 5.753 ;
; C[3]       ; P[7]        ; 5.826 ; 5.826 ; 5.826 ; 5.826 ;
; C[3]       ; P[8]        ; 5.835 ; 6.064 ; 6.064 ; 5.835 ;
; D[0]       ; P[0]        ; 5.697 ; 5.697 ; 5.697 ; 5.697 ;
; D[0]       ; P[1]        ; 5.941 ; 5.941 ; 5.941 ; 5.941 ;
; D[0]       ; P[2]        ; 6.182 ; 6.182 ; 6.182 ; 6.182 ;
; D[0]       ; P[3]        ; 6.462 ; 6.462 ; 6.462 ; 6.462 ;
; D[0]       ; P[4]        ; 6.687 ; 6.687 ; 6.687 ; 6.687 ;
; D[0]       ; P[5]        ; 6.710 ; 6.710 ; 6.710 ; 6.710 ;
; D[0]       ; P[6]        ; 6.775 ; 6.775 ; 6.775 ; 6.775 ;
; D[0]       ; P[7]        ; 6.845 ; 6.845 ; 6.845 ; 6.845 ;
; D[0]       ; P[8]        ; 6.854 ; 7.086 ; 7.086 ; 6.854 ;
; D[1]       ; P[1]        ; 6.094 ; 6.094 ; 6.094 ; 6.094 ;
; D[1]       ; P[2]        ; 6.531 ; 6.531 ; 6.531 ; 6.531 ;
; D[1]       ; P[3]        ; 6.593 ; 6.593 ; 6.593 ; 6.593 ;
; D[1]       ; P[4]        ; 6.359 ; 6.359 ; 6.359 ; 6.359 ;
; D[1]       ; P[5]        ; 6.157 ; 6.157 ; 6.157 ; 6.157 ;
; D[1]       ; P[6]        ; 6.183 ; 6.183 ; 6.183 ; 6.183 ;
; D[1]       ; P[7]        ; 6.253 ; 6.253 ; 6.253 ; 6.253 ;
; D[1]       ; P[8]        ; 6.262 ; 6.494 ; 6.494 ; 6.262 ;
; D[2]       ; P[2]        ; 6.299 ; 6.299 ; 6.299 ; 6.299 ;
; D[2]       ; P[3]        ; 6.497 ; 6.497 ; 6.497 ; 6.497 ;
; D[2]       ; P[4]        ; 6.640 ; 6.640 ; 6.640 ; 6.640 ;
; D[2]       ; P[5]        ; 6.152 ; 6.152 ; 6.152 ; 6.152 ;
; D[2]       ; P[6]        ; 6.272 ; 6.272 ; 6.272 ; 6.272 ;
; D[2]       ; P[7]        ; 6.528 ; 6.528 ; 6.528 ; 6.528 ;
; D[2]       ; P[8]        ; 6.537 ; 6.537 ; 6.537 ; 6.537 ;
; D[3]       ; P[3]        ; 5.897 ; 5.897 ; 5.897 ; 5.897 ;
; D[3]       ; P[4]        ; 5.976 ; 5.976 ; 5.976 ; 5.976 ;
; D[3]       ; P[5]        ; 5.683 ; 5.683 ; 5.683 ; 5.683 ;
; D[3]       ; P[6]        ; 5.812 ; 5.812 ; 5.812 ; 5.812 ;
; D[3]       ; P[7]        ; 5.882 ; 5.882 ; 5.882 ; 5.882 ;
; D[3]       ; P[8]        ; 5.891 ; 6.123 ; 6.123 ; 5.891 ;
+------------+-------------+-------+-------+-------+-------+


+----------------------------------------------------------------------------+
; Multicorner Timing Analysis Summary                                        ;
+------------------+-------+------+----------+---------+---------------------+
; Clock            ; Setup ; Hold ; Recovery ; Removal ; Minimum Pulse Width ;
+------------------+-------+------+----------+---------+---------------------+
; Worst-case Slack ; N/A   ; N/A  ; N/A      ; N/A     ; N/A                 ;
; Design-wide TNS  ; 0.0   ; 0.0  ; 0.0      ; 0.0     ; 0.0                 ;
+------------------+-------+------+----------+---------+---------------------+


+--------------------------------------------------------------+
; Progagation Delay                                            ;
+------------+-------------+--------+--------+--------+--------+
; Input Port ; Output Port ; RR     ; RF     ; FR     ; FF     ;
+------------+-------------+--------+--------+--------+--------+
; A[0]       ; P[0]        ; 7.451  ; 7.451  ; 7.451  ; 7.451  ;
; A[0]       ; P[1]        ; 8.115  ; 8.115  ; 8.115  ; 8.115  ;
; A[0]       ; P[2]        ; 9.113  ; 9.113  ; 9.113  ; 9.113  ;
; A[0]       ; P[3]        ; 9.924  ; 9.924  ; 9.924  ; 9.924  ;
; A[0]       ; P[4]        ; 10.608 ; 10.608 ; 10.608 ; 10.608 ;
; A[0]       ; P[5]        ; 11.424 ; 11.424 ; 11.424 ; 11.424 ;
; A[0]       ; P[6]        ; 12.061 ; 12.061 ; 12.061 ; 12.061 ;
; A[0]       ; P[7]        ; 12.752 ; 12.752 ; 12.752 ; 12.752 ;
; A[0]       ; P[8]        ; 12.762 ; 12.762 ; 12.762 ; 12.762 ;
; A[1]       ; P[1]        ; 10.718 ; 10.718 ; 10.718 ; 10.718 ;
; A[1]       ; P[2]        ; 12.362 ; 12.362 ; 12.362 ; 12.362 ;
; A[1]       ; P[3]        ; 13.185 ; 13.185 ; 13.185 ; 13.185 ;
; A[1]       ; P[4]        ; 13.869 ; 13.869 ; 13.869 ; 13.869 ;
; A[1]       ; P[5]        ; 14.685 ; 14.685 ; 14.685 ; 14.685 ;
; A[1]       ; P[6]        ; 15.322 ; 15.322 ; 15.322 ; 15.322 ;
; A[1]       ; P[7]        ; 16.013 ; 16.013 ; 16.013 ; 16.013 ;
; A[1]       ; P[8]        ; 16.023 ; 16.023 ; 16.023 ; 16.023 ;
; A[2]       ; P[2]        ; 11.811 ; 11.811 ; 11.811 ; 11.811 ;
; A[2]       ; P[3]        ; 12.562 ; 12.562 ; 12.562 ; 12.562 ;
; A[2]       ; P[4]        ; 13.246 ; 13.246 ; 13.246 ; 13.246 ;
; A[2]       ; P[5]        ; 14.062 ; 14.062 ; 14.062 ; 14.062 ;
; A[2]       ; P[6]        ; 14.699 ; 14.699 ; 14.699 ; 14.699 ;
; A[2]       ; P[7]        ; 15.390 ; 15.390 ; 15.390 ; 15.390 ;
; A[2]       ; P[8]        ; 15.400 ; 15.400 ; 15.400 ; 15.400 ;
; A[3]       ; P[3]        ; 12.425 ; 12.425 ; 12.425 ; 12.425 ;
; A[3]       ; P[4]        ; 13.109 ; 13.109 ; 13.109 ; 13.109 ;
; A[3]       ; P[5]        ; 13.925 ; 13.925 ; 13.925 ; 13.925 ;
; A[3]       ; P[6]        ; 14.562 ; 14.562 ; 14.562 ; 14.562 ;
; A[3]       ; P[7]        ; 15.253 ; 15.253 ; 15.253 ; 15.253 ;
; A[3]       ; P[8]        ; 15.263 ; 15.263 ; 15.263 ; 15.263 ;
; B[0]       ; P[0]        ; 10.061 ; 10.061 ; 10.061 ; 10.061 ;
; B[0]       ; P[1]        ; 11.134 ; 11.134 ; 11.134 ; 11.134 ;
; B[0]       ; P[2]        ; 12.132 ; 12.132 ; 12.132 ; 12.132 ;
; B[0]       ; P[3]        ; 13.604 ; 13.604 ; 13.604 ; 13.604 ;
; B[0]       ; P[4]        ; 14.288 ; 14.288 ; 14.288 ; 14.288 ;
; B[0]       ; P[5]        ; 15.104 ; 15.104 ; 15.104 ; 15.104 ;
; B[0]       ; P[6]        ; 15.741 ; 15.741 ; 15.741 ; 15.741 ;
; B[0]       ; P[7]        ; 16.432 ; 16.432 ; 16.432 ; 16.432 ;
; B[0]       ; P[8]        ; 16.442 ; 16.442 ; 16.442 ; 16.442 ;
; B[1]       ; P[1]        ; 10.951 ; 10.951 ; 10.951 ; 10.951 ;
; B[1]       ; P[2]        ; 12.905 ; 12.905 ; 12.905 ; 12.905 ;
; B[1]       ; P[3]        ; 13.582 ; 13.582 ; 13.582 ; 13.582 ;
; B[1]       ; P[4]        ; 14.266 ; 14.266 ; 14.266 ; 14.266 ;
; B[1]       ; P[5]        ; 15.082 ; 15.082 ; 15.082 ; 15.082 ;
; B[1]       ; P[6]        ; 15.719 ; 15.719 ; 15.719 ; 15.719 ;
; B[1]       ; P[7]        ; 16.410 ; 16.410 ; 16.410 ; 16.410 ;
; B[1]       ; P[8]        ; 16.420 ; 16.420 ; 16.420 ; 16.420 ;
; B[2]       ; P[2]        ; 11.437 ; 11.437 ; 11.437 ; 11.437 ;
; B[2]       ; P[3]        ; 13.578 ; 13.578 ; 13.578 ; 13.578 ;
; B[2]       ; P[4]        ; 14.262 ; 14.262 ; 14.262 ; 14.262 ;
; B[2]       ; P[5]        ; 15.078 ; 15.078 ; 15.078 ; 15.078 ;
; B[2]       ; P[6]        ; 15.715 ; 15.715 ; 15.715 ; 15.715 ;
; B[2]       ; P[7]        ; 16.406 ; 16.406 ; 16.406 ; 16.406 ;
; B[2]       ; P[8]        ; 16.416 ; 16.416 ; 16.416 ; 16.416 ;
; B[3]       ; P[3]        ; 10.660 ; 10.660 ; 10.660 ; 10.660 ;
; B[3]       ; P[4]        ; 12.152 ; 12.152 ; 12.152 ; 12.152 ;
; B[3]       ; P[5]        ; 12.968 ; 12.968 ; 12.968 ; 12.968 ;
; B[3]       ; P[6]        ; 13.605 ; 13.605 ; 13.605 ; 13.605 ;
; B[3]       ; P[7]        ; 14.296 ; 14.296 ; 14.296 ; 14.296 ;
; B[3]       ; P[8]        ; 14.306 ; 14.306 ; 14.306 ; 14.306 ;
; C[0]       ; P[0]        ; 6.364  ; 6.364  ; 6.364  ; 6.364  ;
; C[0]       ; P[1]        ; 7.994  ; 7.994  ; 7.994  ; 7.994  ;
; C[0]       ; P[2]        ; 8.988  ; 8.988  ; 8.988  ; 8.988  ;
; C[0]       ; P[3]        ; 9.670  ; 9.670  ; 9.670  ; 9.670  ;
; C[0]       ; P[4]        ; 10.624 ; 10.624 ; 10.624 ; 10.624 ;
; C[0]       ; P[5]        ; 11.441 ; 11.441 ; 11.441 ; 11.441 ;
; C[0]       ; P[6]        ; 12.078 ; 12.078 ; 12.078 ; 12.078 ;
; C[0]       ; P[7]        ; 12.769 ; 12.769 ; 12.769 ; 12.769 ;
; C[0]       ; P[8]        ; 12.779 ; 12.779 ; 12.779 ; 12.779 ;
; C[1]       ; P[1]        ; 11.437 ; 11.437 ; 11.437 ; 11.437 ;
; C[1]       ; P[2]        ; 12.431 ; 12.431 ; 12.431 ; 12.431 ;
; C[1]       ; P[3]        ; 13.368 ; 13.368 ; 13.368 ; 13.368 ;
; C[1]       ; P[4]        ; 14.459 ; 14.459 ; 14.459 ; 14.459 ;
; C[1]       ; P[5]        ; 15.276 ; 15.276 ; 15.276 ; 15.276 ;
; C[1]       ; P[6]        ; 15.913 ; 15.913 ; 15.913 ; 15.913 ;
; C[1]       ; P[7]        ; 16.604 ; 16.604 ; 16.604 ; 16.604 ;
; C[1]       ; P[8]        ; 16.614 ; 16.614 ; 16.614 ; 16.614 ;
; C[2]       ; P[2]        ; 11.621 ; 11.621 ; 11.621 ; 11.621 ;
; C[2]       ; P[3]        ; 12.712 ; 12.712 ; 12.712 ; 12.712 ;
; C[2]       ; P[4]        ; 13.803 ; 13.803 ; 13.803 ; 13.803 ;
; C[2]       ; P[5]        ; 14.620 ; 14.620 ; 14.620 ; 14.620 ;
; C[2]       ; P[6]        ; 15.257 ; 15.257 ; 15.257 ; 15.257 ;
; C[2]       ; P[7]        ; 15.948 ; 15.948 ; 15.948 ; 15.948 ;
; C[2]       ; P[8]        ; 15.958 ; 15.958 ; 15.958 ; 15.958 ;
; C[3]       ; P[3]        ; 13.095 ; 13.095 ; 13.095 ; 13.095 ;
; C[3]       ; P[4]        ; 14.186 ; 14.186 ; 14.186 ; 14.186 ;
; C[3]       ; P[5]        ; 15.003 ; 15.003 ; 15.003 ; 15.003 ;
; C[3]       ; P[6]        ; 15.640 ; 15.640 ; 15.640 ; 15.640 ;
; C[3]       ; P[7]        ; 16.331 ; 16.331 ; 16.331 ; 16.331 ;
; C[3]       ; P[8]        ; 16.341 ; 16.341 ; 16.341 ; 16.341 ;
; D[0]       ; P[0]        ; 10.370 ; 10.370 ; 10.370 ; 10.370 ;
; D[0]       ; P[1]        ; 11.124 ; 11.124 ; 11.124 ; 11.124 ;
; D[0]       ; P[2]        ; 12.118 ; 12.118 ; 12.118 ; 12.118 ;
; D[0]       ; P[3]        ; 13.503 ; 13.503 ; 13.503 ; 13.503 ;
; D[0]       ; P[4]        ; 14.594 ; 14.594 ; 14.594 ; 14.594 ;
; D[0]       ; P[5]        ; 15.411 ; 15.411 ; 15.411 ; 15.411 ;
; D[0]       ; P[6]        ; 16.048 ; 16.048 ; 16.048 ; 16.048 ;
; D[0]       ; P[7]        ; 16.739 ; 16.739 ; 16.739 ; 16.739 ;
; D[0]       ; P[8]        ; 16.749 ; 16.749 ; 16.749 ; 16.749 ;
; D[1]       ; P[1]        ; 11.319 ; 11.319 ; 11.319 ; 11.319 ;
; D[1]       ; P[2]        ; 12.313 ; 12.313 ; 12.313 ; 12.313 ;
; D[1]       ; P[3]        ; 13.140 ; 13.140 ; 13.140 ; 13.140 ;
; D[1]       ; P[4]        ; 14.231 ; 14.231 ; 14.231 ; 14.231 ;
; D[1]       ; P[5]        ; 15.048 ; 15.048 ; 15.048 ; 15.048 ;
; D[1]       ; P[6]        ; 15.685 ; 15.685 ; 15.685 ; 15.685 ;
; D[1]       ; P[7]        ; 16.376 ; 16.376 ; 16.376 ; 16.376 ;
; D[1]       ; P[8]        ; 16.386 ; 16.386 ; 16.386 ; 16.386 ;
; D[2]       ; P[2]        ; 11.740 ; 11.740 ; 11.740 ; 11.740 ;
; D[2]       ; P[3]        ; 12.421 ; 12.421 ; 12.421 ; 12.421 ;
; D[2]       ; P[4]        ; 13.443 ; 13.443 ; 13.443 ; 13.443 ;
; D[2]       ; P[5]        ; 14.260 ; 14.260 ; 14.260 ; 14.260 ;
; D[2]       ; P[6]        ; 14.897 ; 14.897 ; 14.897 ; 14.897 ;
; D[2]       ; P[7]        ; 15.588 ; 15.588 ; 15.588 ; 15.588 ;
; D[2]       ; P[8]        ; 15.598 ; 15.598 ; 15.598 ; 15.598 ;
; D[3]       ; P[3]        ; 10.850 ; 10.850 ; 10.850 ; 10.850 ;
; D[3]       ; P[4]        ; 12.665 ; 12.665 ; 12.665 ; 12.665 ;
; D[3]       ; P[5]        ; 13.482 ; 13.482 ; 13.482 ; 13.482 ;
; D[3]       ; P[6]        ; 14.119 ; 14.119 ; 14.119 ; 14.119 ;
; D[3]       ; P[7]        ; 14.810 ; 14.810 ; 14.810 ; 14.810 ;
; D[3]       ; P[8]        ; 14.820 ; 14.820 ; 14.820 ; 14.820 ;
+------------+-------------+--------+--------+--------+--------+


+----------------------------------------------------------+
; Minimum Progagation Delay                                ;
+------------+-------------+-------+-------+-------+-------+
; Input Port ; Output Port ; RR    ; RF    ; FR    ; FF    ;
+------------+-------------+-------+-------+-------+-------+
; A[0]       ; P[0]        ; 3.758 ; 3.758 ; 3.758 ; 3.758 ;
; A[0]       ; P[1]        ; 3.677 ; 3.677 ; 3.677 ; 3.677 ;
; A[0]       ; P[2]        ; 4.082 ; 4.082 ; 4.082 ; 4.082 ;
; A[0]       ; P[3]        ; 3.743 ; 3.743 ; 3.743 ; 3.743 ;
; A[0]       ; P[4]        ; 4.004 ; 4.004 ; 4.004 ; 4.004 ;
; A[0]       ; P[5]        ; 4.427 ; 4.427 ; 4.427 ; 4.427 ;
; A[0]       ; P[6]        ; 4.697 ; 4.697 ; 4.697 ; 4.697 ;
; A[0]       ; P[7]        ; 4.969 ; 4.969 ; 4.969 ; 4.969 ;
; A[0]       ; P[8]        ; 4.980 ; 5.008 ; 5.008 ; 4.980 ;
; A[1]       ; P[1]        ; 5.863 ; 5.863 ; 5.863 ; 5.863 ;
; A[1]       ; P[2]        ; 6.299 ; 6.299 ; 6.299 ; 6.299 ;
; A[1]       ; P[3]        ; 6.581 ; 6.581 ; 6.581 ; 6.581 ;
; A[1]       ; P[4]        ; 6.401 ; 6.401 ; 6.401 ; 6.401 ;
; A[1]       ; P[5]        ; 6.295 ; 6.295 ; 6.295 ; 6.295 ;
; A[1]       ; P[6]        ; 6.565 ; 6.565 ; 6.565 ; 6.565 ;
; A[1]       ; P[7]        ; 6.654 ; 6.654 ; 6.654 ; 6.654 ;
; A[1]       ; P[8]        ; 6.665 ; 6.876 ; 6.876 ; 6.665 ;
; A[2]       ; P[2]        ; 6.327 ; 6.327 ; 6.327 ; 6.327 ;
; A[2]       ; P[3]        ; 6.452 ; 6.452 ; 6.452 ; 6.452 ;
; A[2]       ; P[4]        ; 6.374 ; 6.374 ; 6.374 ; 6.374 ;
; A[2]       ; P[5]        ; 6.252 ; 6.252 ; 6.252 ; 6.252 ;
; A[2]       ; P[6]        ; 6.522 ; 6.522 ; 6.522 ; 6.522 ;
; A[2]       ; P[7]        ; 6.609 ; 6.609 ; 6.609 ; 6.609 ;
; A[2]       ; P[8]        ; 6.620 ; 6.833 ; 6.833 ; 6.620 ;
; A[3]       ; P[3]        ; 6.549 ; 6.549 ; 6.549 ; 6.549 ;
; A[3]       ; P[4]        ; 6.324 ; 6.324 ; 6.324 ; 6.324 ;
; A[3]       ; P[5]        ; 6.203 ; 6.203 ; 6.203 ; 6.203 ;
; A[3]       ; P[6]        ; 5.965 ; 5.965 ; 5.965 ; 5.965 ;
; A[3]       ; P[7]        ; 6.045 ; 6.045 ; 6.045 ; 6.045 ;
; A[3]       ; P[8]        ; 6.056 ; 6.273 ; 6.273 ; 6.056 ;
; B[0]       ; P[0]        ; 5.563 ; 5.563 ; 5.563 ; 5.563 ;
; B[0]       ; P[1]        ; 5.863 ; 5.863 ; 5.863 ; 5.863 ;
; B[0]       ; P[2]        ; 6.300 ; 6.300 ; 6.300 ; 6.300 ;
; B[0]       ; P[3]        ; 6.575 ; 6.575 ; 6.575 ; 6.575 ;
; B[0]       ; P[4]        ; 6.497 ; 6.497 ; 6.497 ; 6.497 ;
; B[0]       ; P[5]        ; 6.804 ; 6.804 ; 6.804 ; 6.804 ;
; B[0]       ; P[6]        ; 7.074 ; 7.074 ; 7.074 ; 7.074 ;
; B[0]       ; P[7]        ; 7.163 ; 7.163 ; 7.163 ; 7.163 ;
; B[0]       ; P[8]        ; 7.174 ; 7.174 ; 7.174 ; 7.174 ;
; B[1]       ; P[1]        ; 5.952 ; 5.952 ; 5.952 ; 5.952 ;
; B[1]       ; P[2]        ; 6.388 ; 6.388 ; 6.388 ; 6.388 ;
; B[1]       ; P[3]        ; 6.664 ; 6.664 ; 6.664 ; 6.664 ;
; B[1]       ; P[4]        ; 6.586 ; 6.586 ; 6.586 ; 6.586 ;
; B[1]       ; P[5]        ; 6.161 ; 6.161 ; 6.161 ; 6.161 ;
; B[1]       ; P[6]        ; 6.431 ; 6.431 ; 6.431 ; 6.431 ;
; B[1]       ; P[7]        ; 6.517 ; 6.517 ; 6.517 ; 6.517 ;
; B[1]       ; P[8]        ; 6.528 ; 6.528 ; 6.528 ; 6.528 ;
; B[2]       ; P[2]        ; 6.172 ; 6.172 ; 6.172 ; 6.172 ;
; B[2]       ; P[3]        ; 6.449 ; 6.449 ; 6.449 ; 6.449 ;
; B[2]       ; P[4]        ; 6.539 ; 6.539 ; 6.539 ; 6.539 ;
; B[2]       ; P[5]        ; 6.412 ; 6.412 ; 6.412 ; 6.412 ;
; B[2]       ; P[6]        ; 6.682 ; 6.682 ; 6.682 ; 6.682 ;
; B[2]       ; P[7]        ; 6.768 ; 6.768 ; 6.768 ; 6.768 ;
; B[2]       ; P[8]        ; 6.779 ; 6.779 ; 6.779 ; 6.779 ;
; B[3]       ; P[3]        ; 5.797 ; 5.797 ; 5.797 ; 5.797 ;
; B[3]       ; P[4]        ; 6.058 ; 6.058 ; 6.058 ; 6.058 ;
; B[3]       ; P[5]        ; 6.251 ; 6.251 ; 6.251 ; 6.251 ;
; B[3]       ; P[6]        ; 6.011 ; 6.011 ; 6.011 ; 6.011 ;
; B[3]       ; P[7]        ; 6.097 ; 6.097 ; 6.097 ; 6.097 ;
; B[3]       ; P[8]        ; 6.108 ; 6.319 ; 6.319 ; 6.108 ;
; C[0]       ; P[0]        ; 3.285 ; 3.285 ; 3.285 ; 3.285 ;
; C[0]       ; P[1]        ; 3.695 ; 3.695 ; 3.695 ; 3.695 ;
; C[0]       ; P[2]        ; 4.130 ; 4.130 ; 4.130 ; 4.130 ;
; C[0]       ; P[3]        ; 3.691 ; 3.691 ; 3.691 ; 3.691 ;
; C[0]       ; P[4]        ; 3.710 ; 3.710 ; 3.710 ; 3.710 ;
; C[0]       ; P[5]        ; 4.092 ; 4.092 ; 4.092 ; 4.092 ;
; C[0]       ; P[6]        ; 4.352 ; 4.352 ; 4.352 ; 4.352 ;
; C[0]       ; P[7]        ; 4.608 ; 4.608 ; 4.608 ; 4.608 ;
; C[0]       ; P[8]        ; 4.617 ; 4.662 ; 4.662 ; 4.617 ;
; C[1]       ; P[1]        ; 6.172 ; 6.172 ; 6.172 ; 6.172 ;
; C[1]       ; P[2]        ; 6.599 ; 6.599 ; 6.599 ; 6.599 ;
; C[1]       ; P[3]        ; 6.492 ; 6.492 ; 6.492 ; 6.492 ;
; C[1]       ; P[4]        ; 6.635 ; 6.635 ; 6.635 ; 6.635 ;
; C[1]       ; P[5]        ; 6.409 ; 6.409 ; 6.409 ; 6.409 ;
; C[1]       ; P[6]        ; 6.669 ; 6.669 ; 6.669 ; 6.669 ;
; C[1]       ; P[7]        ; 6.925 ; 6.925 ; 6.925 ; 6.925 ;
; C[1]       ; P[8]        ; 6.934 ; 6.979 ; 6.979 ; 6.934 ;
; C[2]       ; P[2]        ; 6.226 ; 6.226 ; 6.226 ; 6.226 ;
; C[2]       ; P[3]        ; 6.506 ; 6.506 ; 6.506 ; 6.506 ;
; C[2]       ; P[4]        ; 6.691 ; 6.691 ; 6.691 ; 6.691 ;
; C[2]       ; P[5]        ; 5.502 ; 5.502 ; 5.502 ; 5.502 ;
; C[2]       ; P[6]        ; 5.771 ; 5.771 ; 5.771 ; 5.771 ;
; C[2]       ; P[7]        ; 6.073 ; 6.073 ; 6.073 ; 6.073 ;
; C[2]       ; P[8]        ; 6.082 ; 6.082 ; 6.082 ; 6.082 ;
; C[3]       ; P[3]        ; 6.906 ; 6.906 ; 6.906 ; 6.906 ;
; C[3]       ; P[4]        ; 6.453 ; 6.453 ; 6.453 ; 6.453 ;
; C[3]       ; P[5]        ; 6.198 ; 6.198 ; 6.198 ; 6.198 ;
; C[3]       ; P[6]        ; 5.753 ; 5.753 ; 5.753 ; 5.753 ;
; C[3]       ; P[7]        ; 5.826 ; 5.826 ; 5.826 ; 5.826 ;
; C[3]       ; P[8]        ; 5.835 ; 6.064 ; 6.064 ; 5.835 ;
; D[0]       ; P[0]        ; 5.697 ; 5.697 ; 5.697 ; 5.697 ;
; D[0]       ; P[1]        ; 5.941 ; 5.941 ; 5.941 ; 5.941 ;
; D[0]       ; P[2]        ; 6.182 ; 6.182 ; 6.182 ; 6.182 ;
; D[0]       ; P[3]        ; 6.462 ; 6.462 ; 6.462 ; 6.462 ;
; D[0]       ; P[4]        ; 6.687 ; 6.687 ; 6.687 ; 6.687 ;
; D[0]       ; P[5]        ; 6.710 ; 6.710 ; 6.710 ; 6.710 ;
; D[0]       ; P[6]        ; 6.775 ; 6.775 ; 6.775 ; 6.775 ;
; D[0]       ; P[7]        ; 6.845 ; 6.845 ; 6.845 ; 6.845 ;
; D[0]       ; P[8]        ; 6.854 ; 7.086 ; 7.086 ; 6.854 ;
; D[1]       ; P[1]        ; 6.094 ; 6.094 ; 6.094 ; 6.094 ;
; D[1]       ; P[2]        ; 6.531 ; 6.531 ; 6.531 ; 6.531 ;
; D[1]       ; P[3]        ; 6.593 ; 6.593 ; 6.593 ; 6.593 ;
; D[1]       ; P[4]        ; 6.359 ; 6.359 ; 6.359 ; 6.359 ;
; D[1]       ; P[5]        ; 6.157 ; 6.157 ; 6.157 ; 6.157 ;
; D[1]       ; P[6]        ; 6.183 ; 6.183 ; 6.183 ; 6.183 ;
; D[1]       ; P[7]        ; 6.253 ; 6.253 ; 6.253 ; 6.253 ;
; D[1]       ; P[8]        ; 6.262 ; 6.494 ; 6.494 ; 6.262 ;
; D[2]       ; P[2]        ; 6.299 ; 6.299 ; 6.299 ; 6.299 ;
; D[2]       ; P[3]        ; 6.497 ; 6.497 ; 6.497 ; 6.497 ;
; D[2]       ; P[4]        ; 6.640 ; 6.640 ; 6.640 ; 6.640 ;
; D[2]       ; P[5]        ; 6.152 ; 6.152 ; 6.152 ; 6.152 ;
; D[2]       ; P[6]        ; 6.272 ; 6.272 ; 6.272 ; 6.272 ;
; D[2]       ; P[7]        ; 6.528 ; 6.528 ; 6.528 ; 6.528 ;
; D[2]       ; P[8]        ; 6.537 ; 6.537 ; 6.537 ; 6.537 ;
; D[3]       ; P[3]        ; 5.897 ; 5.897 ; 5.897 ; 5.897 ;
; D[3]       ; P[4]        ; 5.976 ; 5.976 ; 5.976 ; 5.976 ;
; D[3]       ; P[5]        ; 5.683 ; 5.683 ; 5.683 ; 5.683 ;
; D[3]       ; P[6]        ; 5.812 ; 5.812 ; 5.812 ; 5.812 ;
; D[3]       ; P[7]        ; 5.882 ; 5.882 ; 5.882 ; 5.882 ;
; D[3]       ; P[8]        ; 5.891 ; 6.123 ; 6.123 ; 5.891 ;
+------------+-------------+-------+-------+-------+-------+


-------------------
; Clock Transfers ;
-------------------
Nothing to report.


---------------
; Report TCCS ;
---------------
No dedicated SERDES Transmitter circuitry present in device or used in design


---------------
; Report RSKM ;
---------------
No dedicated SERDES Receiver circuitry present in device or used in design


+------------------------------------------------+
; Unconstrained Paths                            ;
+---------------------------------+-------+------+
; Property                        ; Setup ; Hold ;
+---------------------------------+-------+------+
; Illegal Clocks                  ; 0     ; 0    ;
; Unconstrained Clocks            ; 0     ; 0    ;
; Unconstrained Input Ports       ; 16    ; 16   ;
; Unconstrained Input Port Paths  ; 120   ; 120  ;
; Unconstrained Output Ports      ; 9     ; 9    ;
; Unconstrained Output Port Paths ; 120   ; 120  ;
+---------------------------------+-------+------+


+------------------------------------+
; TimeQuest Timing Analyzer Messages ;
+------------------------------------+
Info: *******************************************************************
Info: Running Quartus II 64-Bit TimeQuest Timing Analyzer
    Info: Version 13.0.0 Build 156 04/24/2013 SJ Web Edition
    Info: Processing started: Wed Oct 27 09:29:28 2021
Info: Command: quartus_sta nhan_cong -c nhan_cong
Info: qsta_default_script.tcl version: #1
Warning (20028): Parallel compilation is not licensed and has been disabled
Info (21077): Low junction temperature is 0 degrees C
Info (21077): High junction temperature is 85 degrees C
Critical Warning (332012): Synopsys Design Constraints File file not found: 'nhan_cong.sdc'. A Synopsys Design Constraints File is required by the TimeQuest Timing Analyzer to get proper timing constraints. Without it, the Compiler will not properly optimize the design.
Info (332142): No user constrained base clocks found in the design. Calling "derive_clocks -period 1.0"
Info (332096): The command derive_clocks did not find any clocks to derive.  No clocks were created or changed.
Warning (332068): No clocks defined in design.
Info: Found TIMEQUEST_REPORT_SCRIPT_INCLUDE_DEFAULT_ANALYSIS = ON
Info (332159): No clocks to report
Info: Analyzing Slow Model
Info (332140): No fmax paths to report
Info (332140): No Setup paths to report
Info (332140): No Hold paths to report
Info (332140): No Recovery paths to report
Info (332140): No Removal paths to report
Info (332140): No Minimum Pulse Width paths to report
Info (332001): The selected device family is not supported by the report_metastability command.
Info: Analyzing Fast Model
Info (332142): No user constrained base clocks found in the design. Calling "derive_clocks -period 1.0"
Info (332096): The command derive_clocks did not find any clocks to derive.  No clocks were created or changed.
Warning (332068): No clocks defined in design.
Info (332140): No Setup paths to report
Info (332140): No Hold paths to report
Info (332140): No Recovery paths to report
Info (332140): No Removal paths to report
Info (332140): No Minimum Pulse Width paths to report
Info (332001): The selected device family is not supported by the report_metastability command.
Info (332102): Design is not fully constrained for setup requirements
Info (332102): Design is not fully constrained for hold requirements
Info: Quartus II 64-Bit TimeQuest Timing Analyzer was successful. 0 errors, 4 warnings
    Info: Peak virtual memory: 4563 megabytes
    Info: Processing ended: Wed Oct 27 09:29:32 2021
    Info: Elapsed time: 00:00:04
    Info: Total CPU time (on all processors): 00:00:03


