Flow report for cau5
Fri Jun 25 17:34:24 2021
Quartus II 64-Bit Version 13.0.0 Build 156 04/24/2013 SJ Web Edition


---------------------
; Table of Contents ;
---------------------
  1. Legal Notice
  2. Flow Summary
  3. Flow Settings
  4. Flow Non-Default Global Settings
  5. Flow Elapsed Time
  6. Flow OS Summary
  7. Flow Log
  8. Flow Messages
  9. Flow Suppressed Messages



----------------
; Legal Notice ;
----------------
Copyright (C) 1991-2013 Altera Corporation
Your use of Altera Corporation's design tools, logic functions 
and other software and tools, and its AMPP partner logic 
functions, and any output files from any of the foregoing 
(including device programming or simulation files), and any 
associated documentation or information are expressly subject 
to the terms and conditions of the Altera Program License 
Subscription Agreement, Altera MegaCore Function License 
Agreement, or other applicable license agreement, including, 
without limitation, that your use is for the sole purpose of 
programming logic devices manufactured by Altera and sold by 
Altera or its authorized distributors.  Please refer to the 
applicable agreement for further details.



+---------------------------------------------------------------------------------+
; Flow Summary                                                                    ;
+------------------------------------+--------------------------------------------+
; Flow Status                        ; Successful - Fri Jun 25 17:34:24 2021      ;
; Quartus II 64-Bit Version          ; 13.0.0 Build 156 04/24/2013 SJ Web Edition ;
; Revision Name                      ; cau5                                       ;
; Top-level Entity Name              ; cau5                                       ;
; Family                             ; Cyclone II                                 ;
; Device                             ; EP2C35F672C6                               ;
; Timing Models                      ; Final                                      ;
; Total logic elements               ; 55 / 33,216 ( < 1 % )                      ;
;     Total combinational functions  ; 55 / 33,216 ( < 1 % )                      ;
;     Dedicated logic registers      ; 13 / 33,216 ( < 1 % )                      ;
; Total registers                    ; 13                                         ;
; Total pins                         ; 42 / 475 ( 9 % )                           ;
; Total virtual pins                 ; 0                                          ;
; Total memory bits                  ; 0 / 483,840 ( 0 % )                        ;
; Embedded Multiplier 9-bit elements ; 0 / 70 ( 0 % )                             ;
; Total PLLs                         ; 0 / 4 ( 0 % )                              ;
+------------------------------------+--------------------------------------------+


+-----------------------------------------+
; Flow Settings                           ;
+-------------------+---------------------+
; Option            ; Setting             ;
+-------------------+---------------------+
; Start date & time ; 06/23/2021 20:13:40 ;
; Main task         ; Compilation         ;
; Revision Name     ; cau5                ;
+-------------------+---------------------+


+----------------------------------------------------------------------------------------------------------------------+
; Flow Non-Default Global Settings                                                                                     ;
+-------------------------------------+---------------------------------+---------------+-------------+----------------+
; Assignment Name                     ; Value                           ; Default Value ; Entity Name ; Section Id     ;
+-------------------------------------+---------------------------------+---------------+-------------+----------------+
; COMPILER_SIGNATURE_ID               ; 128120924887243.162445402014992 ; --            ; --          ; --             ;
; EDA_OUTPUT_DATA_FORMAT              ; Vhdl                            ; --            ; --          ; eda_simulation ;
; EDA_SIMULATION_TOOL                 ; ModelSim-Altera (VHDL)          ; <None>        ; --          ; --             ;
; MAX_CORE_JUNCTION_TEMP              ; 85                              ; --            ; --          ; --             ;
; MIN_CORE_JUNCTION_TEMP              ; 0                               ; --            ; --          ; --             ;
; PARTITION_COLOR                     ; 16764057                        ; --            ; --          ; Top            ;
; PARTITION_FITTER_PRESERVATION_LEVEL ; PLACEMENT_AND_ROUTING           ; --            ; --          ; Top            ;
; PARTITION_NETLIST_TYPE              ; SOURCE                          ; --            ; --          ; Top            ;
; PROJECT_OUTPUT_DIRECTORY            ; output_files                    ; --            ; --          ; --             ;
+-------------------------------------+---------------------------------+---------------+-------------+----------------+


+-------------------------------------------------------------------------------------------------------------------------------+
; Flow Elapsed Time                                                                                                             ;
+---------------------------+--------------+-------------------------+---------------------+------------------------------------+
; Module Name               ; Elapsed Time ; Average Processors Used ; Peak Virtual Memory ; Total CPU Time (on all processors) ;
+---------------------------+--------------+-------------------------+---------------------+------------------------------------+
; Analysis & Synthesis      ; 00:00:02     ; 1.0                     ; 4608 MB             ; 00:00:01                           ;
; Fitter                    ; 00:00:29     ; 1.0                     ; 4927 MB             ; 00:00:14                           ;
; Assembler                 ; 00:00:03     ; 1.0                     ; 4571 MB             ; 00:00:03                           ;
; TimeQuest Timing Analyzer ; 00:00:01     ; 1.0                     ; 4563 MB             ; 00:00:01                           ;
; EDA Netlist Writer        ; 00:00:01     ; 1.0                     ; 4531 MB             ; 00:00:01                           ;
; EDA Netlist Writer        ; 00:00:01     ; 1.0                     ; 4539 MB             ; 00:00:01                           ;
; EDA Netlist Writer        ; 00:00:01     ; 1.0                     ; 4539 MB             ; 00:00:01                           ;
; EDA Netlist Writer        ; 00:00:01     ; 1.0                     ; 4539 MB             ; 00:00:01                           ;
; EDA Netlist Writer        ; 00:00:01     ; 1.0                     ; 4539 MB             ; 00:00:01                           ;
; EDA Netlist Writer        ; 00:00:00     ; 1.0                     ; 4539 MB             ; 00:00:01                           ;
; EDA Netlist Writer        ; 00:00:01     ; 1.0                     ; 4539 MB             ; 00:00:01                           ;
; EDA Netlist Writer        ; 00:00:03     ; 1.0                     ; 4539 MB             ; 00:00:01                           ;
; EDA Netlist Writer        ; 00:00:03     ; 1.0                     ; 4539 MB             ; 00:00:01                           ;
; EDA Netlist Writer        ; 00:00:00     ; 1.0                     ; 4539 MB             ; 00:00:01                           ;
; EDA Netlist Writer        ; 00:00:01     ; 1.0                     ; 4539 MB             ; 00:00:01                           ;
; EDA Netlist Writer        ; 00:00:01     ; 1.0                     ; 4539 MB             ; 00:00:01                           ;
; EDA Netlist Writer        ; 00:00:02     ; 1.0                     ; 4539 MB             ; 00:00:01                           ;
; Total                     ; 00:00:51     ; --                      ; --                  ; 00:00:32                           ;
+---------------------------+--------------+-------------------------+---------------------+------------------------------------+


+----------------------------------------------------------------------------------------+
; Flow OS Summary                                                                        ;
+---------------------------+------------------+-----------+------------+----------------+
; Module Name               ; Machine Hostname ; OS Name   ; OS Version ; Processor type ;
+---------------------------+------------------+-----------+------------+----------------+
; Analysis & Synthesis      ; HUONG-PC         ; Windows 7 ; 6.2        ; x86_64         ;
; Fitter                    ; HUONG-PC         ; Windows 7 ; 6.2        ; x86_64         ;
; Assembler                 ; HUONG-PC         ; Windows 7 ; 6.2        ; x86_64         ;
; TimeQuest Timing Analyzer ; HUONG-PC         ; Windows 7 ; 6.2        ; x86_64         ;
; EDA Netlist Writer        ; HUONG-PC         ; Windows 7 ; 6.2        ; x86_64         ;
; EDA Netlist Writer        ; HUONG-PC         ; Windows 7 ; 6.2        ; x86_64         ;
; EDA Netlist Writer        ; HUONG-PC         ; Windows 7 ; 6.2        ; x86_64         ;
; EDA Netlist Writer        ; HUONG-PC         ; Windows 7 ; 6.2        ; x86_64         ;
; EDA Netlist Writer        ; HUONG-PC         ; Windows 7 ; 6.2        ; x86_64         ;
; EDA Netlist Writer        ; HUONG-PC         ; Windows 7 ; 6.2        ; x86_64         ;
; EDA Netlist Writer        ; HUONG-PC         ; Windows 7 ; 6.2        ; x86_64         ;
; EDA Netlist Writer        ; HUONG-PC         ; Windows 7 ; 6.2        ; x86_64         ;
; EDA Netlist Writer        ; HUONG-PC         ; Windows 7 ; 6.2        ; x86_64         ;
; EDA Netlist Writer        ; HUONG-PC         ; Windows 7 ; 6.2        ; x86_64         ;
; EDA Netlist Writer        ; HUONG-PC         ; Windows 7 ; 6.2        ; x86_64         ;
; EDA Netlist Writer        ; HUONG-PC         ; Windows 7 ; 6.2        ; x86_64         ;
; EDA Netlist Writer        ; HUONG-PC         ; Windows 7 ; 6.2        ; x86_64         ;
+---------------------------+------------------+-----------+------------+----------------+


------------
; Flow Log ;
------------
quartus_map --read_settings_files=on --write_settings_files=off cau5 -c cau5
quartus_fit --read_settings_files=off --write_settings_files=off cau5 -c cau5
quartus_asm --read_settings_files=off --write_settings_files=off cau5 -c cau5
quartus_sta cau5 -c cau5
quartus_eda --read_settings_files=off --write_settings_files=off cau5 -c cau5
quartus_eda --gen_testbench --check_outputs=on --tool=modelsim_oem --format=verilog cau5 -c cau5 --vector_source="C:/Users/HUONG/Desktop/BT quartus/cau 5 ck/Waveform.vwf" --testbench_file=./simulation/qsim/cau5.vt
quartus_eda --functional=on --simulation=on --tool=modelsim_oem --format=verilog cau5 -c cau5
quartus_eda --gen_testbench --check_outputs=on --tool=modelsim_oem --format=verilog cau5 -c cau5 --vector_source="C:/Users/HUONG/Desktop/BT quartus/cau 5 ck/Waveform.vwf" --testbench_file=./simulation/qsim/cau5.vt
quartus_eda --functional=on --simulation=on --tool=modelsim_oem --format=verilog cau5 -c cau5
quartus_eda --gen_testbench --check_outputs=on --tool=modelsim_oem --format=verilog cau5 -c cau5 --vector_source="C:/Users/HUONG/Desktop/BT quartus/cau 5 ck/Waveform.vwf" --testbench_file=./simulation/qsim/cau5.vt
quartus_eda --functional=on --simulation=on --tool=modelsim_oem --format=verilog cau5 -c cau5
quartus_eda --gen_testbench --check_outputs=on --tool=modelsim_oem --format=verilog cau5 -c cau5 --vector_source="C:/Users/HUONG/Desktop/BT quartus/cau 5 ck/Waveform.vwf" --testbench_file=./simulation/qsim/cau5.vt
quartus_eda --functional=on --simulation=on --tool=modelsim_oem --format=verilog cau5 -c cau5
quartus_eda --gen_testbench --check_outputs=on --tool=modelsim_oem --format=verilog cau5 -c cau5 --vector_source="C:/Users/HUONG/Desktop/BT quartus/cau 5 ck/Waveform.vwf" --testbench_file=./simulation/qsim/cau5.vt
quartus_eda --functional=on --simulation=on --tool=modelsim_oem --format=verilog cau5 -c cau5
quartus_eda --gen_testbench --check_outputs=on --tool=modelsim_oem --format=verilog cau5 -c cau5 --vector_source="C:/Users/HUONG/Desktop/BT quartus/cau 5 ck/Waveform.vwf" --testbench_file=./simulation/qsim/cau5.vt
quartus_eda --functional=on --simulation=on --tool=modelsim_oem --format=verilog cau5 -c cau5



