TimeQuest Timing Analyzer report for baitap
Thu Jan 13 21:09:09 2022
Quartus II 64-Bit Version 13.0.0 Build 156 04/24/2013 SJ Web Edition


---------------------
; Table of Contents ;
---------------------
  1. Legal Notice
  2. TimeQuest Timing Analyzer Summary
  3. Parallel Compilation
  4. Clocks
  5. Slow Model Fmax Summary
  6. Slow Model Setup Summary
  7. Slow Model Hold Summary
  8. Slow Model Recovery Summary
  9. Slow Model Removal Summary
 10. Slow Model Minimum Pulse Width Summary
 11. Propagation Delay
 12. Minimum Propagation Delay
 13. Fast Model Setup Summary
 14. Fast Model Hold Summary
 15. Fast Model Recovery Summary
 16. Fast Model Removal Summary
 17. Fast Model Minimum Pulse Width Summary
 18. Propagation Delay
 19. Minimum Propagation Delay
 20. Multicorner Timing Analysis Summary
 21. Progagation Delay
 22. Minimum Progagation Delay
 23. Clock Transfers
 24. Report TCCS
 25. Report RSKM
 26. Unconstrained Paths
 27. TimeQuest Timing Analyzer Messages



----------------
; Legal Notice ;
----------------
Copyright (C) 1991-2013 Altera Corporation
Your use of Altera Corporation's design tools, logic functions 
and other software and tools, and its AMPP partner logic 
functions, and any output files from any of the foregoing 
(including device programming or simulation files), and any 
associated documentation or information are expressly subject 
to the terms and conditions of the Altera Program License 
Subscription Agreement, Altera MegaCore Function License 
Agreement, or other applicable license agreement, including, 
without limitation, that your use is for the sole purpose of 
programming logic devices manufactured by Altera and sold by 
Altera or its authorized distributors.  Please refer to the 
applicable agreement for further details.



+-------------------------------------------------------------------------+
; TimeQuest Timing Analyzer Summary                                       ;
+--------------------+----------------------------------------------------+
; Quartus II Version ; Version 13.0.0 Build 156 04/24/2013 SJ Web Edition ;
; Revision Name      ; baitap                                             ;
; Device Family      ; Cyclone II                                         ;
; Device Name        ; EP2C35F672C6                                       ;
; Timing Models      ; Final                                              ;
; Delay Model        ; Combined                                           ;
; Rise/Fall Delays   ; Unavailable                                        ;
+--------------------+----------------------------------------------------+


Parallel compilation was disabled, but you have multiple processors available. Enable parallel compilation to reduce compilation time.
+-------------------------------------+
; Parallel Compilation                ;
+----------------------------+--------+
; Processors                 ; Number ;
+----------------------------+--------+
; Number detected on machine ; 4      ;
; Maximum allowed            ; 1      ;
+----------------------------+--------+


----------
; Clocks ;
----------
No clocks to report.


---------------------------
; Slow Model Fmax Summary ;
---------------------------
No paths to report.


----------------------------
; Slow Model Setup Summary ;
----------------------------
No paths to report.


---------------------------
; Slow Model Hold Summary ;
---------------------------
No paths to report.


-------------------------------
; Slow Model Recovery Summary ;
-------------------------------
No paths to report.


------------------------------
; Slow Model Removal Summary ;
------------------------------
No paths to report.


------------------------------------------
; Slow Model Minimum Pulse Width Summary ;
------------------------------------------
No paths to report.


+--------------------------------------------------------------+
; Propagation Delay                                            ;
+------------+-------------+--------+--------+--------+--------+
; Input Port ; Output Port ; RR     ; RF     ; FR     ; FF     ;
+------------+-------------+--------+--------+--------+--------+
; SW0[0]     ; HEX0[0]     ; 16.358 ; 16.466 ; 16.466 ; 16.358 ;
; SW0[0]     ; HEX0[1]     ; 16.500 ; 16.500 ; 16.500 ; 16.500 ;
; SW0[0]     ; HEX0[2]     ; 16.254 ; 15.881 ; 15.881 ; 16.254 ;
; SW0[0]     ; HEX0[3]     ; 16.498 ; 16.498 ; 16.498 ; 16.498 ;
; SW0[0]     ; HEX0[4]     ; 16.079 ; 16.199 ; 16.199 ; 16.079 ;
; SW0[0]     ; HEX0[5]     ; 16.961 ; 16.596 ; 16.596 ; 16.961 ;
; SW0[0]     ; HEX0[6]     ; 16.778 ; 16.778 ; 16.778 ; 16.778 ;
; SW0[0]     ; HEX1[0]     ; 15.030 ; 16.373 ; 16.373 ; 15.030 ;
; SW0[0]     ; HEX1[1]     ; 16.885 ; 16.885 ; 16.885 ; 16.885 ;
; SW0[0]     ; HEX1[2]     ; 16.374 ;        ;        ; 16.374 ;
; SW0[0]     ; HEX1[3]     ; 16.823 ; 16.823 ; 16.823 ; 16.823 ;
; SW0[0]     ; HEX1[4]     ;        ; 16.889 ; 16.889 ;        ;
; SW0[0]     ; HEX1[5]     ; 16.848 ; 15.503 ; 15.503 ; 16.848 ;
; SW0[0]     ; HEX1[6]     ; 16.826 ; 16.826 ; 16.826 ; 16.826 ;
; SW0[1]     ; HEX0[0]     ; 18.003 ; 18.003 ; 18.003 ; 18.003 ;
; SW0[1]     ; HEX0[1]     ; 18.000 ; 17.096 ; 17.096 ; 18.000 ;
; SW0[1]     ; HEX0[2]     ; 16.807 ; 17.711 ; 17.711 ; 16.807 ;
; SW0[1]     ; HEX0[3]     ; 18.032 ; 18.032 ; 18.032 ; 18.032 ;
; SW0[1]     ; HEX0[4]     ; 17.724 ; 17.724 ; 17.724 ; 17.724 ;
; SW0[1]     ; HEX0[5]     ; 17.522 ; 18.426 ; 18.426 ; 17.522 ;
; SW0[1]     ; HEX0[6]     ; 18.280 ; 18.280 ; 18.280 ; 18.280 ;
; SW0[1]     ; HEX1[0]     ; 18.229 ; 16.388 ; 16.388 ; 18.229 ;
; SW0[1]     ; HEX1[1]     ; 18.741 ; 18.741 ; 18.741 ; 18.741 ;
; SW0[1]     ; HEX1[2]     ; 16.389 ; 18.230 ; 18.230 ; 16.389 ;
; SW0[1]     ; HEX1[3]     ; 18.679 ; 18.679 ; 18.679 ; 18.679 ;
; SW0[1]     ; HEX1[4]     ; 18.745 ; 16.904 ; 16.904 ; 18.745 ;
; SW0[1]     ; HEX1[5]     ; 16.863 ; 18.704 ; 18.704 ; 16.863 ;
; SW0[1]     ; HEX1[6]     ; 18.682 ; 18.682 ; 18.682 ; 18.682 ;
; SW0[1]     ; HEX2[0]     ; 15.859 ; 15.859 ; 15.859 ; 15.859 ;
; SW0[1]     ; HEX2[2]     ; 15.811 ; 15.744 ; 15.744 ; 15.811 ;
; SW0[1]     ; HEX2[3]     ; 15.867 ; 15.867 ; 15.867 ; 15.867 ;
; SW0[1]     ; HEX2[4]     ; 15.807 ; 15.874 ; 15.874 ; 15.807 ;
; SW0[1]     ; HEX2[5]     ; 15.798 ; 15.865 ; 15.865 ; 15.798 ;
; SW0[2]     ; HEX0[0]     ; 17.781 ; 17.781 ; 17.781 ; 17.781 ;
; SW0[2]     ; HEX0[1]     ; 17.778 ; 16.876 ; 16.876 ; 17.778 ;
; SW0[2]     ; HEX0[2]     ; 16.587 ; 17.489 ; 17.489 ; 16.587 ;
; SW0[2]     ; HEX0[3]     ; 17.810 ; 17.810 ; 17.810 ; 17.810 ;
; SW0[2]     ; HEX0[4]     ; 17.502 ; 17.502 ; 17.502 ; 17.502 ;
; SW0[2]     ; HEX0[5]     ; 17.302 ; 18.204 ; 18.204 ; 17.302 ;
; SW0[2]     ; HEX0[6]     ; 18.058 ; 18.058 ; 18.058 ; 18.058 ;
; SW0[2]     ; HEX1[0]     ; 18.007 ; 16.350 ; 16.350 ; 18.007 ;
; SW0[2]     ; HEX1[1]     ; 18.519 ; 18.519 ; 18.519 ; 18.519 ;
; SW0[2]     ; HEX1[2]     ; 16.351 ; 18.008 ; 18.008 ; 16.351 ;
; SW0[2]     ; HEX1[3]     ; 18.457 ; 18.457 ; 18.457 ; 18.457 ;
; SW0[2]     ; HEX1[4]     ; 18.523 ; 16.866 ; 16.866 ; 18.523 ;
; SW0[2]     ; HEX1[5]     ; 16.825 ; 18.482 ; 18.482 ; 16.825 ;
; SW0[2]     ; HEX1[6]     ; 18.460 ; 18.460 ; 18.460 ; 18.460 ;
; SW0[2]     ; HEX2[0]     ; 16.004 ; 16.004 ; 16.004 ; 16.004 ;
; SW0[2]     ; HEX2[1]     ; 11.047 ;        ;        ; 11.047 ;
; SW0[2]     ; HEX2[2]     ; 15.589 ; 15.956 ; 15.956 ; 15.589 ;
; SW0[2]     ; HEX2[3]     ; 16.012 ; 16.012 ; 16.012 ; 16.012 ;
; SW0[2]     ; HEX2[4]     ; 16.019 ; 15.652 ; 15.652 ; 16.019 ;
; SW0[2]     ; HEX2[5]     ; 16.010 ; 15.643 ; 15.643 ; 16.010 ;
; SW0[3]     ; HEX0[0]     ; 17.430 ; 17.430 ; 17.430 ; 17.430 ;
; SW0[3]     ; HEX0[1]     ; 17.427 ; 16.851 ; 16.851 ; 17.427 ;
; SW0[3]     ; HEX0[2]     ; 16.562 ; 17.138 ; 17.138 ; 16.562 ;
; SW0[3]     ; HEX0[3]     ; 17.459 ; 17.459 ; 17.459 ; 17.459 ;
; SW0[3]     ; HEX0[4]     ; 17.151 ; 17.151 ; 17.151 ; 17.151 ;
; SW0[3]     ; HEX0[5]     ; 17.277 ; 17.853 ; 17.853 ; 17.277 ;
; SW0[3]     ; HEX0[6]     ; 17.707 ; 17.707 ; 17.707 ; 17.707 ;
; SW0[3]     ; HEX1[0]     ; 17.426 ; 16.484 ; 16.484 ; 17.426 ;
; SW0[3]     ; HEX1[1]     ; 17.938 ; 17.938 ; 17.938 ; 17.938 ;
; SW0[3]     ; HEX1[2]     ; 16.485 ; 17.427 ; 17.427 ; 16.485 ;
; SW0[3]     ; HEX1[3]     ; 17.876 ; 17.876 ; 17.876 ; 17.876 ;
; SW0[3]     ; HEX1[4]     ; 17.942 ; 17.000 ; 17.000 ; 17.942 ;
; SW0[3]     ; HEX1[5]     ; 16.959 ; 17.901 ; 17.901 ; 16.959 ;
; SW0[3]     ; HEX1[6]     ; 17.879 ; 17.879 ; 17.879 ; 17.879 ;
; SW0[3]     ; HEX2[0]     ; 15.793 ; 15.793 ; 15.793 ; 15.793 ;
; SW0[3]     ; HEX2[1]     ; 11.069 ;        ;        ; 11.069 ;
; SW0[3]     ; HEX2[2]     ; 15.745 ; 15.617 ; 15.617 ; 15.745 ;
; SW0[3]     ; HEX2[3]     ; 15.801 ; 15.801 ; 15.801 ; 15.801 ;
; SW0[3]     ; HEX2[4]     ; 15.680 ; 15.808 ; 15.808 ; 15.680 ;
; SW0[3]     ; HEX2[5]     ; 15.671 ; 15.799 ; 15.799 ; 15.671 ;
; SW0[3]     ; HEX2[6]     ;        ; 11.544 ; 11.544 ;        ;
; SW0[4]     ; HEX0[0]     ; 13.583 ; 13.583 ; 13.583 ; 13.583 ;
; SW0[4]     ; HEX0[1]     ; 13.580 ; 13.242 ; 13.242 ; 13.580 ;
; SW0[4]     ; HEX0[2]     ; 12.953 ; 13.291 ; 13.291 ; 12.953 ;
; SW0[4]     ; HEX0[3]     ; 13.612 ; 13.612 ; 13.612 ; 13.612 ;
; SW0[4]     ; HEX0[4]     ; 13.304 ; 13.304 ; 13.304 ; 13.304 ;
; SW0[4]     ; HEX0[5]     ; 13.668 ; 14.006 ; 14.006 ; 13.668 ;
; SW0[4]     ; HEX0[6]     ; 13.860 ; 13.860 ; 13.860 ; 13.860 ;
; SW0[4]     ; HEX1[0]     ; 13.637 ; 12.833 ; 12.833 ; 13.637 ;
; SW0[4]     ; HEX1[1]     ; 14.149 ; 14.149 ; 14.149 ; 14.149 ;
; SW0[4]     ; HEX1[2]     ; 12.834 ; 13.638 ; 13.638 ; 12.834 ;
; SW0[4]     ; HEX1[3]     ; 14.087 ; 14.087 ; 14.087 ; 14.087 ;
; SW0[4]     ; HEX1[4]     ; 14.153 ; 13.349 ; 13.349 ; 14.153 ;
; SW0[4]     ; HEX1[5]     ; 13.308 ; 14.112 ; 14.112 ; 13.308 ;
; SW0[4]     ; HEX1[6]     ; 14.090 ; 14.090 ; 14.090 ; 14.090 ;
; SW0[4]     ; HEX2[0]     ; 12.062 ; 12.062 ; 12.062 ; 12.062 ;
; SW0[4]     ; HEX2[1]     ; 6.147  ;        ;        ; 6.147  ;
; SW0[4]     ; HEX2[2]     ; 11.956 ; 12.014 ; 12.014 ; 11.956 ;
; SW0[4]     ; HEX2[3]     ; 12.070 ; 12.070 ; 12.070 ; 12.070 ;
; SW0[4]     ; HEX2[4]     ; 12.077 ; 12.019 ; 12.019 ; 12.077 ;
; SW0[4]     ; HEX2[5]     ; 12.068 ; 12.010 ; 12.010 ; 12.068 ;
; SW0[4]     ; HEX2[6]     ;        ; 7.886  ; 7.886  ;        ;
; SW0[5]     ; HEX0[0]     ; 13.503 ; 13.503 ; 13.503 ; 13.503 ;
; SW0[5]     ; HEX0[1]     ; 13.500 ; 12.410 ; 12.410 ; 13.500 ;
; SW0[5]     ; HEX0[2]     ; 12.121 ; 13.211 ; 13.211 ; 12.121 ;
; SW0[5]     ; HEX0[3]     ; 13.532 ; 13.532 ; 13.532 ; 13.532 ;
; SW0[5]     ; HEX0[4]     ; 13.224 ; 13.224 ; 13.224 ; 13.224 ;
; SW0[5]     ; HEX0[5]     ; 12.836 ; 13.926 ; 13.926 ; 12.836 ;
; SW0[5]     ; HEX0[6]     ; 13.780 ; 13.780 ; 13.780 ; 13.780 ;
; SW0[5]     ; HEX1[0]     ; 12.772 ; 12.485 ; 12.485 ; 12.772 ;
; SW0[5]     ; HEX1[1]     ; 13.284 ; 13.284 ; 13.284 ; 13.284 ;
; SW0[5]     ; HEX1[2]     ; 12.486 ; 12.773 ; 12.773 ; 12.486 ;
; SW0[5]     ; HEX1[3]     ; 13.222 ; 13.222 ; 13.222 ; 13.222 ;
; SW0[5]     ; HEX1[4]     ; 13.288 ; 13.001 ; 13.001 ; 13.288 ;
; SW0[5]     ; HEX1[5]     ; 12.960 ; 13.247 ; 13.247 ; 12.960 ;
; SW0[5]     ; HEX1[6]     ; 13.225 ; 13.225 ; 13.225 ; 13.225 ;
; SW0[5]     ; HEX2[0]     ; 11.381 ; 11.381 ; 11.381 ; 11.381 ;
; SW0[5]     ; HEX2[1]     ; 6.531  ;        ;        ; 6.531  ;
; SW0[5]     ; HEX2[2]     ; 11.276 ; 11.333 ; 11.333 ; 11.276 ;
; SW0[5]     ; HEX2[3]     ; 11.389 ; 11.389 ; 11.389 ; 11.389 ;
; SW0[5]     ; HEX2[4]     ; 11.396 ; 11.339 ; 11.339 ; 11.396 ;
; SW0[5]     ; HEX2[5]     ; 11.387 ; 11.330 ; 11.330 ; 11.387 ;
; SW0[5]     ; HEX2[6]     ;        ; 7.541  ; 7.541  ;        ;
; SW0[6]     ; HEX0[0]     ; 16.560 ; 16.560 ; 16.560 ; 16.560 ;
; SW0[6]     ; HEX0[1]     ; 16.557 ; 16.053 ; 16.053 ; 16.557 ;
; SW0[6]     ; HEX0[2]     ; 15.764 ; 16.268 ; 16.268 ; 15.764 ;
; SW0[6]     ; HEX0[3]     ; 16.589 ; 16.589 ; 16.589 ; 16.589 ;
; SW0[6]     ; HEX0[4]     ; 16.281 ; 16.281 ; 16.281 ; 16.281 ;
; SW0[6]     ; HEX0[5]     ; 16.479 ; 16.983 ; 16.983 ; 16.479 ;
; SW0[6]     ; HEX0[6]     ; 16.837 ; 16.837 ; 16.837 ; 16.837 ;
; SW0[6]     ; HEX1[0]     ; 16.787 ; 15.845 ; 15.845 ; 16.787 ;
; SW0[6]     ; HEX1[1]     ; 17.299 ; 17.299 ; 17.299 ; 17.299 ;
; SW0[6]     ; HEX1[2]     ; 15.846 ; 16.788 ; 16.788 ; 15.846 ;
; SW0[6]     ; HEX1[3]     ; 17.237 ; 17.237 ; 17.237 ; 17.237 ;
; SW0[6]     ; HEX1[4]     ; 17.303 ; 16.361 ; 16.361 ; 17.303 ;
; SW0[6]     ; HEX1[5]     ; 16.320 ; 17.262 ; 17.262 ; 16.320 ;
; SW0[6]     ; HEX1[6]     ; 17.240 ; 17.240 ; 17.240 ; 17.240 ;
; SW0[6]     ; HEX2[0]     ; 15.392 ; 15.392 ; 15.392 ; 15.392 ;
; SW0[6]     ; HEX2[1]     ; 9.999  ;        ;        ; 9.999  ;
; SW0[6]     ; HEX2[2]     ; 14.852 ; 15.344 ; 15.344 ; 14.852 ;
; SW0[6]     ; HEX2[3]     ; 15.400 ; 15.400 ; 15.400 ; 15.400 ;
; SW0[6]     ; HEX2[4]     ; 15.407 ; 14.915 ; 14.915 ; 15.407 ;
; SW0[6]     ; HEX2[5]     ; 15.398 ; 14.906 ; 14.906 ; 15.398 ;
; SW0[6]     ; HEX2[6]     ;        ; 10.856 ; 10.856 ;        ;
; SW0[7]     ; HEX0[0]     ; 16.905 ; 16.905 ; 16.905 ; 16.905 ;
; SW0[7]     ; HEX0[1]     ; 16.609 ; 16.902 ; 16.902 ; 16.609 ;
; SW0[7]     ; HEX0[2]     ; 16.613 ; 16.320 ; 16.320 ; 16.613 ;
; SW0[7]     ; HEX0[3]     ; 16.934 ; 16.934 ; 16.934 ; 16.934 ;
; SW0[7]     ; HEX0[4]     ; 16.626 ; 16.626 ; 16.626 ; 16.626 ;
; SW0[7]     ; HEX0[5]     ; 17.328 ; 17.035 ; 17.035 ; 17.328 ;
; SW0[7]     ; HEX0[6]     ; 17.182 ; 17.182 ; 17.182 ; 17.182 ;
; SW0[7]     ; HEX1[0]     ; 15.955 ; 14.983 ; 14.983 ; 15.955 ;
; SW0[7]     ; HEX1[1]     ; 16.467 ; 15.414 ; 15.414 ; 16.467 ;
; SW0[7]     ; HEX1[2]     ; 15.958 ; 14.993 ; 14.993 ; 15.958 ;
; SW0[7]     ; HEX1[3]     ; 16.406 ; 15.436 ; 15.436 ; 16.406 ;
; SW0[7]     ; HEX1[4]     ; 16.510 ; 15.508 ; 15.508 ; 16.510 ;
; SW0[7]     ; HEX1[5]     ; 16.432 ; 15.468 ; 15.468 ; 16.432 ;
; SW0[7]     ; HEX1[6]     ; 16.450 ; 16.450 ; 16.450 ; 16.450 ;
; SW0[7]     ; HEX2[0]     ; 14.959 ; 14.959 ; 14.959 ; 14.959 ;
; SW0[7]     ; HEX2[1]     ; 10.242 ;        ;        ; 10.242 ;
; SW0[7]     ; HEX2[2]     ; 14.911 ; 14.743 ; 14.743 ; 14.911 ;
; SW0[7]     ; HEX2[3]     ; 14.967 ; 14.967 ; 14.967 ; 14.967 ;
; SW0[7]     ; HEX2[4]     ; 14.806 ; 14.974 ; 14.974 ; 14.806 ;
; SW0[7]     ; HEX2[5]     ; 14.797 ; 14.965 ; 14.965 ; 14.797 ;
; SW0[7]     ; HEX2[6]     ;        ; 10.964 ; 10.964 ;        ;
; SW0[8]     ; HEX0[0]     ; 17.745 ; 17.745 ; 17.745 ; 17.745 ;
; SW0[8]     ; HEX0[1]     ; 17.355 ; 17.742 ; 17.742 ; 17.355 ;
; SW0[8]     ; HEX0[2]     ; 17.453 ; 17.066 ; 17.066 ; 17.453 ;
; SW0[8]     ; HEX0[3]     ; 17.774 ; 17.774 ; 17.774 ; 17.774 ;
; SW0[8]     ; HEX0[4]     ; 17.466 ; 17.466 ; 17.466 ; 17.466 ;
; SW0[8]     ; HEX0[5]     ; 18.168 ; 17.781 ; 17.781 ; 18.168 ;
; SW0[8]     ; HEX0[6]     ; 18.022 ; 18.022 ; 18.022 ; 18.022 ;
; SW0[8]     ; HEX1[0]     ; 14.869 ; 14.869 ; 14.869 ; 14.869 ;
; SW0[8]     ; HEX1[1]     ; 15.380 ; 15.300 ; 15.300 ; 15.380 ;
; SW0[8]     ; HEX1[2]     ; 14.789 ; 14.879 ; 14.879 ; 14.789 ;
; SW0[8]     ; HEX1[3]     ; 15.322 ; 15.322 ; 15.322 ; 15.322 ;
; SW0[8]     ; HEX1[4]     ; 15.394 ; 15.394 ; 15.394 ; 15.394 ;
; SW0[8]     ; HEX1[5]     ; 15.263 ; 15.354 ; 15.354 ; 15.263 ;
; SW0[8]     ; HEX1[6]     ; 15.332 ; 15.332 ; 15.332 ; 15.332 ;
; SW0[8]     ; HEX2[0]     ; 14.500 ; 14.500 ; 14.500 ; 14.500 ;
; SW0[8]     ; HEX2[1]     ; 11.086 ;        ;        ; 11.086 ;
; SW0[8]     ; HEX2[2]     ; 14.445 ; 14.452 ; 14.452 ; 14.445 ;
; SW0[8]     ; HEX2[3]     ; 14.508 ; 14.508 ; 14.508 ; 14.508 ;
; SW0[8]     ; HEX2[4]     ; 14.515 ; 14.508 ; 14.508 ; 14.515 ;
; SW0[8]     ; HEX2[5]     ; 14.506 ; 14.499 ; 14.499 ; 14.506 ;
; SW0[8]     ; HEX2[6]     ;        ; 11.053 ; 11.053 ;        ;
+------------+-------------+--------+--------+--------+--------+


+--------------------------------------------------------------+
; Minimum Propagation Delay                                    ;
+------------+-------------+--------+--------+--------+--------+
; Input Port ; Output Port ; RR     ; RF     ; FR     ; FF     ;
+------------+-------------+--------+--------+--------+--------+
; SW0[0]     ; HEX0[0]     ; 11.209 ; 11.209 ; 11.209 ; 11.209 ;
; SW0[0]     ; HEX0[1]     ; 11.195 ; 11.195 ; 11.195 ; 11.195 ;
; SW0[0]     ; HEX0[2]     ; 10.958 ; 10.958 ; 10.958 ; 10.958 ;
; SW0[0]     ; HEX0[3]     ; 11.228 ; 11.228 ; 11.228 ; 11.228 ;
; SW0[0]     ; HEX0[4]     ; 10.931 ; 10.931 ; 10.931 ; 10.931 ;
; SW0[0]     ; HEX0[5]     ; 11.664 ; 11.664 ; 11.664 ; 11.664 ;
; SW0[0]     ; HEX0[6]     ; 11.474 ; 11.474 ; 11.474 ; 11.474 ;
; SW0[0]     ; HEX1[0]     ; 15.030 ; 15.030 ; 15.030 ; 15.030 ;
; SW0[0]     ; HEX1[1]     ; 15.542 ; 15.542 ; 15.542 ; 15.542 ;
; SW0[0]     ; HEX1[2]     ; 14.978 ;        ;        ; 14.978 ;
; SW0[0]     ; HEX1[3]     ; 15.480 ; 15.480 ; 15.480 ; 15.480 ;
; SW0[0]     ; HEX1[4]     ;        ; 15.545 ; 15.545 ;        ;
; SW0[0]     ; HEX1[5]     ; 16.848 ; 15.503 ; 15.503 ; 16.848 ;
; SW0[0]     ; HEX1[6]     ; 16.826 ; 15.485 ; 15.485 ; 16.826 ;
; SW0[1]     ; HEX0[0]     ; 11.595 ; 11.595 ; 11.595 ; 11.595 ;
; SW0[1]     ; HEX0[1]     ; 11.592 ; 11.592 ; 11.592 ; 11.592 ;
; SW0[1]     ; HEX0[2]     ; 11.303 ; 11.303 ; 11.303 ; 11.303 ;
; SW0[1]     ; HEX0[3]     ; 11.624 ; 11.624 ; 11.624 ; 11.624 ;
; SW0[1]     ; HEX0[4]     ; 11.316 ; 11.316 ; 11.316 ; 11.316 ;
; SW0[1]     ; HEX0[5]     ; 12.018 ; 12.018 ; 12.018 ; 12.018 ;
; SW0[1]     ; HEX0[6]     ; 11.872 ; 11.872 ; 11.872 ; 11.872 ;
; SW0[1]     ; HEX1[0]     ; 11.279 ; 11.279 ; 11.279 ; 11.279 ;
; SW0[1]     ; HEX1[1]     ; 11.791 ; 11.791 ; 11.791 ; 11.791 ;
; SW0[1]     ; HEX1[2]     ; 11.227 ; 11.227 ; 11.227 ; 11.227 ;
; SW0[1]     ; HEX1[3]     ; 11.729 ; 11.729 ; 11.729 ; 11.729 ;
; SW0[1]     ; HEX1[4]     ; 11.794 ; 11.794 ; 11.794 ; 11.794 ;
; SW0[1]     ; HEX1[5]     ; 11.752 ; 11.752 ; 11.752 ; 11.752 ;
; SW0[1]     ; HEX1[6]     ; 11.734 ; 11.734 ; 11.734 ; 11.734 ;
; SW0[1]     ; HEX2[0]     ; 11.939 ; 11.939 ; 11.939 ; 11.939 ;
; SW0[1]     ; HEX2[2]     ; 15.797 ; 11.891 ; 11.891 ; 15.797 ;
; SW0[1]     ; HEX2[3]     ; 11.947 ; 11.947 ; 11.947 ; 11.947 ;
; SW0[1]     ; HEX2[4]     ; 11.954 ; 15.860 ; 15.860 ; 11.954 ;
; SW0[1]     ; HEX2[5]     ; 11.945 ; 13.108 ; 13.108 ; 11.945 ;
; SW0[2]     ; HEX0[0]     ; 11.672 ; 11.672 ; 11.672 ; 11.672 ;
; SW0[2]     ; HEX0[1]     ; 11.669 ; 11.669 ; 11.669 ; 11.669 ;
; SW0[2]     ; HEX0[2]     ; 11.380 ; 11.380 ; 11.380 ; 11.380 ;
; SW0[2]     ; HEX0[3]     ; 11.701 ; 11.701 ; 11.701 ; 11.701 ;
; SW0[2]     ; HEX0[4]     ; 11.393 ; 11.393 ; 11.393 ; 11.393 ;
; SW0[2]     ; HEX0[5]     ; 12.095 ; 12.095 ; 12.095 ; 12.095 ;
; SW0[2]     ; HEX0[6]     ; 11.949 ; 11.949 ; 11.949 ; 11.949 ;
; SW0[2]     ; HEX1[0]     ; 11.620 ; 11.620 ; 11.620 ; 11.620 ;
; SW0[2]     ; HEX1[1]     ; 12.132 ; 12.132 ; 12.132 ; 12.132 ;
; SW0[2]     ; HEX1[2]     ; 11.568 ; 11.568 ; 11.568 ; 11.568 ;
; SW0[2]     ; HEX1[3]     ; 12.070 ; 12.070 ; 12.070 ; 12.070 ;
; SW0[2]     ; HEX1[4]     ; 12.135 ; 12.135 ; 12.135 ; 12.135 ;
; SW0[2]     ; HEX1[5]     ; 12.093 ; 12.093 ; 12.093 ; 12.093 ;
; SW0[2]     ; HEX1[6]     ; 12.075 ; 12.075 ; 12.075 ; 12.075 ;
; SW0[2]     ; HEX2[0]     ; 12.740 ; 12.740 ; 12.740 ; 12.740 ;
; SW0[2]     ; HEX2[1]     ; 11.047 ;        ;        ; 11.047 ;
; SW0[2]     ; HEX2[2]     ; 15.575 ; 12.692 ; 12.692 ; 15.575 ;
; SW0[2]     ; HEX2[3]     ; 12.748 ; 12.748 ; 12.748 ; 12.748 ;
; SW0[2]     ; HEX2[4]     ; 12.755 ; 15.638 ; 15.638 ; 12.755 ;
; SW0[2]     ; HEX2[5]     ; 12.746 ; 12.886 ; 12.886 ; 12.746 ;
; SW0[3]     ; HEX0[0]     ; 11.788 ; 11.788 ; 11.788 ; 11.788 ;
; SW0[3]     ; HEX0[1]     ; 11.790 ; 11.790 ; 11.790 ; 11.790 ;
; SW0[3]     ; HEX0[2]     ; 11.534 ; 11.534 ; 11.534 ; 11.534 ;
; SW0[3]     ; HEX0[3]     ; 11.820 ; 11.820 ; 11.820 ; 11.820 ;
; SW0[3]     ; HEX0[4]     ; 11.507 ; 11.507 ; 11.507 ; 11.507 ;
; SW0[3]     ; HEX0[5]     ; 12.240 ; 12.240 ; 12.240 ; 12.240 ;
; SW0[3]     ; HEX0[6]     ; 12.068 ; 12.068 ; 12.068 ; 12.068 ;
; SW0[3]     ; HEX1[0]     ; 11.694 ; 11.694 ; 11.694 ; 11.694 ;
; SW0[3]     ; HEX1[1]     ; 12.206 ; 12.206 ; 12.206 ; 12.206 ;
; SW0[3]     ; HEX1[2]     ; 11.642 ; 11.642 ; 11.642 ; 11.642 ;
; SW0[3]     ; HEX1[3]     ; 12.144 ; 12.144 ; 12.144 ; 12.144 ;
; SW0[3]     ; HEX1[4]     ; 12.209 ; 12.209 ; 12.209 ; 12.209 ;
; SW0[3]     ; HEX1[5]     ; 12.167 ; 12.167 ; 12.167 ; 12.167 ;
; SW0[3]     ; HEX1[6]     ; 12.149 ; 12.149 ; 12.149 ; 12.149 ;
; SW0[3]     ; HEX2[0]     ; 12.630 ; 11.425 ; 11.425 ; 12.630 ;
; SW0[3]     ; HEX2[1]     ; 11.069 ;        ;        ; 11.069 ;
; SW0[3]     ; HEX2[2]     ; 11.433 ; 12.582 ; 12.582 ; 11.433 ;
; SW0[3]     ; HEX2[3]     ; 11.428 ; 11.428 ; 11.428 ; 11.428 ;
; SW0[3]     ; HEX2[4]     ; 12.645 ; 11.437 ; 11.437 ; 12.645 ;
; SW0[3]     ; HEX2[5]     ; 11.425 ; 13.056 ; 13.056 ; 11.425 ;
; SW0[3]     ; HEX2[6]     ;        ; 11.544 ; 11.544 ;        ;
; SW0[4]     ; HEX0[0]     ; 8.542  ; 8.542  ; 8.542  ; 8.542  ;
; SW0[4]     ; HEX0[1]     ; 8.576  ; 8.576  ; 8.576  ; 8.576  ;
; SW0[4]     ; HEX0[2]     ; 8.330  ; 8.330  ; 8.330  ; 8.330  ;
; SW0[4]     ; HEX0[3]     ; 8.574  ; 8.574  ; 8.574  ; 8.574  ;
; SW0[4]     ; HEX0[4]     ; 8.275  ; 8.275  ; 8.275  ; 8.275  ;
; SW0[4]     ; HEX0[5]     ; 9.037  ; 9.037  ; 9.037  ; 9.037  ;
; SW0[4]     ; HEX0[6]     ; 8.854  ; 8.854  ; 8.854  ; 8.854  ;
; SW0[4]     ; HEX1[0]     ; 7.943  ; 7.943  ; 7.943  ; 7.943  ;
; SW0[4]     ; HEX1[1]     ; 8.455  ; 8.455  ; 8.455  ; 8.455  ;
; SW0[4]     ; HEX1[2]     ; 7.946  ; 7.946  ; 7.946  ; 7.946  ;
; SW0[4]     ; HEX1[3]     ; 8.394  ; 8.394  ; 8.394  ; 8.394  ;
; SW0[4]     ; HEX1[4]     ; 8.498  ; 8.498  ; 8.498  ; 8.498  ;
; SW0[4]     ; HEX1[5]     ; 8.420  ; 8.420  ; 8.420  ; 8.420  ;
; SW0[4]     ; HEX1[6]     ; 8.438  ; 8.438  ; 8.438  ; 8.438  ;
; SW0[4]     ; HEX2[0]     ; 7.997  ; 8.272  ; 8.272  ; 7.997  ;
; SW0[4]     ; HEX2[1]     ; 6.147  ;        ;        ; 6.147  ;
; SW0[4]     ; HEX2[2]     ; 8.288  ; 8.005  ; 8.005  ; 8.288  ;
; SW0[4]     ; HEX2[3]     ; 8.000  ; 8.000  ; 8.000  ; 8.000  ;
; SW0[4]     ; HEX2[4]     ; 8.009  ; 8.292  ; 8.292  ; 8.009  ;
; SW0[4]     ; HEX2[5]     ; 8.280  ; 7.997  ; 7.997  ; 8.280  ;
; SW0[4]     ; HEX2[6]     ;        ; 7.886  ; 7.886  ;        ;
; SW0[5]     ; HEX0[0]     ; 8.342  ; 8.342  ; 8.342  ; 8.342  ;
; SW0[5]     ; HEX0[1]     ; 8.328  ; 8.328  ; 8.328  ; 8.328  ;
; SW0[5]     ; HEX0[2]     ; 8.091  ; 8.091  ; 8.091  ; 8.091  ;
; SW0[5]     ; HEX0[3]     ; 8.361  ; 8.361  ; 8.361  ; 8.361  ;
; SW0[5]     ; HEX0[4]     ; 8.064  ; 8.064  ; 8.064  ; 8.064  ;
; SW0[5]     ; HEX0[5]     ; 8.797  ; 8.797  ; 8.797  ; 8.797  ;
; SW0[5]     ; HEX0[6]     ; 8.607  ; 8.607  ; 8.607  ; 8.607  ;
; SW0[5]     ; HEX1[0]     ; 7.728  ; 7.516  ; 7.516  ; 7.728  ;
; SW0[5]     ; HEX1[1]     ; 8.028  ; 8.028  ; 8.028  ; 8.028  ;
; SW0[5]     ; HEX1[2]     ; 7.517  ; 7.769  ; 7.769  ; 7.517  ;
; SW0[5]     ; HEX1[3]     ; 7.966  ; 7.966  ; 7.966  ; 7.966  ;
; SW0[5]     ; HEX1[4]     ; 8.253  ; 8.032  ; 8.032  ; 8.253  ;
; SW0[5]     ; HEX1[5]     ; 7.991  ; 8.243  ; 8.243  ; 7.991  ;
; SW0[5]     ; HEX1[6]     ; 7.969  ; 7.969  ; 7.969  ; 7.969  ;
; SW0[5]     ; HEX2[0]     ; 7.816  ; 8.144  ; 8.144  ; 7.816  ;
; SW0[5]     ; HEX2[1]     ; 6.531  ;        ;        ; 6.531  ;
; SW0[5]     ; HEX2[2]     ; 8.164  ; 7.824  ; 7.824  ; 8.164  ;
; SW0[5]     ; HEX2[3]     ; 7.819  ; 7.819  ; 7.819  ; 7.819  ;
; SW0[5]     ; HEX2[4]     ; 7.828  ; 8.168  ; 8.168  ; 7.828  ;
; SW0[5]     ; HEX2[5]     ; 8.156  ; 7.816  ; 7.816  ; 8.156  ;
; SW0[5]     ; HEX2[6]     ;        ; 7.541  ; 7.541  ;        ;
; SW0[6]     ; HEX0[0]     ; 12.193 ; 12.193 ; 12.193 ; 12.193 ;
; SW0[6]     ; HEX0[1]     ; 12.179 ; 12.179 ; 12.179 ; 12.179 ;
; SW0[6]     ; HEX0[2]     ; 11.942 ; 11.942 ; 11.942 ; 11.942 ;
; SW0[6]     ; HEX0[3]     ; 12.212 ; 12.212 ; 12.212 ; 12.212 ;
; SW0[6]     ; HEX0[4]     ; 11.915 ; 11.915 ; 11.915 ; 11.915 ;
; SW0[6]     ; HEX0[5]     ; 12.648 ; 12.648 ; 12.648 ; 12.648 ;
; SW0[6]     ; HEX0[6]     ; 12.458 ; 12.458 ; 12.458 ; 12.458 ;
; SW0[6]     ; HEX1[0]     ; 11.941 ; 11.370 ; 11.370 ; 11.941 ;
; SW0[6]     ; HEX1[1]     ; 12.325 ; 11.882 ; 11.882 ; 12.325 ;
; SW0[6]     ; HEX1[2]     ; 11.814 ; 11.373 ; 11.373 ; 11.814 ;
; SW0[6]     ; HEX1[3]     ; 12.263 ; 11.821 ; 11.821 ; 12.263 ;
; SW0[6]     ; HEX1[4]     ; 12.456 ; 11.925 ; 11.925 ; 12.456 ;
; SW0[6]     ; HEX1[5]     ; 12.288 ; 11.847 ; 11.847 ; 12.288 ;
; SW0[6]     ; HEX1[6]     ; 11.865 ; 11.865 ; 11.865 ; 11.865 ;
; SW0[6]     ; HEX2[0]     ; 11.392 ; 11.563 ; 11.563 ; 11.392 ;
; SW0[6]     ; HEX2[1]     ; 9.999  ;        ;        ; 9.999  ;
; SW0[6]     ; HEX2[2]     ; 11.571 ; 11.400 ; 11.400 ; 11.571 ;
; SW0[6]     ; HEX2[3]     ; 11.395 ; 11.395 ; 11.395 ; 11.395 ;
; SW0[6]     ; HEX2[4]     ; 11.404 ; 11.575 ; 11.575 ; 11.404 ;
; SW0[6]     ; HEX2[5]     ; 11.563 ; 11.392 ; 11.392 ; 11.563 ;
; SW0[6]     ; HEX2[6]     ;        ; 10.856 ; 10.856 ;        ;
; SW0[7]     ; HEX0[0]     ; 12.527 ; 12.845 ; 12.845 ; 12.527 ;
; SW0[7]     ; HEX0[1]     ; 12.561 ; 12.561 ; 12.561 ; 12.561 ;
; SW0[7]     ; HEX0[2]     ; 12.312 ; 12.315 ; 12.315 ; 12.312 ;
; SW0[7]     ; HEX0[3]     ; 12.559 ; 12.559 ; 12.559 ; 12.559 ;
; SW0[7]     ; HEX0[4]     ; 12.260 ; 12.567 ; 12.567 ; 12.260 ;
; SW0[7]     ; HEX0[5]     ; 13.018 ; 13.022 ; 13.022 ; 13.018 ;
; SW0[7]     ; HEX0[6]     ; 12.839 ; 12.839 ; 12.839 ; 12.839 ;
; SW0[7]     ; HEX1[0]     ; 11.095 ; 10.889 ; 10.889 ; 11.095 ;
; SW0[7]     ; HEX1[1]     ; 11.607 ; 11.401 ; 11.401 ; 11.607 ;
; SW0[7]     ; HEX1[2]     ; 11.043 ; 10.892 ; 10.892 ; 11.043 ;
; SW0[7]     ; HEX1[3]     ; 11.545 ; 11.340 ; 11.340 ; 11.545 ;
; SW0[7]     ; HEX1[4]     ; 11.610 ; 11.444 ; 11.444 ; 11.610 ;
; SW0[7]     ; HEX1[5]     ; 11.568 ; 11.366 ; 11.366 ; 11.568 ;
; SW0[7]     ; HEX1[6]     ; 11.384 ; 11.384 ; 11.384 ; 11.384 ;
; SW0[7]     ; HEX2[0]     ; 11.451 ; 11.656 ; 11.656 ; 11.451 ;
; SW0[7]     ; HEX2[1]     ; 10.242 ;        ;        ; 10.242 ;
; SW0[7]     ; HEX2[2]     ; 12.053 ; 11.459 ; 11.459 ; 12.053 ;
; SW0[7]     ; HEX2[3]     ; 11.454 ; 11.454 ; 11.454 ; 11.454 ;
; SW0[7]     ; HEX2[4]     ; 11.463 ; 12.057 ; 12.057 ; 11.463 ;
; SW0[7]     ; HEX2[5]     ; 12.045 ; 11.451 ; 11.451 ; 12.045 ;
; SW0[7]     ; HEX2[6]     ;        ; 10.964 ; 10.964 ;        ;
; SW0[8]     ; HEX0[0]     ; 12.379 ; 12.927 ; 12.927 ; 12.379 ;
; SW0[8]     ; HEX0[1]     ; 12.381 ; 12.924 ; 12.924 ; 12.381 ;
; SW0[8]     ; HEX0[2]     ; 12.125 ; 12.778 ; 12.778 ; 12.125 ;
; SW0[8]     ; HEX0[3]     ; 12.411 ; 12.956 ; 12.956 ; 12.411 ;
; SW0[8]     ; HEX0[4]     ; 12.098 ; 12.648 ; 12.648 ; 12.098 ;
; SW0[8]     ; HEX0[5]     ; 12.831 ; 13.493 ; 13.493 ; 12.831 ;
; SW0[8]     ; HEX0[6]     ; 12.659 ; 12.659 ; 12.659 ; 12.659 ;
; SW0[8]     ; HEX1[0]     ; 11.350 ; 11.350 ; 11.350 ; 11.350 ;
; SW0[8]     ; HEX1[1]     ; 11.861 ; 11.980 ; 11.980 ; 11.861 ;
; SW0[8]     ; HEX1[2]     ; 11.425 ; 11.360 ; 11.360 ; 11.425 ;
; SW0[8]     ; HEX1[3]     ; 11.803 ; 11.803 ; 11.803 ; 11.803 ;
; SW0[8]     ; HEX1[4]     ; 11.875 ; 11.875 ; 11.875 ; 11.875 ;
; SW0[8]     ; HEX1[5]     ; 11.950 ; 11.835 ; 11.835 ; 11.950 ;
; SW0[8]     ; HEX1[6]     ; 11.813 ; 11.813 ; 11.813 ; 11.813 ;
; SW0[8]     ; HEX2[0]     ; 10.852 ; 10.852 ; 10.852 ; 10.852 ;
; SW0[8]     ; HEX2[1]     ; 11.086 ;        ;        ; 11.086 ;
; SW0[8]     ; HEX2[2]     ; 10.860 ; 10.860 ; 10.860 ; 10.860 ;
; SW0[8]     ; HEX2[3]     ; 10.855 ; 10.855 ; 10.855 ; 10.855 ;
; SW0[8]     ; HEX2[4]     ; 10.864 ; 10.864 ; 10.864 ; 10.864 ;
; SW0[8]     ; HEX2[5]     ; 10.852 ; 10.852 ; 10.852 ; 10.852 ;
; SW0[8]     ; HEX2[6]     ;        ; 11.053 ; 11.053 ;        ;
+------------+-------------+--------+--------+--------+--------+


----------------------------
; Fast Model Setup Summary ;
----------------------------
No paths to report.


---------------------------
; Fast Model Hold Summary ;
---------------------------
No paths to report.


-------------------------------
; Fast Model Recovery Summary ;
-------------------------------
No paths to report.


------------------------------
; Fast Model Removal Summary ;
------------------------------
No paths to report.


------------------------------------------
; Fast Model Minimum Pulse Width Summary ;
------------------------------------------
No paths to report.


+----------------------------------------------------------+
; Propagation Delay                                        ;
+------------+-------------+-------+-------+-------+-------+
; Input Port ; Output Port ; RR    ; RF    ; FR    ; FF    ;
+------------+-------------+-------+-------+-------+-------+
; SW0[0]     ; HEX0[0]     ; 8.361 ; 8.401 ; 8.401 ; 8.361 ;
; SW0[0]     ; HEX0[1]     ; 8.390 ; 8.390 ; 8.390 ; 8.390 ;
; SW0[0]     ; HEX0[2]     ; 8.283 ; 8.162 ; 8.162 ; 8.283 ;
; SW0[0]     ; HEX0[3]     ; 8.401 ; 8.401 ; 8.401 ; 8.401 ;
; SW0[0]     ; HEX0[4]     ; 8.217 ; 8.257 ; 8.257 ; 8.217 ;
; SW0[0]     ; HEX0[5]     ; 8.599 ; 8.476 ; 8.476 ; 8.599 ;
; SW0[0]     ; HEX0[6]     ; 8.515 ; 8.515 ; 8.515 ; 8.515 ;
; SW0[0]     ; HEX1[0]     ; 7.761 ; 8.379 ; 8.379 ; 7.761 ;
; SW0[0]     ; HEX1[1]     ; 8.633 ; 8.633 ; 8.633 ; 8.633 ;
; SW0[0]     ; HEX1[2]     ; 8.380 ;       ;       ; 8.380 ;
; SW0[0]     ; HEX1[3]     ; 8.570 ; 8.570 ; 8.570 ; 8.570 ;
; SW0[0]     ; HEX1[4]     ;       ; 8.636 ; 8.636 ;       ;
; SW0[0]     ; HEX1[5]     ; 8.601 ; 7.975 ; 7.975 ; 8.601 ;
; SW0[0]     ; HEX1[6]     ; 8.575 ; 8.575 ; 8.575 ; 8.575 ;
; SW0[1]     ; HEX0[0]     ; 9.043 ; 9.043 ; 9.043 ; 9.043 ;
; SW0[1]     ; HEX0[1]     ; 9.044 ; 8.656 ; 8.656 ; 9.044 ;
; SW0[1]     ; HEX0[2]     ; 8.539 ; 8.927 ; 8.927 ; 8.539 ;
; SW0[1]     ; HEX0[3]     ; 9.051 ; 9.051 ; 9.051 ; 9.051 ;
; SW0[1]     ; HEX0[4]     ; 8.899 ; 8.899 ; 8.899 ; 8.899 ;
; SW0[1]     ; HEX0[5]     ; 8.853 ; 9.241 ; 9.241 ; 8.853 ;
; SW0[1]     ; HEX0[6]     ; 9.165 ; 9.165 ; 9.165 ; 9.165 ;
; SW0[1]     ; HEX1[0]     ; 9.184 ; 8.377 ; 8.377 ; 9.184 ;
; SW0[1]     ; HEX1[1]     ; 9.438 ; 9.438 ; 9.438 ; 9.438 ;
; SW0[1]     ; HEX1[2]     ; 8.378 ; 9.185 ; 9.185 ; 8.378 ;
; SW0[1]     ; HEX1[3]     ; 9.375 ; 9.375 ; 9.375 ; 9.375 ;
; SW0[1]     ; HEX1[4]     ; 9.441 ; 8.634 ; 8.634 ; 9.441 ;
; SW0[1]     ; HEX1[5]     ; 8.599 ; 9.406 ; 9.406 ; 8.599 ;
; SW0[1]     ; HEX1[6]     ; 9.380 ; 9.380 ; 9.380 ; 9.380 ;
; SW0[1]     ; HEX2[0]     ; 8.126 ; 8.126 ; 8.126 ; 8.126 ;
; SW0[1]     ; HEX2[2]     ; 8.128 ; 8.089 ; 8.089 ; 8.128 ;
; SW0[1]     ; HEX2[3]     ; 8.134 ; 8.134 ; 8.134 ; 8.134 ;
; SW0[1]     ; HEX2[4]     ; 8.104 ; 8.143 ; 8.143 ; 8.104 ;
; SW0[1]     ; HEX2[5]     ; 8.093 ; 8.132 ; 8.132 ; 8.093 ;
; SW0[2]     ; HEX0[0]     ; 8.983 ; 8.983 ; 8.983 ; 8.983 ;
; SW0[2]     ; HEX0[1]     ; 8.984 ; 8.596 ; 8.596 ; 8.984 ;
; SW0[2]     ; HEX0[2]     ; 8.479 ; 8.867 ; 8.867 ; 8.479 ;
; SW0[2]     ; HEX0[3]     ; 8.991 ; 8.991 ; 8.991 ; 8.991 ;
; SW0[2]     ; HEX0[4]     ; 8.839 ; 8.839 ; 8.839 ; 8.839 ;
; SW0[2]     ; HEX0[5]     ; 8.793 ; 9.181 ; 9.181 ; 8.793 ;
; SW0[2]     ; HEX0[6]     ; 9.105 ; 9.105 ; 9.105 ; 9.105 ;
; SW0[2]     ; HEX1[0]     ; 9.124 ; 8.380 ; 8.380 ; 9.124 ;
; SW0[2]     ; HEX1[1]     ; 9.378 ; 9.378 ; 9.378 ; 9.378 ;
; SW0[2]     ; HEX1[2]     ; 8.381 ; 9.125 ; 9.125 ; 8.381 ;
; SW0[2]     ; HEX1[3]     ; 9.315 ; 9.315 ; 9.315 ; 9.315 ;
; SW0[2]     ; HEX1[4]     ; 9.381 ; 8.637 ; 8.637 ; 9.381 ;
; SW0[2]     ; HEX1[5]     ; 8.602 ; 9.346 ; 9.346 ; 8.602 ;
; SW0[2]     ; HEX1[6]     ; 9.320 ; 9.320 ; 9.320 ; 9.320 ;
; SW0[2]     ; HEX2[0]     ; 8.184 ; 8.184 ; 8.184 ; 8.184 ;
; SW0[2]     ; HEX2[1]     ; 6.048 ;       ;       ; 6.048 ;
; SW0[2]     ; HEX2[2]     ; 8.068 ; 8.186 ; 8.186 ; 8.068 ;
; SW0[2]     ; HEX2[3]     ; 8.192 ; 8.192 ; 8.192 ; 8.192 ;
; SW0[2]     ; HEX2[4]     ; 8.201 ; 8.083 ; 8.083 ; 8.201 ;
; SW0[2]     ; HEX2[5]     ; 8.190 ; 8.072 ; 8.072 ; 8.190 ;
; SW0[3]     ; HEX0[0]     ; 8.806 ; 8.806 ; 8.806 ; 8.806 ;
; SW0[3]     ; HEX0[1]     ; 8.807 ; 8.547 ; 8.547 ; 8.807 ;
; SW0[3]     ; HEX0[2]     ; 8.430 ; 8.690 ; 8.690 ; 8.430 ;
; SW0[3]     ; HEX0[3]     ; 8.814 ; 8.814 ; 8.814 ; 8.814 ;
; SW0[3]     ; HEX0[4]     ; 8.662 ; 8.662 ; 8.662 ; 8.662 ;
; SW0[3]     ; HEX0[5]     ; 8.744 ; 9.004 ; 9.004 ; 8.744 ;
; SW0[3]     ; HEX0[6]     ; 8.928 ; 8.928 ; 8.928 ; 8.928 ;
; SW0[3]     ; HEX1[0]     ; 8.831 ; 8.419 ; 8.419 ; 8.831 ;
; SW0[3]     ; HEX1[1]     ; 9.085 ; 9.085 ; 9.085 ; 9.085 ;
; SW0[3]     ; HEX1[2]     ; 8.420 ; 8.832 ; 8.832 ; 8.420 ;
; SW0[3]     ; HEX1[3]     ; 9.022 ; 9.022 ; 9.022 ; 9.022 ;
; SW0[3]     ; HEX1[4]     ; 9.088 ; 8.676 ; 8.676 ; 9.088 ;
; SW0[3]     ; HEX1[5]     ; 8.641 ; 9.053 ; 9.053 ; 8.641 ;
; SW0[3]     ; HEX1[6]     ; 9.027 ; 9.027 ; 9.027 ; 9.027 ;
; SW0[3]     ; HEX2[0]     ; 8.118 ; 8.118 ; 8.118 ; 8.118 ;
; SW0[3]     ; HEX2[1]     ; 6.086 ;       ;       ; 6.086 ;
; SW0[3]     ; HEX2[2]     ; 8.120 ; 8.046 ; 8.046 ; 8.120 ;
; SW0[3]     ; HEX2[3]     ; 8.126 ; 8.126 ; 8.126 ; 8.126 ;
; SW0[3]     ; HEX2[4]     ; 8.061 ; 8.135 ; 8.135 ; 8.061 ;
; SW0[3]     ; HEX2[5]     ; 8.050 ; 8.124 ; 8.124 ; 8.050 ;
; SW0[3]     ; HEX2[6]     ;       ; 6.278 ; 6.278 ;       ;
; SW0[4]     ; HEX0[0]     ; 6.458 ; 6.458 ; 6.458 ; 6.458 ;
; SW0[4]     ; HEX0[1]     ; 6.459 ; 6.333 ; 6.333 ; 6.459 ;
; SW0[4]     ; HEX0[2]     ; 6.216 ; 6.342 ; 6.342 ; 6.216 ;
; SW0[4]     ; HEX0[3]     ; 6.466 ; 6.466 ; 6.466 ; 6.466 ;
; SW0[4]     ; HEX0[4]     ; 6.314 ; 6.314 ; 6.314 ; 6.314 ;
; SW0[4]     ; HEX0[5]     ; 6.530 ; 6.656 ; 6.656 ; 6.530 ;
; SW0[4]     ; HEX0[6]     ; 6.580 ; 6.580 ; 6.580 ; 6.580 ;
; SW0[4]     ; HEX1[0]     ; 6.509 ; 6.173 ; 6.173 ; 6.509 ;
; SW0[4]     ; HEX1[1]     ; 6.763 ; 6.763 ; 6.763 ; 6.763 ;
; SW0[4]     ; HEX1[2]     ; 6.174 ; 6.510 ; 6.510 ; 6.174 ;
; SW0[4]     ; HEX1[3]     ; 6.700 ; 6.700 ; 6.700 ; 6.700 ;
; SW0[4]     ; HEX1[4]     ; 6.766 ; 6.430 ; 6.430 ; 6.766 ;
; SW0[4]     ; HEX1[5]     ; 6.395 ; 6.731 ; 6.731 ; 6.395 ;
; SW0[4]     ; HEX1[6]     ; 6.705 ; 6.705 ; 6.705 ; 6.705 ;
; SW0[4]     ; HEX2[0]     ; 5.804 ; 5.804 ; 5.804 ; 5.804 ;
; SW0[4]     ; HEX2[1]     ; 3.230 ;       ;       ; 3.230 ;
; SW0[4]     ; HEX2[2]     ; 5.798 ; 5.806 ; 5.806 ; 5.798 ;
; SW0[4]     ; HEX2[3]     ; 5.812 ; 5.812 ; 5.812 ; 5.812 ;
; SW0[4]     ; HEX2[4]     ; 5.821 ; 5.813 ; 5.813 ; 5.821 ;
; SW0[4]     ; HEX2[5]     ; 5.810 ; 5.802 ; 5.802 ; 5.810 ;
; SW0[4]     ; HEX2[6]     ;       ; 4.039 ; 4.039 ;       ;
; SW0[5]     ; HEX0[0]     ; 6.440 ; 6.440 ; 6.440 ; 6.440 ;
; SW0[5]     ; HEX0[1]     ; 6.441 ; 5.943 ; 5.943 ; 6.441 ;
; SW0[5]     ; HEX0[2]     ; 5.826 ; 6.324 ; 6.324 ; 5.826 ;
; SW0[5]     ; HEX0[3]     ; 6.448 ; 6.448 ; 6.448 ; 6.448 ;
; SW0[5]     ; HEX0[4]     ; 6.296 ; 6.296 ; 6.296 ; 6.296 ;
; SW0[5]     ; HEX0[5]     ; 6.140 ; 6.638 ; 6.638 ; 6.140 ;
; SW0[5]     ; HEX0[6]     ; 6.562 ; 6.562 ; 6.562 ; 6.562 ;
; SW0[5]     ; HEX1[0]     ; 6.172 ; 6.040 ; 6.040 ; 6.172 ;
; SW0[5]     ; HEX1[1]     ; 6.426 ; 6.426 ; 6.426 ; 6.426 ;
; SW0[5]     ; HEX1[2]     ; 6.041 ; 6.173 ; 6.173 ; 6.041 ;
; SW0[5]     ; HEX1[3]     ; 6.363 ; 6.363 ; 6.363 ; 6.363 ;
; SW0[5]     ; HEX1[4]     ; 6.429 ; 6.297 ; 6.297 ; 6.429 ;
; SW0[5]     ; HEX1[5]     ; 6.262 ; 6.394 ; 6.394 ; 6.262 ;
; SW0[5]     ; HEX1[6]     ; 6.368 ; 6.368 ; 6.368 ; 6.368 ;
; SW0[5]     ; HEX2[0]     ; 5.518 ; 5.518 ; 5.518 ; 5.518 ;
; SW0[5]     ; HEX2[1]     ; 3.423 ;       ;       ; 3.423 ;
; SW0[5]     ; HEX2[2]     ; 5.509 ; 5.520 ; 5.520 ; 5.509 ;
; SW0[5]     ; HEX2[3]     ; 5.526 ; 5.526 ; 5.526 ; 5.526 ;
; SW0[5]     ; HEX2[4]     ; 5.535 ; 5.524 ; 5.524 ; 5.535 ;
; SW0[5]     ; HEX2[5]     ; 5.524 ; 5.513 ; 5.513 ; 5.524 ;
; SW0[5]     ; HEX2[6]     ;       ; 3.872 ; 3.872 ;       ;
; SW0[6]     ; HEX0[0]     ; 8.439 ; 8.439 ; 8.439 ; 8.439 ;
; SW0[6]     ; HEX0[1]     ; 8.440 ; 8.220 ; 8.220 ; 8.440 ;
; SW0[6]     ; HEX0[2]     ; 8.103 ; 8.323 ; 8.323 ; 8.103 ;
; SW0[6]     ; HEX0[3]     ; 8.447 ; 8.447 ; 8.447 ; 8.447 ;
; SW0[6]     ; HEX0[4]     ; 8.295 ; 8.295 ; 8.295 ; 8.295 ;
; SW0[6]     ; HEX0[5]     ; 8.417 ; 8.637 ; 8.637 ; 8.417 ;
; SW0[6]     ; HEX0[6]     ; 8.561 ; 8.561 ; 8.561 ; 8.561 ;
; SW0[6]     ; HEX1[0]     ; 8.583 ; 8.148 ; 8.148 ; 8.583 ;
; SW0[6]     ; HEX1[1]     ; 8.837 ; 8.837 ; 8.837 ; 8.837 ;
; SW0[6]     ; HEX1[2]     ; 8.149 ; 8.584 ; 8.584 ; 8.149 ;
; SW0[6]     ; HEX1[3]     ; 8.774 ; 8.774 ; 8.774 ; 8.774 ;
; SW0[6]     ; HEX1[4]     ; 8.840 ; 8.405 ; 8.405 ; 8.840 ;
; SW0[6]     ; HEX1[5]     ; 8.370 ; 8.805 ; 8.805 ; 8.370 ;
; SW0[6]     ; HEX1[6]     ; 8.779 ; 8.779 ; 8.779 ; 8.779 ;
; SW0[6]     ; HEX2[0]     ; 7.925 ; 7.925 ; 7.925 ; 7.925 ;
; SW0[6]     ; HEX2[1]     ; 5.604 ;       ;       ; 5.604 ;
; SW0[6]     ; HEX2[2]     ; 7.703 ; 7.927 ; 7.927 ; 7.703 ;
; SW0[6]     ; HEX2[3]     ; 7.933 ; 7.933 ; 7.933 ; 7.933 ;
; SW0[6]     ; HEX2[4]     ; 7.942 ; 7.718 ; 7.718 ; 7.942 ;
; SW0[6]     ; HEX2[5]     ; 7.931 ; 7.707 ; 7.707 ; 7.931 ;
; SW0[6]     ; HEX2[6]     ;       ; 5.992 ; 5.992 ;       ;
; SW0[7]     ; HEX0[0]     ; 8.576 ; 8.576 ; 8.576 ; 8.576 ;
; SW0[7]     ; HEX0[1]     ; 8.416 ; 8.577 ; 8.577 ; 8.416 ;
; SW0[7]     ; HEX0[2]     ; 8.460 ; 8.299 ; 8.299 ; 8.460 ;
; SW0[7]     ; HEX0[3]     ; 8.584 ; 8.584 ; 8.584 ; 8.584 ;
; SW0[7]     ; HEX0[4]     ; 8.432 ; 8.432 ; 8.432 ; 8.432 ;
; SW0[7]     ; HEX0[5]     ; 8.774 ; 8.613 ; 8.613 ; 8.774 ;
; SW0[7]     ; HEX0[6]     ; 8.698 ; 8.698 ; 8.698 ; 8.698 ;
; SW0[7]     ; HEX1[0]     ; 8.167 ; 7.743 ; 7.743 ; 8.167 ;
; SW0[7]     ; HEX1[1]     ; 8.415 ; 7.974 ; 7.974 ; 8.415 ;
; SW0[7]     ; HEX1[2]     ; 8.161 ; 7.751 ; 7.751 ; 8.161 ;
; SW0[7]     ; HEX1[3]     ; 8.352 ; 7.939 ; 7.939 ; 8.352 ;
; SW0[7]     ; HEX1[4]     ; 8.418 ; 8.007 ; 8.007 ; 8.418 ;
; SW0[7]     ; HEX1[5]     ; 8.382 ; 7.972 ; 7.972 ; 8.382 ;
; SW0[7]     ; HEX1[6]     ; 8.356 ; 8.356 ; 8.356 ; 8.356 ;
; SW0[7]     ; HEX2[0]     ; 7.733 ; 7.733 ; 7.733 ; 7.733 ;
; SW0[7]     ; HEX2[1]     ; 5.674 ;       ;       ; 5.674 ;
; SW0[7]     ; HEX2[2]     ; 7.735 ; 7.686 ; 7.686 ; 7.735 ;
; SW0[7]     ; HEX2[3]     ; 7.741 ; 7.741 ; 7.741 ; 7.741 ;
; SW0[7]     ; HEX2[4]     ; 7.701 ; 7.750 ; 7.750 ; 7.701 ;
; SW0[7]     ; HEX2[5]     ; 7.690 ; 7.739 ; 7.739 ; 7.690 ;
; SW0[7]     ; HEX2[6]     ;       ; 6.031 ; 6.031 ;       ;
; SW0[8]     ; HEX0[0]     ; 9.017 ; 9.017 ; 9.017 ; 9.017 ;
; SW0[8]     ; HEX0[1]     ; 8.819 ; 9.018 ; 9.018 ; 8.819 ;
; SW0[8]     ; HEX0[2]     ; 8.901 ; 8.702 ; 8.702 ; 8.901 ;
; SW0[8]     ; HEX0[3]     ; 9.025 ; 9.025 ; 9.025 ; 9.025 ;
; SW0[8]     ; HEX0[4]     ; 8.873 ; 8.873 ; 8.873 ; 8.873 ;
; SW0[8]     ; HEX0[5]     ; 9.215 ; 9.016 ; 9.016 ; 9.215 ;
; SW0[8]     ; HEX0[6]     ; 9.139 ; 9.139 ; 9.139 ; 9.139 ;
; SW0[8]     ; HEX1[0]     ; 7.697 ; 7.697 ; 7.697 ; 7.697 ;
; SW0[8]     ; HEX1[1]     ; 7.970 ; 7.928 ; 7.928 ; 7.970 ;
; SW0[8]     ; HEX1[2]     ; 7.675 ; 7.705 ; 7.705 ; 7.675 ;
; SW0[8]     ; HEX1[3]     ; 7.893 ; 7.893 ; 7.893 ; 7.893 ;
; SW0[8]     ; HEX1[4]     ; 7.961 ; 7.961 ; 7.961 ; 7.961 ;
; SW0[8]     ; HEX1[5]     ; 7.896 ; 7.926 ; 7.926 ; 7.896 ;
; SW0[8]     ; HEX1[6]     ; 7.900 ; 7.900 ; 7.900 ; 7.900 ;
; SW0[8]     ; HEX2[0]     ; 7.610 ; 7.610 ; 7.610 ; 7.610 ;
; SW0[8]     ; HEX2[1]     ; 6.112 ;       ;       ; 6.112 ;
; SW0[8]     ; HEX2[2]     ; 7.612 ; 7.612 ; 7.612 ; 7.612 ;
; SW0[8]     ; HEX2[3]     ; 7.618 ; 7.618 ; 7.618 ; 7.618 ;
; SW0[8]     ; HEX2[4]     ; 7.627 ; 7.627 ; 7.627 ; 7.627 ;
; SW0[8]     ; HEX2[5]     ; 7.616 ; 7.616 ; 7.616 ; 7.616 ;
; SW0[8]     ; HEX2[6]     ;       ; 6.106 ; 6.106 ;       ;
+------------+-------------+-------+-------+-------+-------+


+----------------------------------------------------------+
; Minimum Propagation Delay                                ;
+------------+-------------+-------+-------+-------+-------+
; Input Port ; Output Port ; RR    ; RF    ; FR    ; FF    ;
+------------+-------------+-------+-------+-------+-------+
; SW0[0]     ; HEX0[0]     ; 6.130 ; 6.130 ; 6.130 ; 6.130 ;
; SW0[0]     ; HEX0[1]     ; 6.109 ; 6.109 ; 6.109 ; 6.109 ;
; SW0[0]     ; HEX0[2]     ; 6.007 ; 6.007 ; 6.007 ; 6.007 ;
; SW0[0]     ; HEX0[3]     ; 6.127 ; 6.127 ; 6.127 ; 6.127 ;
; SW0[0]     ; HEX0[4]     ; 5.986 ; 5.986 ; 5.986 ; 5.986 ;
; SW0[0]     ; HEX0[5]     ; 6.327 ; 6.327 ; 6.327 ; 6.327 ;
; SW0[0]     ; HEX0[6]     ; 6.239 ; 6.239 ; 6.239 ; 6.239 ;
; SW0[0]     ; HEX1[0]     ; 7.761 ; 7.761 ; 7.761 ; 7.761 ;
; SW0[0]     ; HEX1[1]     ; 8.009 ; 8.009 ; 8.009 ; 8.009 ;
; SW0[0]     ; HEX1[2]     ; 7.748 ;       ;       ; 7.748 ;
; SW0[0]     ; HEX1[3]     ; 7.952 ; 7.952 ; 7.952 ; 7.952 ;
; SW0[0]     ; HEX1[4]     ;       ; 8.013 ; 8.013 ;       ;
; SW0[0]     ; HEX1[5]     ; 8.601 ; 7.975 ; 7.975 ; 8.601 ;
; SW0[0]     ; HEX1[6]     ; 8.575 ; 7.949 ; 7.949 ; 8.575 ;
; SW0[1]     ; HEX0[0]     ; 6.286 ; 6.286 ; 6.286 ; 6.286 ;
; SW0[1]     ; HEX0[1]     ; 6.287 ; 6.287 ; 6.287 ; 6.287 ;
; SW0[1]     ; HEX0[2]     ; 6.170 ; 6.170 ; 6.170 ; 6.170 ;
; SW0[1]     ; HEX0[3]     ; 6.294 ; 6.294 ; 6.294 ; 6.294 ;
; SW0[1]     ; HEX0[4]     ; 6.142 ; 6.142 ; 6.142 ; 6.142 ;
; SW0[1]     ; HEX0[5]     ; 6.484 ; 6.484 ; 6.484 ; 6.484 ;
; SW0[1]     ; HEX0[6]     ; 6.408 ; 6.408 ; 6.408 ; 6.408 ;
; SW0[1]     ; HEX1[0]     ; 6.130 ; 6.130 ; 6.130 ; 6.130 ;
; SW0[1]     ; HEX1[1]     ; 6.378 ; 6.378 ; 6.378 ; 6.378 ;
; SW0[1]     ; HEX1[2]     ; 6.117 ; 6.117 ; 6.117 ; 6.117 ;
; SW0[1]     ; HEX1[3]     ; 6.321 ; 6.321 ; 6.321 ; 6.321 ;
; SW0[1]     ; HEX1[4]     ; 6.382 ; 6.382 ; 6.382 ; 6.382 ;
; SW0[1]     ; HEX1[5]     ; 6.344 ; 6.344 ; 6.344 ; 6.344 ;
; SW0[1]     ; HEX1[6]     ; 6.318 ; 6.318 ; 6.318 ; 6.318 ;
; SW0[1]     ; HEX2[0]     ; 6.411 ; 6.411 ; 6.411 ; 6.411 ;
; SW0[1]     ; HEX2[2]     ; 8.117 ; 6.413 ; 6.413 ; 8.117 ;
; SW0[1]     ; HEX2[3]     ; 6.419 ; 6.419 ; 6.419 ; 6.419 ;
; SW0[1]     ; HEX2[4]     ; 6.428 ; 8.132 ; 8.132 ; 6.428 ;
; SW0[1]     ; HEX2[5]     ; 6.417 ; 6.931 ; 6.931 ; 6.417 ;
; SW0[2]     ; HEX0[0]     ; 6.304 ; 6.304 ; 6.304 ; 6.304 ;
; SW0[2]     ; HEX0[1]     ; 6.305 ; 6.305 ; 6.305 ; 6.305 ;
; SW0[2]     ; HEX0[2]     ; 6.188 ; 6.188 ; 6.188 ; 6.188 ;
; SW0[2]     ; HEX0[3]     ; 6.312 ; 6.312 ; 6.312 ; 6.312 ;
; SW0[2]     ; HEX0[4]     ; 6.160 ; 6.160 ; 6.160 ; 6.160 ;
; SW0[2]     ; HEX0[5]     ; 6.502 ; 6.502 ; 6.502 ; 6.502 ;
; SW0[2]     ; HEX0[6]     ; 6.426 ; 6.426 ; 6.426 ; 6.426 ;
; SW0[2]     ; HEX1[0]     ; 6.237 ; 6.237 ; 6.237 ; 6.237 ;
; SW0[2]     ; HEX1[1]     ; 6.485 ; 6.485 ; 6.485 ; 6.485 ;
; SW0[2]     ; HEX1[2]     ; 6.224 ; 6.224 ; 6.224 ; 6.224 ;
; SW0[2]     ; HEX1[3]     ; 6.428 ; 6.428 ; 6.428 ; 6.428 ;
; SW0[2]     ; HEX1[4]     ; 6.489 ; 6.489 ; 6.489 ; 6.489 ;
; SW0[2]     ; HEX1[5]     ; 6.451 ; 6.451 ; 6.451 ; 6.451 ;
; SW0[2]     ; HEX1[6]     ; 6.425 ; 6.425 ; 6.425 ; 6.425 ;
; SW0[2]     ; HEX2[0]     ; 6.781 ; 6.781 ; 6.781 ; 6.781 ;
; SW0[2]     ; HEX2[1]     ; 6.048 ;       ;       ; 6.048 ;
; SW0[2]     ; HEX2[2]     ; 8.057 ; 6.783 ; 6.783 ; 8.057 ;
; SW0[2]     ; HEX2[3]     ; 6.789 ; 6.789 ; 6.789 ; 6.789 ;
; SW0[2]     ; HEX2[4]     ; 6.798 ; 8.072 ; 8.072 ; 6.798 ;
; SW0[2]     ; HEX2[5]     ; 6.787 ; 6.871 ; 6.871 ; 6.787 ;
; SW0[3]     ; HEX0[0]     ; 6.376 ; 6.376 ; 6.376 ; 6.376 ;
; SW0[3]     ; HEX0[1]     ; 6.372 ; 6.372 ; 6.372 ; 6.372 ;
; SW0[3]     ; HEX0[2]     ; 6.252 ; 6.252 ; 6.252 ; 6.252 ;
; SW0[3]     ; HEX0[3]     ; 6.386 ; 6.386 ; 6.386 ; 6.386 ;
; SW0[3]     ; HEX0[4]     ; 6.228 ; 6.228 ; 6.228 ; 6.228 ;
; SW0[3]     ; HEX0[5]     ; 6.570 ; 6.570 ; 6.570 ; 6.570 ;
; SW0[3]     ; HEX0[6]     ; 6.499 ; 6.499 ; 6.499 ; 6.499 ;
; SW0[3]     ; HEX1[0]     ; 6.283 ; 6.283 ; 6.283 ; 6.283 ;
; SW0[3]     ; HEX1[1]     ; 6.531 ; 6.531 ; 6.531 ; 6.531 ;
; SW0[3]     ; HEX1[2]     ; 6.270 ; 6.270 ; 6.270 ; 6.270 ;
; SW0[3]     ; HEX1[3]     ; 6.474 ; 6.474 ; 6.474 ; 6.474 ;
; SW0[3]     ; HEX1[4]     ; 6.535 ; 6.535 ; 6.535 ; 6.535 ;
; SW0[3]     ; HEX1[5]     ; 6.497 ; 6.497 ; 6.497 ; 6.497 ;
; SW0[3]     ; HEX1[6]     ; 6.471 ; 6.471 ; 6.471 ; 6.471 ;
; SW0[3]     ; HEX2[0]     ; 6.718 ; 6.194 ; 6.194 ; 6.718 ;
; SW0[3]     ; HEX2[1]     ; 6.086 ;       ;       ; 6.086 ;
; SW0[3]     ; HEX2[2]     ; 6.198 ; 6.720 ; 6.720 ; 6.198 ;
; SW0[3]     ; HEX2[3]     ; 6.195 ; 6.195 ; 6.195 ; 6.195 ;
; SW0[3]     ; HEX2[4]     ; 6.735 ; 6.204 ; 6.204 ; 6.735 ;
; SW0[3]     ; HEX2[5]     ; 6.193 ; 6.934 ; 6.934 ; 6.193 ;
; SW0[3]     ; HEX2[6]     ;       ; 6.278 ; 6.278 ;       ;
; SW0[4]     ; HEX0[0]     ; 4.272 ; 4.272 ; 4.272 ; 4.272 ;
; SW0[4]     ; HEX0[1]     ; 4.261 ; 4.261 ; 4.261 ; 4.261 ;
; SW0[4]     ; HEX0[2]     ; 4.154 ; 4.154 ; 4.154 ; 4.154 ;
; SW0[4]     ; HEX0[3]     ; 4.272 ; 4.272 ; 4.272 ; 4.272 ;
; SW0[4]     ; HEX0[4]     ; 4.128 ; 4.128 ; 4.128 ; 4.128 ;
; SW0[4]     ; HEX0[5]     ; 4.470 ; 4.470 ; 4.470 ; 4.470 ;
; SW0[4]     ; HEX0[6]     ; 4.386 ; 4.386 ; 4.386 ; 4.386 ;
; SW0[4]     ; HEX1[0]     ; 3.991 ; 3.991 ; 3.991 ; 3.991 ;
; SW0[4]     ; HEX1[1]     ; 4.239 ; 4.239 ; 4.239 ; 4.239 ;
; SW0[4]     ; HEX1[2]     ; 3.985 ; 3.985 ; 3.985 ; 3.985 ;
; SW0[4]     ; HEX1[3]     ; 4.176 ; 4.176 ; 4.176 ; 4.176 ;
; SW0[4]     ; HEX1[4]     ; 4.242 ; 4.242 ; 4.242 ; 4.242 ;
; SW0[4]     ; HEX1[5]     ; 4.206 ; 4.206 ; 4.206 ; 4.206 ;
; SW0[4]     ; HEX1[6]     ; 4.180 ; 4.180 ; 4.180 ; 4.180 ;
; SW0[4]     ; HEX2[0]     ; 4.055 ; 4.197 ; 4.197 ; 4.055 ;
; SW0[4]     ; HEX2[1]     ; 3.230 ;       ;       ; 3.230 ;
; SW0[4]     ; HEX2[2]     ; 4.201 ; 4.059 ; 4.059 ; 4.201 ;
; SW0[4]     ; HEX2[3]     ; 4.056 ; 4.056 ; 4.056 ; 4.056 ;
; SW0[4]     ; HEX2[4]     ; 4.065 ; 4.207 ; 4.207 ; 4.065 ;
; SW0[4]     ; HEX2[5]     ; 4.196 ; 4.054 ; 4.054 ; 4.196 ;
; SW0[4]     ; HEX2[6]     ;       ; 4.039 ; 4.039 ;       ;
; SW0[5]     ; HEX0[0]     ; 4.245 ; 4.245 ; 4.245 ; 4.245 ;
; SW0[5]     ; HEX0[1]     ; 4.224 ; 4.224 ; 4.224 ; 4.224 ;
; SW0[5]     ; HEX0[2]     ; 4.122 ; 4.122 ; 4.122 ; 4.122 ;
; SW0[5]     ; HEX0[3]     ; 4.242 ; 4.242 ; 4.242 ; 4.242 ;
; SW0[5]     ; HEX0[4]     ; 4.101 ; 4.101 ; 4.101 ; 4.101 ;
; SW0[5]     ; HEX0[5]     ; 4.442 ; 4.442 ; 4.442 ; 4.442 ;
; SW0[5]     ; HEX0[6]     ; 4.354 ; 4.354 ; 4.354 ; 4.354 ;
; SW0[5]     ; HEX1[0]     ; 3.949 ; 3.867 ; 3.867 ; 3.949 ;
; SW0[5]     ; HEX1[1]     ; 4.121 ; 4.121 ; 4.121 ; 4.121 ;
; SW0[5]     ; HEX1[2]     ; 3.868 ; 3.977 ; 3.977 ; 3.868 ;
; SW0[5]     ; HEX1[3]     ; 4.058 ; 4.058 ; 4.058 ; 4.058 ;
; SW0[5]     ; HEX1[4]     ; 4.213 ; 4.124 ; 4.124 ; 4.213 ;
; SW0[5]     ; HEX1[5]     ; 4.089 ; 4.198 ; 4.198 ; 4.089 ;
; SW0[5]     ; HEX1[6]     ; 4.063 ; 4.063 ; 4.063 ; 4.063 ;
; SW0[5]     ; HEX2[0]     ; 3.994 ; 4.134 ; 4.134 ; 3.994 ;
; SW0[5]     ; HEX2[1]     ; 3.423 ;       ;       ; 3.423 ;
; SW0[5]     ; HEX2[2]     ; 4.141 ; 3.998 ; 3.998 ; 4.141 ;
; SW0[5]     ; HEX2[3]     ; 3.995 ; 3.995 ; 3.995 ; 3.995 ;
; SW0[5]     ; HEX2[4]     ; 4.004 ; 4.147 ; 4.147 ; 4.004 ;
; SW0[5]     ; HEX2[5]     ; 4.136 ; 3.993 ; 3.993 ; 4.136 ;
; SW0[5]     ; HEX2[6]     ;       ; 3.872 ; 3.872 ;       ;
; SW0[6]     ; HEX0[0]     ; 6.561 ; 6.561 ; 6.561 ; 6.561 ;
; SW0[6]     ; HEX0[1]     ; 6.540 ; 6.540 ; 6.540 ; 6.540 ;
; SW0[6]     ; HEX0[2]     ; 6.438 ; 6.438 ; 6.438 ; 6.438 ;
; SW0[6]     ; HEX0[3]     ; 6.558 ; 6.558 ; 6.558 ; 6.558 ;
; SW0[6]     ; HEX0[4]     ; 6.417 ; 6.417 ; 6.417 ; 6.417 ;
; SW0[6]     ; HEX0[5]     ; 6.758 ; 6.758 ; 6.758 ; 6.758 ;
; SW0[6]     ; HEX0[6]     ; 6.670 ; 6.670 ; 6.670 ; 6.670 ;
; SW0[6]     ; HEX1[0]     ; 6.401 ; 6.195 ; 6.195 ; 6.401 ;
; SW0[6]     ; HEX1[1]     ; 6.649 ; 6.443 ; 6.443 ; 6.649 ;
; SW0[6]     ; HEX1[2]     ; 6.388 ; 6.189 ; 6.189 ; 6.388 ;
; SW0[6]     ; HEX1[3]     ; 6.592 ; 6.380 ; 6.380 ; 6.592 ;
; SW0[6]     ; HEX1[4]     ; 6.653 ; 6.446 ; 6.446 ; 6.653 ;
; SW0[6]     ; HEX1[5]     ; 6.615 ; 6.410 ; 6.410 ; 6.615 ;
; SW0[6]     ; HEX1[6]     ; 6.384 ; 6.384 ; 6.384 ; 6.384 ;
; SW0[6]     ; HEX2[0]     ; 6.188 ; 6.266 ; 6.266 ; 6.188 ;
; SW0[6]     ; HEX2[1]     ; 5.604 ;       ;       ; 5.604 ;
; SW0[6]     ; HEX2[2]     ; 6.270 ; 6.192 ; 6.192 ; 6.270 ;
; SW0[6]     ; HEX2[3]     ; 6.189 ; 6.189 ; 6.189 ; 6.189 ;
; SW0[6]     ; HEX2[4]     ; 6.198 ; 6.276 ; 6.276 ; 6.198 ;
; SW0[6]     ; HEX2[5]     ; 6.265 ; 6.187 ; 6.187 ; 6.265 ;
; SW0[6]     ; HEX2[6]     ;       ; 5.992 ; 5.992 ;       ;
; SW0[7]     ; HEX0[0]     ; 6.717 ; 6.851 ; 6.851 ; 6.717 ;
; SW0[7]     ; HEX0[1]     ; 6.706 ; 6.706 ; 6.706 ; 6.706 ;
; SW0[7]     ; HEX0[2]     ; 6.608 ; 6.599 ; 6.599 ; 6.608 ;
; SW0[7]     ; HEX0[3]     ; 6.717 ; 6.717 ; 6.717 ; 6.717 ;
; SW0[7]     ; HEX0[4]     ; 6.573 ; 6.707 ; 6.707 ; 6.573 ;
; SW0[7]     ; HEX0[5]     ; 6.926 ; 6.915 ; 6.915 ; 6.926 ;
; SW0[7]     ; HEX0[6]     ; 6.831 ; 6.831 ; 6.831 ; 6.831 ;
; SW0[7]     ; HEX1[0]     ; 6.034 ; 5.966 ; 5.966 ; 6.034 ;
; SW0[7]     ; HEX1[1]     ; 6.282 ; 6.214 ; 6.214 ; 6.282 ;
; SW0[7]     ; HEX1[2]     ; 6.021 ; 5.960 ; 5.960 ; 6.021 ;
; SW0[7]     ; HEX1[3]     ; 6.225 ; 6.151 ; 6.151 ; 6.225 ;
; SW0[7]     ; HEX1[4]     ; 6.286 ; 6.217 ; 6.217 ; 6.286 ;
; SW0[7]     ; HEX1[5]     ; 6.248 ; 6.181 ; 6.181 ; 6.248 ;
; SW0[7]     ; HEX1[6]     ; 6.155 ; 6.155 ; 6.155 ; 6.155 ;
; SW0[7]     ; HEX2[0]     ; 6.220 ; 6.315 ; 6.315 ; 6.220 ;
; SW0[7]     ; HEX2[1]     ; 5.674 ;       ;       ; 5.674 ;
; SW0[7]     ; HEX2[2]     ; 6.484 ; 6.224 ; 6.224 ; 6.484 ;
; SW0[7]     ; HEX2[3]     ; 6.221 ; 6.221 ; 6.221 ; 6.221 ;
; SW0[7]     ; HEX2[4]     ; 6.230 ; 6.490 ; 6.490 ; 6.230 ;
; SW0[7]     ; HEX2[5]     ; 6.479 ; 6.219 ; 6.219 ; 6.479 ;
; SW0[7]     ; HEX2[6]     ;       ; 6.031 ; 6.031 ;       ;
; SW0[8]     ; HEX0[0]     ; 6.661 ; 6.836 ; 6.836 ; 6.661 ;
; SW0[8]     ; HEX0[1]     ; 6.657 ; 6.837 ; 6.837 ; 6.657 ;
; SW0[8]     ; HEX0[2]     ; 6.537 ; 6.776 ; 6.776 ; 6.537 ;
; SW0[8]     ; HEX0[3]     ; 6.671 ; 6.844 ; 6.844 ; 6.671 ;
; SW0[8]     ; HEX0[4]     ; 6.513 ; 6.692 ; 6.692 ; 6.513 ;
; SW0[8]     ; HEX0[5]     ; 6.855 ; 7.090 ; 7.090 ; 6.855 ;
; SW0[8]     ; HEX0[6]     ; 6.784 ; 6.784 ; 6.784 ; 6.784 ;
; SW0[8]     ; HEX1[0]     ; 6.183 ; 6.183 ; 6.183 ; 6.183 ;
; SW0[8]     ; HEX1[1]     ; 6.456 ; 6.477 ; 6.477 ; 6.456 ;
; SW0[8]     ; HEX1[2]     ; 6.212 ; 6.191 ; 6.191 ; 6.212 ;
; SW0[8]     ; HEX1[3]     ; 6.379 ; 6.379 ; 6.379 ; 6.379 ;
; SW0[8]     ; HEX1[4]     ; 6.447 ; 6.447 ; 6.447 ; 6.447 ;
; SW0[8]     ; HEX1[5]     ; 6.433 ; 6.412 ; 6.412 ; 6.433 ;
; SW0[8]     ; HEX1[6]     ; 6.386 ; 6.386 ; 6.386 ; 6.386 ;
; SW0[8]     ; HEX2[0]     ; 5.940 ; 5.940 ; 5.940 ; 5.940 ;
; SW0[8]     ; HEX2[1]     ; 6.112 ;       ;       ; 6.112 ;
; SW0[8]     ; HEX2[2]     ; 5.944 ; 5.944 ; 5.944 ; 5.944 ;
; SW0[8]     ; HEX2[3]     ; 5.941 ; 5.941 ; 5.941 ; 5.941 ;
; SW0[8]     ; HEX2[4]     ; 5.950 ; 5.950 ; 5.950 ; 5.950 ;
; SW0[8]     ; HEX2[5]     ; 5.939 ; 5.939 ; 5.939 ; 5.939 ;
; SW0[8]     ; HEX2[6]     ;       ; 6.106 ; 6.106 ;       ;
+------------+-------------+-------+-------+-------+-------+


+----------------------------------------------------------------------------+
; Multicorner Timing Analysis Summary                                        ;
+------------------+-------+------+----------+---------+---------------------+
; Clock            ; Setup ; Hold ; Recovery ; Removal ; Minimum Pulse Width ;
+------------------+-------+------+----------+---------+---------------------+
; Worst-case Slack ; N/A   ; N/A  ; N/A      ; N/A     ; N/A                 ;
; Design-wide TNS  ; 0.0   ; 0.0  ; 0.0      ; 0.0     ; 0.0                 ;
+------------------+-------+------+----------+---------+---------------------+


+--------------------------------------------------------------+
; Progagation Delay                                            ;
+------------+-------------+--------+--------+--------+--------+
; Input Port ; Output Port ; RR     ; RF     ; FR     ; FF     ;
+------------+-------------+--------+--------+--------+--------+
; SW0[0]     ; HEX0[0]     ; 16.358 ; 16.466 ; 16.466 ; 16.358 ;
; SW0[0]     ; HEX0[1]     ; 16.500 ; 16.500 ; 16.500 ; 16.500 ;
; SW0[0]     ; HEX0[2]     ; 16.254 ; 15.881 ; 15.881 ; 16.254 ;
; SW0[0]     ; HEX0[3]     ; 16.498 ; 16.498 ; 16.498 ; 16.498 ;
; SW0[0]     ; HEX0[4]     ; 16.079 ; 16.199 ; 16.199 ; 16.079 ;
; SW0[0]     ; HEX0[5]     ; 16.961 ; 16.596 ; 16.596 ; 16.961 ;
; SW0[0]     ; HEX0[6]     ; 16.778 ; 16.778 ; 16.778 ; 16.778 ;
; SW0[0]     ; HEX1[0]     ; 15.030 ; 16.373 ; 16.373 ; 15.030 ;
; SW0[0]     ; HEX1[1]     ; 16.885 ; 16.885 ; 16.885 ; 16.885 ;
; SW0[0]     ; HEX1[2]     ; 16.374 ;        ;        ; 16.374 ;
; SW0[0]     ; HEX1[3]     ; 16.823 ; 16.823 ; 16.823 ; 16.823 ;
; SW0[0]     ; HEX1[4]     ;        ; 16.889 ; 16.889 ;        ;
; SW0[0]     ; HEX1[5]     ; 16.848 ; 15.503 ; 15.503 ; 16.848 ;
; SW0[0]     ; HEX1[6]     ; 16.826 ; 16.826 ; 16.826 ; 16.826 ;
; SW0[1]     ; HEX0[0]     ; 18.003 ; 18.003 ; 18.003 ; 18.003 ;
; SW0[1]     ; HEX0[1]     ; 18.000 ; 17.096 ; 17.096 ; 18.000 ;
; SW0[1]     ; HEX0[2]     ; 16.807 ; 17.711 ; 17.711 ; 16.807 ;
; SW0[1]     ; HEX0[3]     ; 18.032 ; 18.032 ; 18.032 ; 18.032 ;
; SW0[1]     ; HEX0[4]     ; 17.724 ; 17.724 ; 17.724 ; 17.724 ;
; SW0[1]     ; HEX0[5]     ; 17.522 ; 18.426 ; 18.426 ; 17.522 ;
; SW0[1]     ; HEX0[6]     ; 18.280 ; 18.280 ; 18.280 ; 18.280 ;
; SW0[1]     ; HEX1[0]     ; 18.229 ; 16.388 ; 16.388 ; 18.229 ;
; SW0[1]     ; HEX1[1]     ; 18.741 ; 18.741 ; 18.741 ; 18.741 ;
; SW0[1]     ; HEX1[2]     ; 16.389 ; 18.230 ; 18.230 ; 16.389 ;
; SW0[1]     ; HEX1[3]     ; 18.679 ; 18.679 ; 18.679 ; 18.679 ;
; SW0[1]     ; HEX1[4]     ; 18.745 ; 16.904 ; 16.904 ; 18.745 ;
; SW0[1]     ; HEX1[5]     ; 16.863 ; 18.704 ; 18.704 ; 16.863 ;
; SW0[1]     ; HEX1[6]     ; 18.682 ; 18.682 ; 18.682 ; 18.682 ;
; SW0[1]     ; HEX2[0]     ; 15.859 ; 15.859 ; 15.859 ; 15.859 ;
; SW0[1]     ; HEX2[2]     ; 15.811 ; 15.744 ; 15.744 ; 15.811 ;
; SW0[1]     ; HEX2[3]     ; 15.867 ; 15.867 ; 15.867 ; 15.867 ;
; SW0[1]     ; HEX2[4]     ; 15.807 ; 15.874 ; 15.874 ; 15.807 ;
; SW0[1]     ; HEX2[5]     ; 15.798 ; 15.865 ; 15.865 ; 15.798 ;
; SW0[2]     ; HEX0[0]     ; 17.781 ; 17.781 ; 17.781 ; 17.781 ;
; SW0[2]     ; HEX0[1]     ; 17.778 ; 16.876 ; 16.876 ; 17.778 ;
; SW0[2]     ; HEX0[2]     ; 16.587 ; 17.489 ; 17.489 ; 16.587 ;
; SW0[2]     ; HEX0[3]     ; 17.810 ; 17.810 ; 17.810 ; 17.810 ;
; SW0[2]     ; HEX0[4]     ; 17.502 ; 17.502 ; 17.502 ; 17.502 ;
; SW0[2]     ; HEX0[5]     ; 17.302 ; 18.204 ; 18.204 ; 17.302 ;
; SW0[2]     ; HEX0[6]     ; 18.058 ; 18.058 ; 18.058 ; 18.058 ;
; SW0[2]     ; HEX1[0]     ; 18.007 ; 16.350 ; 16.350 ; 18.007 ;
; SW0[2]     ; HEX1[1]     ; 18.519 ; 18.519 ; 18.519 ; 18.519 ;
; SW0[2]     ; HEX1[2]     ; 16.351 ; 18.008 ; 18.008 ; 16.351 ;
; SW0[2]     ; HEX1[3]     ; 18.457 ; 18.457 ; 18.457 ; 18.457 ;
; SW0[2]     ; HEX1[4]     ; 18.523 ; 16.866 ; 16.866 ; 18.523 ;
; SW0[2]     ; HEX1[5]     ; 16.825 ; 18.482 ; 18.482 ; 16.825 ;
; SW0[2]     ; HEX1[6]     ; 18.460 ; 18.460 ; 18.460 ; 18.460 ;
; SW0[2]     ; HEX2[0]     ; 16.004 ; 16.004 ; 16.004 ; 16.004 ;
; SW0[2]     ; HEX2[1]     ; 11.047 ;        ;        ; 11.047 ;
; SW0[2]     ; HEX2[2]     ; 15.589 ; 15.956 ; 15.956 ; 15.589 ;
; SW0[2]     ; HEX2[3]     ; 16.012 ; 16.012 ; 16.012 ; 16.012 ;
; SW0[2]     ; HEX2[4]     ; 16.019 ; 15.652 ; 15.652 ; 16.019 ;
; SW0[2]     ; HEX2[5]     ; 16.010 ; 15.643 ; 15.643 ; 16.010 ;
; SW0[3]     ; HEX0[0]     ; 17.430 ; 17.430 ; 17.430 ; 17.430 ;
; SW0[3]     ; HEX0[1]     ; 17.427 ; 16.851 ; 16.851 ; 17.427 ;
; SW0[3]     ; HEX0[2]     ; 16.562 ; 17.138 ; 17.138 ; 16.562 ;
; SW0[3]     ; HEX0[3]     ; 17.459 ; 17.459 ; 17.459 ; 17.459 ;
; SW0[3]     ; HEX0[4]     ; 17.151 ; 17.151 ; 17.151 ; 17.151 ;
; SW0[3]     ; HEX0[5]     ; 17.277 ; 17.853 ; 17.853 ; 17.277 ;
; SW0[3]     ; HEX0[6]     ; 17.707 ; 17.707 ; 17.707 ; 17.707 ;
; SW0[3]     ; HEX1[0]     ; 17.426 ; 16.484 ; 16.484 ; 17.426 ;
; SW0[3]     ; HEX1[1]     ; 17.938 ; 17.938 ; 17.938 ; 17.938 ;
; SW0[3]     ; HEX1[2]     ; 16.485 ; 17.427 ; 17.427 ; 16.485 ;
; SW0[3]     ; HEX1[3]     ; 17.876 ; 17.876 ; 17.876 ; 17.876 ;
; SW0[3]     ; HEX1[4]     ; 17.942 ; 17.000 ; 17.000 ; 17.942 ;
; SW0[3]     ; HEX1[5]     ; 16.959 ; 17.901 ; 17.901 ; 16.959 ;
; SW0[3]     ; HEX1[6]     ; 17.879 ; 17.879 ; 17.879 ; 17.879 ;
; SW0[3]     ; HEX2[0]     ; 15.793 ; 15.793 ; 15.793 ; 15.793 ;
; SW0[3]     ; HEX2[1]     ; 11.069 ;        ;        ; 11.069 ;
; SW0[3]     ; HEX2[2]     ; 15.745 ; 15.617 ; 15.617 ; 15.745 ;
; SW0[3]     ; HEX2[3]     ; 15.801 ; 15.801 ; 15.801 ; 15.801 ;
; SW0[3]     ; HEX2[4]     ; 15.680 ; 15.808 ; 15.808 ; 15.680 ;
; SW0[3]     ; HEX2[5]     ; 15.671 ; 15.799 ; 15.799 ; 15.671 ;
; SW0[3]     ; HEX2[6]     ;        ; 11.544 ; 11.544 ;        ;
; SW0[4]     ; HEX0[0]     ; 13.583 ; 13.583 ; 13.583 ; 13.583 ;
; SW0[4]     ; HEX0[1]     ; 13.580 ; 13.242 ; 13.242 ; 13.580 ;
; SW0[4]     ; HEX0[2]     ; 12.953 ; 13.291 ; 13.291 ; 12.953 ;
; SW0[4]     ; HEX0[3]     ; 13.612 ; 13.612 ; 13.612 ; 13.612 ;
; SW0[4]     ; HEX0[4]     ; 13.304 ; 13.304 ; 13.304 ; 13.304 ;
; SW0[4]     ; HEX0[5]     ; 13.668 ; 14.006 ; 14.006 ; 13.668 ;
; SW0[4]     ; HEX0[6]     ; 13.860 ; 13.860 ; 13.860 ; 13.860 ;
; SW0[4]     ; HEX1[0]     ; 13.637 ; 12.833 ; 12.833 ; 13.637 ;
; SW0[4]     ; HEX1[1]     ; 14.149 ; 14.149 ; 14.149 ; 14.149 ;
; SW0[4]     ; HEX1[2]     ; 12.834 ; 13.638 ; 13.638 ; 12.834 ;
; SW0[4]     ; HEX1[3]     ; 14.087 ; 14.087 ; 14.087 ; 14.087 ;
; SW0[4]     ; HEX1[4]     ; 14.153 ; 13.349 ; 13.349 ; 14.153 ;
; SW0[4]     ; HEX1[5]     ; 13.308 ; 14.112 ; 14.112 ; 13.308 ;
; SW0[4]     ; HEX1[6]     ; 14.090 ; 14.090 ; 14.090 ; 14.090 ;
; SW0[4]     ; HEX2[0]     ; 12.062 ; 12.062 ; 12.062 ; 12.062 ;
; SW0[4]     ; HEX2[1]     ; 6.147  ;        ;        ; 6.147  ;
; SW0[4]     ; HEX2[2]     ; 11.956 ; 12.014 ; 12.014 ; 11.956 ;
; SW0[4]     ; HEX2[3]     ; 12.070 ; 12.070 ; 12.070 ; 12.070 ;
; SW0[4]     ; HEX2[4]     ; 12.077 ; 12.019 ; 12.019 ; 12.077 ;
; SW0[4]     ; HEX2[5]     ; 12.068 ; 12.010 ; 12.010 ; 12.068 ;
; SW0[4]     ; HEX2[6]     ;        ; 7.886  ; 7.886  ;        ;
; SW0[5]     ; HEX0[0]     ; 13.503 ; 13.503 ; 13.503 ; 13.503 ;
; SW0[5]     ; HEX0[1]     ; 13.500 ; 12.410 ; 12.410 ; 13.500 ;
; SW0[5]     ; HEX0[2]     ; 12.121 ; 13.211 ; 13.211 ; 12.121 ;
; SW0[5]     ; HEX0[3]     ; 13.532 ; 13.532 ; 13.532 ; 13.532 ;
; SW0[5]     ; HEX0[4]     ; 13.224 ; 13.224 ; 13.224 ; 13.224 ;
; SW0[5]     ; HEX0[5]     ; 12.836 ; 13.926 ; 13.926 ; 12.836 ;
; SW0[5]     ; HEX0[6]     ; 13.780 ; 13.780 ; 13.780 ; 13.780 ;
; SW0[5]     ; HEX1[0]     ; 12.772 ; 12.485 ; 12.485 ; 12.772 ;
; SW0[5]     ; HEX1[1]     ; 13.284 ; 13.284 ; 13.284 ; 13.284 ;
; SW0[5]     ; HEX1[2]     ; 12.486 ; 12.773 ; 12.773 ; 12.486 ;
; SW0[5]     ; HEX1[3]     ; 13.222 ; 13.222 ; 13.222 ; 13.222 ;
; SW0[5]     ; HEX1[4]     ; 13.288 ; 13.001 ; 13.001 ; 13.288 ;
; SW0[5]     ; HEX1[5]     ; 12.960 ; 13.247 ; 13.247 ; 12.960 ;
; SW0[5]     ; HEX1[6]     ; 13.225 ; 13.225 ; 13.225 ; 13.225 ;
; SW0[5]     ; HEX2[0]     ; 11.381 ; 11.381 ; 11.381 ; 11.381 ;
; SW0[5]     ; HEX2[1]     ; 6.531  ;        ;        ; 6.531  ;
; SW0[5]     ; HEX2[2]     ; 11.276 ; 11.333 ; 11.333 ; 11.276 ;
; SW0[5]     ; HEX2[3]     ; 11.389 ; 11.389 ; 11.389 ; 11.389 ;
; SW0[5]     ; HEX2[4]     ; 11.396 ; 11.339 ; 11.339 ; 11.396 ;
; SW0[5]     ; HEX2[5]     ; 11.387 ; 11.330 ; 11.330 ; 11.387 ;
; SW0[5]     ; HEX2[6]     ;        ; 7.541  ; 7.541  ;        ;
; SW0[6]     ; HEX0[0]     ; 16.560 ; 16.560 ; 16.560 ; 16.560 ;
; SW0[6]     ; HEX0[1]     ; 16.557 ; 16.053 ; 16.053 ; 16.557 ;
; SW0[6]     ; HEX0[2]     ; 15.764 ; 16.268 ; 16.268 ; 15.764 ;
; SW0[6]     ; HEX0[3]     ; 16.589 ; 16.589 ; 16.589 ; 16.589 ;
; SW0[6]     ; HEX0[4]     ; 16.281 ; 16.281 ; 16.281 ; 16.281 ;
; SW0[6]     ; HEX0[5]     ; 16.479 ; 16.983 ; 16.983 ; 16.479 ;
; SW0[6]     ; HEX0[6]     ; 16.837 ; 16.837 ; 16.837 ; 16.837 ;
; SW0[6]     ; HEX1[0]     ; 16.787 ; 15.845 ; 15.845 ; 16.787 ;
; SW0[6]     ; HEX1[1]     ; 17.299 ; 17.299 ; 17.299 ; 17.299 ;
; SW0[6]     ; HEX1[2]     ; 15.846 ; 16.788 ; 16.788 ; 15.846 ;
; SW0[6]     ; HEX1[3]     ; 17.237 ; 17.237 ; 17.237 ; 17.237 ;
; SW0[6]     ; HEX1[4]     ; 17.303 ; 16.361 ; 16.361 ; 17.303 ;
; SW0[6]     ; HEX1[5]     ; 16.320 ; 17.262 ; 17.262 ; 16.320 ;
; SW0[6]     ; HEX1[6]     ; 17.240 ; 17.240 ; 17.240 ; 17.240 ;
; SW0[6]     ; HEX2[0]     ; 15.392 ; 15.392 ; 15.392 ; 15.392 ;
; SW0[6]     ; HEX2[1]     ; 9.999  ;        ;        ; 9.999  ;
; SW0[6]     ; HEX2[2]     ; 14.852 ; 15.344 ; 15.344 ; 14.852 ;
; SW0[6]     ; HEX2[3]     ; 15.400 ; 15.400 ; 15.400 ; 15.400 ;
; SW0[6]     ; HEX2[4]     ; 15.407 ; 14.915 ; 14.915 ; 15.407 ;
; SW0[6]     ; HEX2[5]     ; 15.398 ; 14.906 ; 14.906 ; 15.398 ;
; SW0[6]     ; HEX2[6]     ;        ; 10.856 ; 10.856 ;        ;
; SW0[7]     ; HEX0[0]     ; 16.905 ; 16.905 ; 16.905 ; 16.905 ;
; SW0[7]     ; HEX0[1]     ; 16.609 ; 16.902 ; 16.902 ; 16.609 ;
; SW0[7]     ; HEX0[2]     ; 16.613 ; 16.320 ; 16.320 ; 16.613 ;
; SW0[7]     ; HEX0[3]     ; 16.934 ; 16.934 ; 16.934 ; 16.934 ;
; SW0[7]     ; HEX0[4]     ; 16.626 ; 16.626 ; 16.626 ; 16.626 ;
; SW0[7]     ; HEX0[5]     ; 17.328 ; 17.035 ; 17.035 ; 17.328 ;
; SW0[7]     ; HEX0[6]     ; 17.182 ; 17.182 ; 17.182 ; 17.182 ;
; SW0[7]     ; HEX1[0]     ; 15.955 ; 14.983 ; 14.983 ; 15.955 ;
; SW0[7]     ; HEX1[1]     ; 16.467 ; 15.414 ; 15.414 ; 16.467 ;
; SW0[7]     ; HEX1[2]     ; 15.958 ; 14.993 ; 14.993 ; 15.958 ;
; SW0[7]     ; HEX1[3]     ; 16.406 ; 15.436 ; 15.436 ; 16.406 ;
; SW0[7]     ; HEX1[4]     ; 16.510 ; 15.508 ; 15.508 ; 16.510 ;
; SW0[7]     ; HEX1[5]     ; 16.432 ; 15.468 ; 15.468 ; 16.432 ;
; SW0[7]     ; HEX1[6]     ; 16.450 ; 16.450 ; 16.450 ; 16.450 ;
; SW0[7]     ; HEX2[0]     ; 14.959 ; 14.959 ; 14.959 ; 14.959 ;
; SW0[7]     ; HEX2[1]     ; 10.242 ;        ;        ; 10.242 ;
; SW0[7]     ; HEX2[2]     ; 14.911 ; 14.743 ; 14.743 ; 14.911 ;
; SW0[7]     ; HEX2[3]     ; 14.967 ; 14.967 ; 14.967 ; 14.967 ;
; SW0[7]     ; HEX2[4]     ; 14.806 ; 14.974 ; 14.974 ; 14.806 ;
; SW0[7]     ; HEX2[5]     ; 14.797 ; 14.965 ; 14.965 ; 14.797 ;
; SW0[7]     ; HEX2[6]     ;        ; 10.964 ; 10.964 ;        ;
; SW0[8]     ; HEX0[0]     ; 17.745 ; 17.745 ; 17.745 ; 17.745 ;
; SW0[8]     ; HEX0[1]     ; 17.355 ; 17.742 ; 17.742 ; 17.355 ;
; SW0[8]     ; HEX0[2]     ; 17.453 ; 17.066 ; 17.066 ; 17.453 ;
; SW0[8]     ; HEX0[3]     ; 17.774 ; 17.774 ; 17.774 ; 17.774 ;
; SW0[8]     ; HEX0[4]     ; 17.466 ; 17.466 ; 17.466 ; 17.466 ;
; SW0[8]     ; HEX0[5]     ; 18.168 ; 17.781 ; 17.781 ; 18.168 ;
; SW0[8]     ; HEX0[6]     ; 18.022 ; 18.022 ; 18.022 ; 18.022 ;
; SW0[8]     ; HEX1[0]     ; 14.869 ; 14.869 ; 14.869 ; 14.869 ;
; SW0[8]     ; HEX1[1]     ; 15.380 ; 15.300 ; 15.300 ; 15.380 ;
; SW0[8]     ; HEX1[2]     ; 14.789 ; 14.879 ; 14.879 ; 14.789 ;
; SW0[8]     ; HEX1[3]     ; 15.322 ; 15.322 ; 15.322 ; 15.322 ;
; SW0[8]     ; HEX1[4]     ; 15.394 ; 15.394 ; 15.394 ; 15.394 ;
; SW0[8]     ; HEX1[5]     ; 15.263 ; 15.354 ; 15.354 ; 15.263 ;
; SW0[8]     ; HEX1[6]     ; 15.332 ; 15.332 ; 15.332 ; 15.332 ;
; SW0[8]     ; HEX2[0]     ; 14.500 ; 14.500 ; 14.500 ; 14.500 ;
; SW0[8]     ; HEX2[1]     ; 11.086 ;        ;        ; 11.086 ;
; SW0[8]     ; HEX2[2]     ; 14.445 ; 14.452 ; 14.452 ; 14.445 ;
; SW0[8]     ; HEX2[3]     ; 14.508 ; 14.508 ; 14.508 ; 14.508 ;
; SW0[8]     ; HEX2[4]     ; 14.515 ; 14.508 ; 14.508 ; 14.515 ;
; SW0[8]     ; HEX2[5]     ; 14.506 ; 14.499 ; 14.499 ; 14.506 ;
; SW0[8]     ; HEX2[6]     ;        ; 11.053 ; 11.053 ;        ;
+------------+-------------+--------+--------+--------+--------+


+----------------------------------------------------------+
; Minimum Progagation Delay                                ;
+------------+-------------+-------+-------+-------+-------+
; Input Port ; Output Port ; RR    ; RF    ; FR    ; FF    ;
+------------+-------------+-------+-------+-------+-------+
; SW0[0]     ; HEX0[0]     ; 6.130 ; 6.130 ; 6.130 ; 6.130 ;
; SW0[0]     ; HEX0[1]     ; 6.109 ; 6.109 ; 6.109 ; 6.109 ;
; SW0[0]     ; HEX0[2]     ; 6.007 ; 6.007 ; 6.007 ; 6.007 ;
; SW0[0]     ; HEX0[3]     ; 6.127 ; 6.127 ; 6.127 ; 6.127 ;
; SW0[0]     ; HEX0[4]     ; 5.986 ; 5.986 ; 5.986 ; 5.986 ;
; SW0[0]     ; HEX0[5]     ; 6.327 ; 6.327 ; 6.327 ; 6.327 ;
; SW0[0]     ; HEX0[6]     ; 6.239 ; 6.239 ; 6.239 ; 6.239 ;
; SW0[0]     ; HEX1[0]     ; 7.761 ; 7.761 ; 7.761 ; 7.761 ;
; SW0[0]     ; HEX1[1]     ; 8.009 ; 8.009 ; 8.009 ; 8.009 ;
; SW0[0]     ; HEX1[2]     ; 7.748 ;       ;       ; 7.748 ;
; SW0[0]     ; HEX1[3]     ; 7.952 ; 7.952 ; 7.952 ; 7.952 ;
; SW0[0]     ; HEX1[4]     ;       ; 8.013 ; 8.013 ;       ;
; SW0[0]     ; HEX1[5]     ; 8.601 ; 7.975 ; 7.975 ; 8.601 ;
; SW0[0]     ; HEX1[6]     ; 8.575 ; 7.949 ; 7.949 ; 8.575 ;
; SW0[1]     ; HEX0[0]     ; 6.286 ; 6.286 ; 6.286 ; 6.286 ;
; SW0[1]     ; HEX0[1]     ; 6.287 ; 6.287 ; 6.287 ; 6.287 ;
; SW0[1]     ; HEX0[2]     ; 6.170 ; 6.170 ; 6.170 ; 6.170 ;
; SW0[1]     ; HEX0[3]     ; 6.294 ; 6.294 ; 6.294 ; 6.294 ;
; SW0[1]     ; HEX0[4]     ; 6.142 ; 6.142 ; 6.142 ; 6.142 ;
; SW0[1]     ; HEX0[5]     ; 6.484 ; 6.484 ; 6.484 ; 6.484 ;
; SW0[1]     ; HEX0[6]     ; 6.408 ; 6.408 ; 6.408 ; 6.408 ;
; SW0[1]     ; HEX1[0]     ; 6.130 ; 6.130 ; 6.130 ; 6.130 ;
; SW0[1]     ; HEX1[1]     ; 6.378 ; 6.378 ; 6.378 ; 6.378 ;
; SW0[1]     ; HEX1[2]     ; 6.117 ; 6.117 ; 6.117 ; 6.117 ;
; SW0[1]     ; HEX1[3]     ; 6.321 ; 6.321 ; 6.321 ; 6.321 ;
; SW0[1]     ; HEX1[4]     ; 6.382 ; 6.382 ; 6.382 ; 6.382 ;
; SW0[1]     ; HEX1[5]     ; 6.344 ; 6.344 ; 6.344 ; 6.344 ;
; SW0[1]     ; HEX1[6]     ; 6.318 ; 6.318 ; 6.318 ; 6.318 ;
; SW0[1]     ; HEX2[0]     ; 6.411 ; 6.411 ; 6.411 ; 6.411 ;
; SW0[1]     ; HEX2[2]     ; 8.117 ; 6.413 ; 6.413 ; 8.117 ;
; SW0[1]     ; HEX2[3]     ; 6.419 ; 6.419 ; 6.419 ; 6.419 ;
; SW0[1]     ; HEX2[4]     ; 6.428 ; 8.132 ; 8.132 ; 6.428 ;
; SW0[1]     ; HEX2[5]     ; 6.417 ; 6.931 ; 6.931 ; 6.417 ;
; SW0[2]     ; HEX0[0]     ; 6.304 ; 6.304 ; 6.304 ; 6.304 ;
; SW0[2]     ; HEX0[1]     ; 6.305 ; 6.305 ; 6.305 ; 6.305 ;
; SW0[2]     ; HEX0[2]     ; 6.188 ; 6.188 ; 6.188 ; 6.188 ;
; SW0[2]     ; HEX0[3]     ; 6.312 ; 6.312 ; 6.312 ; 6.312 ;
; SW0[2]     ; HEX0[4]     ; 6.160 ; 6.160 ; 6.160 ; 6.160 ;
; SW0[2]     ; HEX0[5]     ; 6.502 ; 6.502 ; 6.502 ; 6.502 ;
; SW0[2]     ; HEX0[6]     ; 6.426 ; 6.426 ; 6.426 ; 6.426 ;
; SW0[2]     ; HEX1[0]     ; 6.237 ; 6.237 ; 6.237 ; 6.237 ;
; SW0[2]     ; HEX1[1]     ; 6.485 ; 6.485 ; 6.485 ; 6.485 ;
; SW0[2]     ; HEX1[2]     ; 6.224 ; 6.224 ; 6.224 ; 6.224 ;
; SW0[2]     ; HEX1[3]     ; 6.428 ; 6.428 ; 6.428 ; 6.428 ;
; SW0[2]     ; HEX1[4]     ; 6.489 ; 6.489 ; 6.489 ; 6.489 ;
; SW0[2]     ; HEX1[5]     ; 6.451 ; 6.451 ; 6.451 ; 6.451 ;
; SW0[2]     ; HEX1[6]     ; 6.425 ; 6.425 ; 6.425 ; 6.425 ;
; SW0[2]     ; HEX2[0]     ; 6.781 ; 6.781 ; 6.781 ; 6.781 ;
; SW0[2]     ; HEX2[1]     ; 6.048 ;       ;       ; 6.048 ;
; SW0[2]     ; HEX2[2]     ; 8.057 ; 6.783 ; 6.783 ; 8.057 ;
; SW0[2]     ; HEX2[3]     ; 6.789 ; 6.789 ; 6.789 ; 6.789 ;
; SW0[2]     ; HEX2[4]     ; 6.798 ; 8.072 ; 8.072 ; 6.798 ;
; SW0[2]     ; HEX2[5]     ; 6.787 ; 6.871 ; 6.871 ; 6.787 ;
; SW0[3]     ; HEX0[0]     ; 6.376 ; 6.376 ; 6.376 ; 6.376 ;
; SW0[3]     ; HEX0[1]     ; 6.372 ; 6.372 ; 6.372 ; 6.372 ;
; SW0[3]     ; HEX0[2]     ; 6.252 ; 6.252 ; 6.252 ; 6.252 ;
; SW0[3]     ; HEX0[3]     ; 6.386 ; 6.386 ; 6.386 ; 6.386 ;
; SW0[3]     ; HEX0[4]     ; 6.228 ; 6.228 ; 6.228 ; 6.228 ;
; SW0[3]     ; HEX0[5]     ; 6.570 ; 6.570 ; 6.570 ; 6.570 ;
; SW0[3]     ; HEX0[6]     ; 6.499 ; 6.499 ; 6.499 ; 6.499 ;
; SW0[3]     ; HEX1[0]     ; 6.283 ; 6.283 ; 6.283 ; 6.283 ;
; SW0[3]     ; HEX1[1]     ; 6.531 ; 6.531 ; 6.531 ; 6.531 ;
; SW0[3]     ; HEX1[2]     ; 6.270 ; 6.270 ; 6.270 ; 6.270 ;
; SW0[3]     ; HEX1[3]     ; 6.474 ; 6.474 ; 6.474 ; 6.474 ;
; SW0[3]     ; HEX1[4]     ; 6.535 ; 6.535 ; 6.535 ; 6.535 ;
; SW0[3]     ; HEX1[5]     ; 6.497 ; 6.497 ; 6.497 ; 6.497 ;
; SW0[3]     ; HEX1[6]     ; 6.471 ; 6.471 ; 6.471 ; 6.471 ;
; SW0[3]     ; HEX2[0]     ; 6.718 ; 6.194 ; 6.194 ; 6.718 ;
; SW0[3]     ; HEX2[1]     ; 6.086 ;       ;       ; 6.086 ;
; SW0[3]     ; HEX2[2]     ; 6.198 ; 6.720 ; 6.720 ; 6.198 ;
; SW0[3]     ; HEX2[3]     ; 6.195 ; 6.195 ; 6.195 ; 6.195 ;
; SW0[3]     ; HEX2[4]     ; 6.735 ; 6.204 ; 6.204 ; 6.735 ;
; SW0[3]     ; HEX2[5]     ; 6.193 ; 6.934 ; 6.934 ; 6.193 ;
; SW0[3]     ; HEX2[6]     ;       ; 6.278 ; 6.278 ;       ;
; SW0[4]     ; HEX0[0]     ; 4.272 ; 4.272 ; 4.272 ; 4.272 ;
; SW0[4]     ; HEX0[1]     ; 4.261 ; 4.261 ; 4.261 ; 4.261 ;
; SW0[4]     ; HEX0[2]     ; 4.154 ; 4.154 ; 4.154 ; 4.154 ;
; SW0[4]     ; HEX0[3]     ; 4.272 ; 4.272 ; 4.272 ; 4.272 ;
; SW0[4]     ; HEX0[4]     ; 4.128 ; 4.128 ; 4.128 ; 4.128 ;
; SW0[4]     ; HEX0[5]     ; 4.470 ; 4.470 ; 4.470 ; 4.470 ;
; SW0[4]     ; HEX0[6]     ; 4.386 ; 4.386 ; 4.386 ; 4.386 ;
; SW0[4]     ; HEX1[0]     ; 3.991 ; 3.991 ; 3.991 ; 3.991 ;
; SW0[4]     ; HEX1[1]     ; 4.239 ; 4.239 ; 4.239 ; 4.239 ;
; SW0[4]     ; HEX1[2]     ; 3.985 ; 3.985 ; 3.985 ; 3.985 ;
; SW0[4]     ; HEX1[3]     ; 4.176 ; 4.176 ; 4.176 ; 4.176 ;
; SW0[4]     ; HEX1[4]     ; 4.242 ; 4.242 ; 4.242 ; 4.242 ;
; SW0[4]     ; HEX1[5]     ; 4.206 ; 4.206 ; 4.206 ; 4.206 ;
; SW0[4]     ; HEX1[6]     ; 4.180 ; 4.180 ; 4.180 ; 4.180 ;
; SW0[4]     ; HEX2[0]     ; 4.055 ; 4.197 ; 4.197 ; 4.055 ;
; SW0[4]     ; HEX2[1]     ; 3.230 ;       ;       ; 3.230 ;
; SW0[4]     ; HEX2[2]     ; 4.201 ; 4.059 ; 4.059 ; 4.201 ;
; SW0[4]     ; HEX2[3]     ; 4.056 ; 4.056 ; 4.056 ; 4.056 ;
; SW0[4]     ; HEX2[4]     ; 4.065 ; 4.207 ; 4.207 ; 4.065 ;
; SW0[4]     ; HEX2[5]     ; 4.196 ; 4.054 ; 4.054 ; 4.196 ;
; SW0[4]     ; HEX2[6]     ;       ; 4.039 ; 4.039 ;       ;
; SW0[5]     ; HEX0[0]     ; 4.245 ; 4.245 ; 4.245 ; 4.245 ;
; SW0[5]     ; HEX0[1]     ; 4.224 ; 4.224 ; 4.224 ; 4.224 ;
; SW0[5]     ; HEX0[2]     ; 4.122 ; 4.122 ; 4.122 ; 4.122 ;
; SW0[5]     ; HEX0[3]     ; 4.242 ; 4.242 ; 4.242 ; 4.242 ;
; SW0[5]     ; HEX0[4]     ; 4.101 ; 4.101 ; 4.101 ; 4.101 ;
; SW0[5]     ; HEX0[5]     ; 4.442 ; 4.442 ; 4.442 ; 4.442 ;
; SW0[5]     ; HEX0[6]     ; 4.354 ; 4.354 ; 4.354 ; 4.354 ;
; SW0[5]     ; HEX1[0]     ; 3.949 ; 3.867 ; 3.867 ; 3.949 ;
; SW0[5]     ; HEX1[1]     ; 4.121 ; 4.121 ; 4.121 ; 4.121 ;
; SW0[5]     ; HEX1[2]     ; 3.868 ; 3.977 ; 3.977 ; 3.868 ;
; SW0[5]     ; HEX1[3]     ; 4.058 ; 4.058 ; 4.058 ; 4.058 ;
; SW0[5]     ; HEX1[4]     ; 4.213 ; 4.124 ; 4.124 ; 4.213 ;
; SW0[5]     ; HEX1[5]     ; 4.089 ; 4.198 ; 4.198 ; 4.089 ;
; SW0[5]     ; HEX1[6]     ; 4.063 ; 4.063 ; 4.063 ; 4.063 ;
; SW0[5]     ; HEX2[0]     ; 3.994 ; 4.134 ; 4.134 ; 3.994 ;
; SW0[5]     ; HEX2[1]     ; 3.423 ;       ;       ; 3.423 ;
; SW0[5]     ; HEX2[2]     ; 4.141 ; 3.998 ; 3.998 ; 4.141 ;
; SW0[5]     ; HEX2[3]     ; 3.995 ; 3.995 ; 3.995 ; 3.995 ;
; SW0[5]     ; HEX2[4]     ; 4.004 ; 4.147 ; 4.147 ; 4.004 ;
; SW0[5]     ; HEX2[5]     ; 4.136 ; 3.993 ; 3.993 ; 4.136 ;
; SW0[5]     ; HEX2[6]     ;       ; 3.872 ; 3.872 ;       ;
; SW0[6]     ; HEX0[0]     ; 6.561 ; 6.561 ; 6.561 ; 6.561 ;
; SW0[6]     ; HEX0[1]     ; 6.540 ; 6.540 ; 6.540 ; 6.540 ;
; SW0[6]     ; HEX0[2]     ; 6.438 ; 6.438 ; 6.438 ; 6.438 ;
; SW0[6]     ; HEX0[3]     ; 6.558 ; 6.558 ; 6.558 ; 6.558 ;
; SW0[6]     ; HEX0[4]     ; 6.417 ; 6.417 ; 6.417 ; 6.417 ;
; SW0[6]     ; HEX0[5]     ; 6.758 ; 6.758 ; 6.758 ; 6.758 ;
; SW0[6]     ; HEX0[6]     ; 6.670 ; 6.670 ; 6.670 ; 6.670 ;
; SW0[6]     ; HEX1[0]     ; 6.401 ; 6.195 ; 6.195 ; 6.401 ;
; SW0[6]     ; HEX1[1]     ; 6.649 ; 6.443 ; 6.443 ; 6.649 ;
; SW0[6]     ; HEX1[2]     ; 6.388 ; 6.189 ; 6.189 ; 6.388 ;
; SW0[6]     ; HEX1[3]     ; 6.592 ; 6.380 ; 6.380 ; 6.592 ;
; SW0[6]     ; HEX1[4]     ; 6.653 ; 6.446 ; 6.446 ; 6.653 ;
; SW0[6]     ; HEX1[5]     ; 6.615 ; 6.410 ; 6.410 ; 6.615 ;
; SW0[6]     ; HEX1[6]     ; 6.384 ; 6.384 ; 6.384 ; 6.384 ;
; SW0[6]     ; HEX2[0]     ; 6.188 ; 6.266 ; 6.266 ; 6.188 ;
; SW0[6]     ; HEX2[1]     ; 5.604 ;       ;       ; 5.604 ;
; SW0[6]     ; HEX2[2]     ; 6.270 ; 6.192 ; 6.192 ; 6.270 ;
; SW0[6]     ; HEX2[3]     ; 6.189 ; 6.189 ; 6.189 ; 6.189 ;
; SW0[6]     ; HEX2[4]     ; 6.198 ; 6.276 ; 6.276 ; 6.198 ;
; SW0[6]     ; HEX2[5]     ; 6.265 ; 6.187 ; 6.187 ; 6.265 ;
; SW0[6]     ; HEX2[6]     ;       ; 5.992 ; 5.992 ;       ;
; SW0[7]     ; HEX0[0]     ; 6.717 ; 6.851 ; 6.851 ; 6.717 ;
; SW0[7]     ; HEX0[1]     ; 6.706 ; 6.706 ; 6.706 ; 6.706 ;
; SW0[7]     ; HEX0[2]     ; 6.608 ; 6.599 ; 6.599 ; 6.608 ;
; SW0[7]     ; HEX0[3]     ; 6.717 ; 6.717 ; 6.717 ; 6.717 ;
; SW0[7]     ; HEX0[4]     ; 6.573 ; 6.707 ; 6.707 ; 6.573 ;
; SW0[7]     ; HEX0[5]     ; 6.926 ; 6.915 ; 6.915 ; 6.926 ;
; SW0[7]     ; HEX0[6]     ; 6.831 ; 6.831 ; 6.831 ; 6.831 ;
; SW0[7]     ; HEX1[0]     ; 6.034 ; 5.966 ; 5.966 ; 6.034 ;
; SW0[7]     ; HEX1[1]     ; 6.282 ; 6.214 ; 6.214 ; 6.282 ;
; SW0[7]     ; HEX1[2]     ; 6.021 ; 5.960 ; 5.960 ; 6.021 ;
; SW0[7]     ; HEX1[3]     ; 6.225 ; 6.151 ; 6.151 ; 6.225 ;
; SW0[7]     ; HEX1[4]     ; 6.286 ; 6.217 ; 6.217 ; 6.286 ;
; SW0[7]     ; HEX1[5]     ; 6.248 ; 6.181 ; 6.181 ; 6.248 ;
; SW0[7]     ; HEX1[6]     ; 6.155 ; 6.155 ; 6.155 ; 6.155 ;
; SW0[7]     ; HEX2[0]     ; 6.220 ; 6.315 ; 6.315 ; 6.220 ;
; SW0[7]     ; HEX2[1]     ; 5.674 ;       ;       ; 5.674 ;
; SW0[7]     ; HEX2[2]     ; 6.484 ; 6.224 ; 6.224 ; 6.484 ;
; SW0[7]     ; HEX2[3]     ; 6.221 ; 6.221 ; 6.221 ; 6.221 ;
; SW0[7]     ; HEX2[4]     ; 6.230 ; 6.490 ; 6.490 ; 6.230 ;
; SW0[7]     ; HEX2[5]     ; 6.479 ; 6.219 ; 6.219 ; 6.479 ;
; SW0[7]     ; HEX2[6]     ;       ; 6.031 ; 6.031 ;       ;
; SW0[8]     ; HEX0[0]     ; 6.661 ; 6.836 ; 6.836 ; 6.661 ;
; SW0[8]     ; HEX0[1]     ; 6.657 ; 6.837 ; 6.837 ; 6.657 ;
; SW0[8]     ; HEX0[2]     ; 6.537 ; 6.776 ; 6.776 ; 6.537 ;
; SW0[8]     ; HEX0[3]     ; 6.671 ; 6.844 ; 6.844 ; 6.671 ;
; SW0[8]     ; HEX0[4]     ; 6.513 ; 6.692 ; 6.692 ; 6.513 ;
; SW0[8]     ; HEX0[5]     ; 6.855 ; 7.090 ; 7.090 ; 6.855 ;
; SW0[8]     ; HEX0[6]     ; 6.784 ; 6.784 ; 6.784 ; 6.784 ;
; SW0[8]     ; HEX1[0]     ; 6.183 ; 6.183 ; 6.183 ; 6.183 ;
; SW0[8]     ; HEX1[1]     ; 6.456 ; 6.477 ; 6.477 ; 6.456 ;
; SW0[8]     ; HEX1[2]     ; 6.212 ; 6.191 ; 6.191 ; 6.212 ;
; SW0[8]     ; HEX1[3]     ; 6.379 ; 6.379 ; 6.379 ; 6.379 ;
; SW0[8]     ; HEX1[4]     ; 6.447 ; 6.447 ; 6.447 ; 6.447 ;
; SW0[8]     ; HEX1[5]     ; 6.433 ; 6.412 ; 6.412 ; 6.433 ;
; SW0[8]     ; HEX1[6]     ; 6.386 ; 6.386 ; 6.386 ; 6.386 ;
; SW0[8]     ; HEX2[0]     ; 5.940 ; 5.940 ; 5.940 ; 5.940 ;
; SW0[8]     ; HEX2[1]     ; 6.112 ;       ;       ; 6.112 ;
; SW0[8]     ; HEX2[2]     ; 5.944 ; 5.944 ; 5.944 ; 5.944 ;
; SW0[8]     ; HEX2[3]     ; 5.941 ; 5.941 ; 5.941 ; 5.941 ;
; SW0[8]     ; HEX2[4]     ; 5.950 ; 5.950 ; 5.950 ; 5.950 ;
; SW0[8]     ; HEX2[5]     ; 5.939 ; 5.939 ; 5.939 ; 5.939 ;
; SW0[8]     ; HEX2[6]     ;       ; 6.106 ; 6.106 ;       ;
+------------+-------------+-------+-------+-------+-------+


-------------------
; Clock Transfers ;
-------------------
Nothing to report.


---------------
; Report TCCS ;
---------------
No dedicated SERDES Transmitter circuitry present in device or used in design


---------------
; Report RSKM ;
---------------
No dedicated SERDES Receiver circuitry present in device or used in design


+------------------------------------------------+
; Unconstrained Paths                            ;
+---------------------------------+-------+------+
; Property                        ; Setup ; Hold ;
+---------------------------------+-------+------+
; Illegal Clocks                  ; 0     ; 0    ;
; Unconstrained Clocks            ; 0     ; 0    ;
; Unconstrained Input Ports       ; 9     ; 9    ;
; Unconstrained Input Port Paths  ; 179   ; 179  ;
; Unconstrained Output Ports      ; 21    ; 21   ;
; Unconstrained Output Port Paths ; 179   ; 179  ;
+---------------------------------+-------+------+


+------------------------------------+
; TimeQuest Timing Analyzer Messages ;
+------------------------------------+
Info: *******************************************************************
Info: Running Quartus II 64-Bit TimeQuest Timing Analyzer
    Info: Version 13.0.0 Build 156 04/24/2013 SJ Web Edition
    Info: Processing started: Thu Jan 13 21:09:07 2022
Info: Command: quartus_sta baitap -c baitap
Info: qsta_default_script.tcl version: #1
Warning (20028): Parallel compilation is not licensed and has been disabled
Info (21077): Low junction temperature is 0 degrees C
Info (21077): High junction temperature is 85 degrees C
Critical Warning (332012): Synopsys Design Constraints File file not found: 'baitap.sdc'. A Synopsys Design Constraints File is required by the TimeQuest Timing Analyzer to get proper timing constraints. Without it, the Compiler will not properly optimize the design.
Info (332142): No user constrained base clocks found in the design. Calling "derive_clocks -period 1.0"
Info (332096): The command derive_clocks did not find any clocks to derive.  No clocks were created or changed.
Warning (332068): No clocks defined in design.
Info: Found TIMEQUEST_REPORT_SCRIPT_INCLUDE_DEFAULT_ANALYSIS = ON
Info (332159): No clocks to report
Info: Analyzing Slow Model
Info (332140): No fmax paths to report
Info (332140): No Setup paths to report
Info (332140): No Hold paths to report
Info (332140): No Recovery paths to report
Info (332140): No Removal paths to report
Info (332140): No Minimum Pulse Width paths to report
Info (332001): The selected device family is not supported by the report_metastability command.
Info: Analyzing Fast Model
Info (332142): No user constrained base clocks found in the design. Calling "derive_clocks -period 1.0"
Info (332096): The command derive_clocks did not find any clocks to derive.  No clocks were created or changed.
Warning (332068): No clocks defined in design.
Info (332140): No Setup paths to report
Info (332140): No Hold paths to report
Info (332140): No Recovery paths to report
Info (332140): No Removal paths to report
Info (332140): No Minimum Pulse Width paths to report
Info (332001): The selected device family is not supported by the report_metastability command.
Info (332102): Design is not fully constrained for setup requirements
Info (332102): Design is not fully constrained for hold requirements
Info: Quartus II 64-Bit TimeQuest Timing Analyzer was successful. 0 errors, 4 warnings
    Info: Peak virtual memory: 4578 megabytes
    Info: Processing ended: Thu Jan 13 21:09:09 2022
    Info: Elapsed time: 00:00:02
    Info: Total CPU time (on all processors): 00:00:02


