Flow report for bcd3digit
Sat Jun 12 21:37:52 2021
Quartus II 64-Bit Version 13.0.0 Build 156 04/24/2013 SJ Web Edition


---------------------
; Table of Contents ;
---------------------
  1. Legal Notice
  2. Flow Summary
  3. Flow Settings
  4. Flow Non-Default Global Settings
  5. Flow Elapsed Time
  6. Flow OS Summary
  7. Flow Log
  8. Flow Messages
  9. Flow Suppressed Messages



----------------
; Legal Notice ;
----------------
Copyright (C) 1991-2013 Altera Corporation
Your use of Altera Corporation's design tools, logic functions 
and other software and tools, and its AMPP partner logic 
functions, and any output files from any of the foregoing 
(including device programming or simulation files), and any 
associated documentation or information are expressly subject 
to the terms and conditions of the Altera Program License 
Subscription Agreement, Altera MegaCore Function License 
Agreement, or other applicable license agreement, including, 
without limitation, that your use is for the sole purpose of 
programming logic devices manufactured by Altera and sold by 
Altera or its authorized distributors.  Please refer to the 
applicable agreement for further details.



+---------------------------------------------------------------------------------+
; Flow Summary                                                                    ;
+------------------------------------+--------------------------------------------+
; Flow Status                        ; Successful - Sat Jun 12 21:37:52 2021      ;
; Quartus II 64-Bit Version          ; 13.0.0 Build 156 04/24/2013 SJ Web Edition ;
; Revision Name                      ; bcd3digit                                  ;
; Top-level Entity Name              ; bcd3digit                                  ;
; Family                             ; Cyclone II                                 ;
; Device                             ; EP2C35F672C6                               ;
; Timing Models                      ; Final                                      ;
; Total logic elements               ; 22 / 33,216 ( < 1 % )                      ;
;     Total combinational functions  ; 22 / 33,216 ( < 1 % )                      ;
;     Dedicated logic registers      ; 12 / 33,216 ( < 1 % )                      ;
; Total registers                    ; 12                                         ;
; Total pins                         ; 14 / 475 ( 3 % )                           ;
; Total virtual pins                 ; 0                                          ;
; Total memory bits                  ; 0 / 483,840 ( 0 % )                        ;
; Embedded Multiplier 9-bit elements ; 0 / 70 ( 0 % )                             ;
; Total PLLs                         ; 0 / 4 ( 0 % )                              ;
+------------------------------------+--------------------------------------------+


+-----------------------------------------+
; Flow Settings                           ;
+-------------------+---------------------+
; Option            ; Setting             ;
+-------------------+---------------------+
; Start date & time ; 06/02/2021 21:35:45 ;
; Main task         ; Compilation         ;
; Revision Name     ; bcd3digit           ;
+-------------------+---------------------+


+----------------------------------------------------------------------------------------------------------------------+
; Flow Non-Default Global Settings                                                                                     ;
+-------------------------------------+---------------------------------+---------------+-------------+----------------+
; Assignment Name                     ; Value                           ; Default Value ; Entity Name ; Section Id     ;
+-------------------------------------+---------------------------------+---------------+-------------+----------------+
; COMPILER_SIGNATURE_ID               ; 128120924887243.162264454411076 ; --            ; --          ; --             ;
; EDA_OUTPUT_DATA_FORMAT              ; Vhdl                            ; --            ; --          ; eda_simulation ;
; EDA_SIMULATION_TOOL                 ; ModelSim-Altera (VHDL)          ; <None>        ; --          ; --             ;
; MAX_CORE_JUNCTION_TEMP              ; 85                              ; --            ; --          ; --             ;
; MIN_CORE_JUNCTION_TEMP              ; 0                               ; --            ; --          ; --             ;
; PARTITION_COLOR                     ; 16764057                        ; --            ; --          ; Top            ;
; PARTITION_FITTER_PRESERVATION_LEVEL ; PLACEMENT_AND_ROUTING           ; --            ; --          ; Top            ;
; PARTITION_NETLIST_TYPE              ; SOURCE                          ; --            ; --          ; Top            ;
; PROJECT_OUTPUT_DIRECTORY            ; output_files                    ; --            ; --          ; --             ;
+-------------------------------------+---------------------------------+---------------+-------------+----------------+


+-------------------------------------------------------------------------------------------------------------------------------+
; Flow Elapsed Time                                                                                                             ;
+---------------------------+--------------+-------------------------+---------------------+------------------------------------+
; Module Name               ; Elapsed Time ; Average Processors Used ; Peak Virtual Memory ; Total CPU Time (on all processors) ;
+---------------------------+--------------+-------------------------+---------------------+------------------------------------+
; Analysis & Synthesis      ; 00:00:03     ; 1.0                     ; 4608 MB             ; 00:00:01                           ;
; Fitter                    ; 00:00:17     ; 1.0                     ; 4929 MB             ; 00:00:10                           ;
; Assembler                 ; 00:00:03     ; 1.0                     ; 4580 MB             ; 00:00:03                           ;
; TimeQuest Timing Analyzer ; 00:00:02     ; 1.0                     ; 4564 MB             ; 00:00:01                           ;
; EDA Netlist Writer        ; 00:00:01     ; 1.0                     ; 4532 MB             ; 00:00:01                           ;
; EDA Netlist Writer        ; 00:00:01     ; 1.0                     ; 4539 MB             ; 00:00:01                           ;
; EDA Netlist Writer        ; 00:00:01     ; 1.0                     ; 4539 MB             ; 00:00:01                           ;
; EDA Netlist Writer        ; 00:00:00     ; 1.0                     ; 4539 MB             ; 00:00:01                           ;
; EDA Netlist Writer        ; 00:00:00     ; 1.0                     ; 4539 MB             ; 00:00:01                           ;
; EDA Netlist Writer        ; 00:00:01     ; 1.0                     ; 4539 MB             ; 00:00:01                           ;
; EDA Netlist Writer        ; 00:00:03     ; 1.0                     ; 4539 MB             ; 00:00:01                           ;
; EDA Netlist Writer        ; 00:00:01     ; 1.0                     ; 4539 MB             ; 00:00:01                           ;
; EDA Netlist Writer        ; 00:00:01     ; 1.0                     ; 4539 MB             ; 00:00:01                           ;
; Total                     ; 00:00:34     ; --                      ; --                  ; 00:00:24                           ;
+---------------------------+--------------+-------------------------+---------------------+------------------------------------+


+----------------------------------------------------------------------------------------+
; Flow OS Summary                                                                        ;
+---------------------------+------------------+-----------+------------+----------------+
; Module Name               ; Machine Hostname ; OS Name   ; OS Version ; Processor type ;
+---------------------------+------------------+-----------+------------+----------------+
; Analysis & Synthesis      ; HUONG-PC         ; Windows 7 ; 6.2        ; x86_64         ;
; Fitter                    ; HUONG-PC         ; Windows 7 ; 6.2        ; x86_64         ;
; Assembler                 ; HUONG-PC         ; Windows 7 ; 6.2        ; x86_64         ;
; TimeQuest Timing Analyzer ; HUONG-PC         ; Windows 7 ; 6.2        ; x86_64         ;
; EDA Netlist Writer        ; HUONG-PC         ; Windows 7 ; 6.2        ; x86_64         ;
; EDA Netlist Writer        ; HUONG-PC         ; Windows 7 ; 6.2        ; x86_64         ;
; EDA Netlist Writer        ; HUONG-PC         ; Windows 7 ; 6.2        ; x86_64         ;
; EDA Netlist Writer        ; HUONG-PC         ; Windows 7 ; 6.2        ; x86_64         ;
; EDA Netlist Writer        ; HUONG-PC         ; Windows 7 ; 6.2        ; x86_64         ;
; EDA Netlist Writer        ; HUONG-PC         ; Windows 7 ; 6.2        ; x86_64         ;
; EDA Netlist Writer        ; HUONG-PC         ; Windows 7 ; 6.2        ; x86_64         ;
; EDA Netlist Writer        ; HUONG-PC         ; Windows 7 ; 6.2        ; x86_64         ;
; EDA Netlist Writer        ; HUONG-PC         ; Windows 7 ; 6.2        ; x86_64         ;
+---------------------------+------------------+-----------+------------+----------------+


------------
; Flow Log ;
------------
quartus_map --read_settings_files=on --write_settings_files=off bcd3digit -c bcd3digit
quartus_fit --read_settings_files=off --write_settings_files=off bcd3digit -c bcd3digit
quartus_asm --read_settings_files=off --write_settings_files=off bcd3digit -c bcd3digit
quartus_sta bcd3digit -c bcd3digit
quartus_eda --read_settings_files=off --write_settings_files=off bcd3digit -c bcd3digit
quartus_eda --gen_testbench --check_outputs=on --tool=modelsim_oem --format=verilog bcd3digit -c bcd3digit --vector_source="C:/Users/HUONG/Desktop/BT quartus/bcd 3 digit/Waveform.vwf" --testbench_file=./simulation/qsim/bcd3digit.vt
quartus_eda --functional=on --simulation=on --tool=modelsim_oem --format=verilog bcd3digit -c bcd3digit
quartus_eda --gen_testbench --check_outputs=on --tool=modelsim_oem --format=verilog bcd3digit -c bcd3digit --vector_source="C:/Users/HUONG/Desktop/BT quartus/bcd 3 digit/Waveform.vwf" --testbench_file=./simulation/qsim/bcd3digit.vt
quartus_eda --functional=on --simulation=on --tool=modelsim_oem --format=verilog bcd3digit -c bcd3digit
quartus_eda --gen_testbench --check_outputs=on --tool=modelsim_oem --format=verilog bcd3digit -c bcd3digit --vector_source="C:/Users/HUONG/Desktop/BT quartus/bcd 3 digit/Waveform1.vwf" --testbench_file=./simulation/qsim/bcd3digit.vt
quartus_eda --functional=on --simulation=on --tool=modelsim_oem --format=verilog bcd3digit -c bcd3digit
quartus_eda --gen_testbench --check_outputs=on --tool=modelsim_oem --format=verilog bcd3digit -c bcd3digit --vector_source="C:/Users/HUONG/Desktop/BT quartus/bcd 3 digit/Waveform2.vwf" --testbench_file=./simulation/qsim/bcd3digit.vt
quartus_eda --functional=on --simulation=on --tool=modelsim_oem --format=verilog bcd3digit -c bcd3digit



